
Processing configuration file C:\Lsd\Work\Artigo_Sintese_Esther_4\R\SA\Sim_31.lsd ...

Simulation 1 of 20 running...
Firm Deleted - Small Market Share
Simulation 1 of 20 finished at t = 600 (205.87 sec.)
Saving results in file C:\Lsd\Work\Artigo_Sintese_Esther_4\R\SA\Sim_31_601.res.gz... Done

Simulation 2 of 20 running...
Firm Deleted - Small Market Share
Firm Deleted - Small Market Share
Firm Deleted - Small Market Share
Simulation 2 of 20 finished at t = 600 (259.91 sec.)
Saving results in file C:\Lsd\Work\Artigo_Sintese_Esther_4\R\SA\Sim_31_602.res.gz... Done

Simulation 3 of 20 running...
Firm Deleted - Small Market Share
Firm Deleted - Small Market Share
Firm Deleted - High Debt
Firm Created
Firm Deleted - Small Market Share
Simulation 3 of 20 finished at t = 600 (264.28 sec.)
Saving results in file C:\Lsd\Work\Artigo_Sintese_Esther_4\R\SA\Sim_31_603.res.gz... Done

Simulation 4 of 20 running...
Firm Deleted - High Debt
Firm Created
Firm Deleted - High Debt
Firm Created
Simulation 4 of 20 finished at t = 600 (173.34 sec.)
Saving results in file C:\Lsd\Work\Artigo_Sintese_Esther_4\R\SA\Sim_31_604.res.gz... Done

Simulation 5 of 20 running...
Firm Deleted - Small Market Share
Firm Deleted - Small Market Share
Simulation 5 of 20 finished at t = 600 (244.72 sec.)
Saving results in file C:\Lsd\Work\Artigo_Sintese_Esther_4\R\SA\Sim_31_605.res.gz... Done

Simulation 6 of 20 running...
Firm Deleted - High Debt
Firm Created
Firm Deleted - Small Market Share
Simulation 6 of 20 finished at t = 600 (228.94 sec.)
Saving results in file C:\Lsd\Work\Artigo_Sintese_Esther_4\R\SA\Sim_31_606.res.gz... Done

Simulation 7 of 20 running...
Firm Deleted - Small Market Share
Firm Deleted - Small Market Share
Firm Deleted - Small Market Share
Firm Deleted - Small Market Share
Firm Deleted - Small Market Share
Simulation 7 of 20 finished at t = 600 (147.17 sec.)
Saving results in file C:\Lsd\Work\Artigo_Sintese_Esther_4\R\SA\Sim_31_607.res.gz... Done

Simulation 8 of 20 running...
Firm Deleted - Small Market Share
Simulation 8 of 20 finished at t = 600 (207.90 sec.)
Saving results in file C:\Lsd\Work\Artigo_Sintese_Esther_4\R\SA\Sim_31_608.res.gz... Done

Simulation 9 of 20 running...
Firm Deleted - Small Market Share
Simulation 9 of 20 finished at t = 600 (196.42 sec.)
Saving results in file C:\Lsd\Work\Artigo_Sintese_Esther_4\R\SA\Sim_31_609.res.gz... Done

Simulation 10 of 20 running...
Firm Deleted - Small Market Share
Simulation 10 of 20 finished at t = 600 (194.84 sec.)
Saving results in file C:\Lsd\Work\Artigo_Sintese_Esther_4\R\SA\Sim_31_610.res.gz... Done

Simulation 11 of 20 running...
Firm Deleted - Small Market Share
Simulation 11 of 20 finished at t = 600 (183.89 sec.)
Saving results in file C:\Lsd\Work\Artigo_Sintese_Esther_4\R\SA\Sim_31_611.res.gz... Done

Simulation 12 of 20 running...
Firm Deleted - Small Market Share
Firm Deleted - Small Market Share
Simulation 12 of 20 finished at t = 600 (225.62 sec.)
Saving results in file C:\Lsd\Work\Artigo_Sintese_Esther_4\R\SA\Sim_31_612.res.gz... Done

Simulation 13 of 20 running...
Firm Deleted - Small Market Share
Firm Deleted - Small Market Share
Firm Deleted - Small Market Share
Simulation 13 of 20 finished at t = 600 (147.97 sec.)
Saving results in file C:\Lsd\Work\Artigo_Sintese_Esther_4\R\SA\Sim_31_613.res.gz... Done

Simulation 14 of 20 running...
Firm Deleted - Small Market Share
Firm Deleted - Small Market Share
Firm Deleted - High Debt
Firm Created
Added B_K
Simulation 14 of 20 finished at t = 600 (207.56 sec.)
Saving results in file C:\Lsd\Work\Artigo_Sintese_Esther_4\R\SA\Sim_31_614.res.gz... Done

Simulation 15 of 20 running...
Firm Deleted - Small Market Share
Firm Deleted - Small Market Share
Simulation 15 of 20 finished at t = 600 (171.24 sec.)
Saving results in file C:\Lsd\Work\Artigo_Sintese_Esther_4\R\SA\Sim_31_615.res.gz... Done

Simulation 16 of 20 running...
Firm Deleted - Small Market Share
Firm Deleted - Small Market Share
Firm Deleted - Small Market Share
Simulation 16 of 20 finished at t = 600 (185.69 sec.)
Saving results in file C:\Lsd\Work\Artigo_Sintese_Esther_4\R\SA\Sim_31_616.res.gz... Done

Simulation 17 of 20 running...
Firm Deleted - Small Market Share
Simulation 17 of 20 finished at t = 600 (209.64 sec.)
Saving results in file C:\Lsd\Work\Artigo_Sintese_Esther_4\R\SA\Sim_31_617.res.gz... Done

Simulation 18 of 20 running...
Firm Deleted - Small Market Share
Firm Deleted - Small Market Share
Firm Deleted - Small Market Share
Firm Deleted - Small Market Share
Firm Deleted - Small Market Share
Simulation 18 of 20 finished at t = 600 (182.02 sec.)
Saving results in file C:\Lsd\Work\Artigo_Sintese_Esther_4\R\SA\Sim_31_618.res.gz... Done

Simulation 19 of 20 running...
Firm Deleted - Small Market Share
Firm Deleted - Small Market Share
Firm Deleted - Small Market Share
Simulation 19 of 20 finished at t = 600 (122.60 sec.)
Saving results in file C:\Lsd\Work\Artigo_Sintese_Esther_4\R\SA\Sim_31_619.res.gz... Done

Simulation 20 of 20 running...
Firm Deleted - Small Market Share
Firm Deleted - Small Market Share
Simulation 20 of 20 finished at t = 600 (111.46 sec.)
Saving results in file C:\Lsd\Work\Artigo_Sintese_Esther_4\R\SA\Sim_31_620.res.gz... Done

Saving totals in file C:\Lsd\Work\Artigo_Sintese_Esther_4\R\SA\Sim_31_601_620.tot.gz... Done
