
Processing configuration file C:\Lsd\Work\Artigo_Sintese_Esther_4\R\SA\Sim_17.lsd ...

Simulation 1 of 20 running...
Firm Deleted - Small Market Share
Firm Deleted - Small Market Share
Simulation 1 of 20 finished at t = 600 (216.39 sec.)
Saving results in file C:\Lsd\Work\Artigo_Sintese_Esther_4\R\SA\Sim_17_321.res.gz... Done

Simulation 2 of 20 running...
Firm Deleted - Small Market Share
Firm Deleted - Small Market Share
Firm Deleted - High Debt
Firm Deleted - Small Market Share
Firm Created
Firm Deleted - Small Market Share
Simulation 2 of 20 finished at t = 600 (211.89 sec.)
Saving results in file C:\Lsd\Work\Artigo_Sintese_Esther_4\R\SA\Sim_17_322.res.gz... Done

Simulation 3 of 20 running...
Firm Deleted - Small Market Share
Firm Deleted - Small Market Share
Firm Deleted - Small Market Share
Firm Deleted - Small Market Share
Simulation 3 of 20 finished at t = 600 (210.10 sec.)
Saving results in file C:\Lsd\Work\Artigo_Sintese_Esther_4\R\SA\Sim_17_323.res.gz... Done

Simulation 4 of 20 running...
Firm Deleted - all capital depreciated physically
Firm Deleted - Small Market Share
Firm Deleted - Small Market Share
Firm Deleted - Small Market Share
Firm Deleted - Small Market Share
Simulation 4 of 20 finished at t = 600 (206.30 sec.)
Saving results in file C:\Lsd\Work\Artigo_Sintese_Esther_4\R\SA\Sim_17_324.res.gz... Done

Simulation 5 of 20 running...
Firm Deleted - Small Market Share
Firm Deleted - Small Market Share
Firm Deleted - Small Market Share
Simulation 5 of 20 finished at t = 600 (209.14 sec.)
Saving results in file C:\Lsd\Work\Artigo_Sintese_Esther_4\R\SA\Sim_17_325.res.gz... Done

Simulation 6 of 20 running...
Firm Deleted - Small Market Share
Firm Deleted - High Debt
Firm Deleted - Small Market Share
Firm Created
Firm Deleted - Small Market Share
Firm Deleted - Small Market Share
Firm Deleted - Small Market Share
Firm Deleted - High Debt
Firm Created
Added B_K
Simulation 6 of 20 finished at t = 600 (209.59 sec.)
Saving results in file C:\Lsd\Work\Artigo_Sintese_Esther_4\R\SA\Sim_17_326.res.gz... Done

Simulation 7 of 20 running...
Firm Deleted - High Debt
Firm Deleted - Small Market Share
Firm Deleted - Small Market Share
Firm Created
Added B_K
Simulation 7 of 20 finished at t = 600 (209.72 sec.)
Saving results in file C:\Lsd\Work\Artigo_Sintese_Esther_4\R\SA\Sim_17_327.res.gz... Done

Simulation 8 of 20 running...
Firm Deleted - Small Market Share
Firm Deleted - High Debt
Firm Created
Simulation 8 of 20 finished at t = 600 (217.79 sec.)
Saving results in file C:\Lsd\Work\Artigo_Sintese_Esther_4\R\SA\Sim_17_328.res.gz... Done

Simulation 9 of 20 running...
Firm Deleted - Small Market Share
Firm Deleted - Small Market Share
Firm Deleted - High Debt
Firm Deleted - High Debt
Firm Created
Firm Created
Simulation 9 of 20 finished at t = 600 (213.38 sec.)
Saving results in file C:\Lsd\Work\Artigo_Sintese_Esther_4\R\SA\Sim_17_329.res.gz... Done

Simulation 10 of 20 running...
Firm Deleted - Small Market Share
Simulation 10 of 20 finished at t = 600 (215.46 sec.)
Saving results in file C:\Lsd\Work\Artigo_Sintese_Esther_4\R\SA\Sim_17_330.res.gz... Done

Simulation 11 of 20 running...
Firm Deleted - Small Market Share
Firm Deleted - Small Market Share
Firm Deleted - Small Market Share
Firm Deleted - High Debt
Firm Created
Simulation 11 of 20 finished at t = 600 (230.68 sec.)
Saving results in file C:\Lsd\Work\Artigo_Sintese_Esther_4\R\SA\Sim_17_331.res.gz... Done

Simulation 12 of 20 running...
Firm Deleted - Small Market Share
Firm Deleted - Small Market Share
Simulation 12 of 20 finished at t = 600 (209.77 sec.)
Saving results in file C:\Lsd\Work\Artigo_Sintese_Esther_4\R\SA\Sim_17_332.res.gz... Done

Simulation 13 of 20 running...
Firm Deleted - Small Market Share
Firm Deleted - Small Market Share
Firm Deleted - Small Market Share
Firm Deleted - Small Market Share
Simulation 13 of 20 finished at t = 600 (157.53 sec.)
Saving results in file C:\Lsd\Work\Artigo_Sintese_Esther_4\R\SA\Sim_17_333.res.gz... Done

Simulation 14 of 20 running...
Firm Deleted - Small Market Share
Firm Deleted - High Debt
Firm Created
Simulation 14 of 20 finished at t = 600 (81.78 sec.)
Saving results in file C:\Lsd\Work\Artigo_Sintese_Esther_4\R\SA\Sim_17_334.res.gz... Done

Simulation 15 of 20 running...
Firm Deleted - Small Market Share
Firm Deleted - all capital depreciated physically
Firm Deleted - all capital depreciated physically
Simulation 15 of 20 finished at t = 600 (80.51 sec.)
Saving results in file C:\Lsd\Work\Artigo_Sintese_Esther_4\R\SA\Sim_17_335.res.gz... Done

Simulation 16 of 20 running...
Firm Deleted - High Debt
Firm Deleted - Small Market Share
Firm Created
Added B_K
Firm Deleted - Small Market Share
Simulation 16 of 20 finished at t = 600 (83.64 sec.)
Saving results in file C:\Lsd\Work\Artigo_Sintese_Esther_4\R\SA\Sim_17_336.res.gz... Done

Simulation 17 of 20 running...
Firm Deleted - Small Market Share
Firm Deleted - Small Market Share
Firm Deleted - Small Market Share
Firm Deleted - High Debt
Firm Created
Simulation 17 of 20 finished at t = 600 (81.12 sec.)
Saving results in file C:\Lsd\Work\Artigo_Sintese_Esther_4\R\SA\Sim_17_337.res.gz... Done

Simulation 18 of 20 running...
Firm Deleted - Small Market Share
Firm Deleted - Small Market Share
Firm Deleted - Small Market Share
Firm Deleted - Small Market Share
Simulation 18 of 20 finished at t = 600 (81.67 sec.)
Saving results in file C:\Lsd\Work\Artigo_Sintese_Esther_4\R\SA\Sim_17_338.res.gz... Done

Simulation 19 of 20 running...
Firm Deleted - Small Market Share
Firm Deleted - Small Market Share
Simulation 19 of 20 finished at t = 600 (84.19 sec.)
Saving results in file C:\Lsd\Work\Artigo_Sintese_Esther_4\R\SA\Sim_17_339.res.gz... Done

Simulation 20 of 20 running...
Firm Deleted - Small Market Share
Simulation 20 of 20 finished at t = 600 (82.79 sec.)
Saving results in file C:\Lsd\Work\Artigo_Sintese_Esther_4\R\SA\Sim_17_340.res.gz... Done

Saving totals in file C:\Lsd\Work\Artigo_Sintese_Esther_4\R\SA\Sim_17_321_340.tot.gz... Done

Processing configuration file C:\Lsd\Work\Artigo_Sintese_Esther_4\R\SA\Sim_18.lsd ...

Simulation 1 of 20 running...
Firm Deleted - Small Market Share
Firm Deleted - Small Market Share
Firm Deleted - Small Market Share
Firm Deleted - Small Market Share
Simulation 1 of 20 finished at t = 600 (80.72 sec.)
Saving results in file C:\Lsd\Work\Artigo_Sintese_Esther_4\R\SA\Sim_18_341.res.gz... Done

Simulation 2 of 20 running...
Firm Deleted - Small Market Share
Firm Deleted - Small Market Share
Firm Deleted - Small Market Share
Firm Deleted - Small Market Share
Firm Deleted - Small Market Share
Firm Deleted - Small Market Share
Firm Deleted - Small Market Share
Simulation 2 of 20 finished at t = 600 (78.86 sec.)
Saving results in file C:\Lsd\Work\Artigo_Sintese_Esther_4\R\SA\Sim_18_342.res.gz... Done

Simulation 3 of 20 running...
Firm Deleted - Small Market Share
Firm Deleted - Small Market Share
Firm Deleted - Small Market Share
Simulation 3 of 20 finished at t = 600 (87.59 sec.)
Saving results in file C:\Lsd\Work\Artigo_Sintese_Esther_4\R\SA\Sim_18_343.res.gz... Done

Simulation 4 of 20 running...
Firm Deleted - Small Market Share
Firm Deleted - Small Market Share
Firm Deleted - Small Market Share
Firm Deleted - Small Market Share
Firm Deleted - Small Market Share
Firm Deleted - High Debt
Firm Created
Added B_K
Simulation 4 of 20 finished at t = 600 (78.86 sec.)
Saving results in file C:\Lsd\Work\Artigo_Sintese_Esther_4\R\SA\Sim_18_344.res.gz... Done

Simulation 5 of 20 running...
Firm Deleted - Small Market Share
Firm Deleted - Small Market Share
Firm Deleted - High Debt
Firm Deleted - Small Market Share
Firm Created
Added B_K
Firm Deleted - High Debt
Firm Created
Firm Deleted - Small Market Share
Simulation 5 of 20 finished at t = 600 (82.98 sec.)
Saving results in file C:\Lsd\Work\Artigo_Sintese_Esther_4\R\SA\Sim_18_345.res.gz... Done

Simulation 6 of 20 running...
Firm Deleted - Small Market Share
Firm Deleted - Small Market Share
Simulation 6 of 20 finished at t = 600 (84.25 sec.)
Saving results in file C:\Lsd\Work\Artigo_Sintese_Esther_4\R\SA\Sim_18_346.res.gz... Done

Simulation 7 of 20 running...
Firm Deleted - Small Market Share
Firm Deleted - Small Market Share
Firm Deleted - Small Market Share
Firm Deleted - Small Market Share
Firm Deleted - Small Market Share
Firm Deleted - Small Market Share
Simulation 7 of 20 finished at t = 600 (77.59 sec.)
Saving results in file C:\Lsd\Work\Artigo_Sintese_Esther_4\R\SA\Sim_18_347.res.gz... Done

Simulation 8 of 20 running...
Firm Deleted - Small Market Share
Firm Deleted - Small Market Share
Firm Deleted - Small Market Share
Firm Deleted - Small Market Share
Firm Deleted - High Debt
Firm Created
Added B_K
Simulation 8 of 20 finished at t = 600 (79.22 sec.)
Saving results in file C:\Lsd\Work\Artigo_Sintese_Esther_4\R\SA\Sim_18_348.res.gz... Done

Simulation 9 of 20 running...
Firm Deleted - Small Market Share
Firm Deleted - Small Market Share
Firm Deleted - Small Market Share
Firm Deleted - Small Market Share
Firm Deleted - High Debt
Firm Created
Firm Deleted - Small Market Share
Firm Deleted - Small Market Share
Simulation 9 of 20 finished at t = 600 (79.29 sec.)
Saving results in file C:\Lsd\Work\Artigo_Sintese_Esther_4\R\SA\Sim_18_349.res.gz... Done

Simulation 10 of 20 running...
Firm Deleted - Small Market Share
Firm Deleted - Small Market Share
Simulation 10 of 20 finished at t = 600 (84.33 sec.)
Saving results in file C:\Lsd\Work\Artigo_Sintese_Esther_4\R\SA\Sim_18_350.res.gz... Done

Simulation 11 of 20 running...
Firm Deleted - Small Market Share
Firm Deleted - High Debt
Firm Created
Added B_K
Firm Deleted - Small Market Share
Firm Deleted - Small Market Share
Simulation 11 of 20 finished at t = 600 (80.10 sec.)
Saving results in file C:\Lsd\Work\Artigo_Sintese_Esther_4\R\SA\Sim_18_351.res.gz... Done

Simulation 12 of 20 running...
Firm Deleted - Small Market Share
Firm Deleted - Small Market Share
Firm Deleted - High Debt
Firm Deleted - Small Market Share
Firm Deleted - Small Market Share
Firm Deleted - Small Market Share
Firm Created
Added B_K
Firm Deleted - Small Market Share
Simulation 12 of 20 finished at t = 600 (78.96 sec.)
Saving results in file C:\Lsd\Work\Artigo_Sintese_Esther_4\R\SA\Sim_18_352.res.gz... Done

Simulation 13 of 20 running...
Firm Deleted - Small Market Share
Firm Deleted - Small Market Share
Firm Deleted - Small Market Share
Firm Deleted - High Debt
Firm Deleted - Small Market Share
Firm Deleted - Small Market Share
Firm Created
Added B_K
Firm Deleted - Small Market Share
Simulation 13 of 20 finished at t = 600 (79.80 sec.)
Saving results in file C:\Lsd\Work\Artigo_Sintese_Esther_4\R\SA\Sim_18_353.res.gz... Done

Simulation 14 of 20 running...
Firm Deleted - Small Market Share
Firm Deleted - High Debt
Firm Created
Firm Deleted - Small Market Share
Firm Deleted - Small Market Share
Firm Deleted - Small Market Share
Firm Deleted - Small Market Share
Firm Deleted - Small Market Share
Simulation 14 of 20 finished at t = 600 (81.86 sec.)
Saving results in file C:\Lsd\Work\Artigo_Sintese_Esther_4\R\SA\Sim_18_354.res.gz... Done

Simulation 15 of 20 running...
Firm Deleted - Small Market Share
Firm Deleted - Small Market Share
Firm Deleted - Small Market Share
Firm Deleted - Small Market Share
Firm Deleted - Small Market Share
Firm Deleted - Small Market Share
Firm Deleted - Small Market Share
Simulation 15 of 20 finished at t = 600 (83.61 sec.)
Saving results in file C:\Lsd\Work\Artigo_Sintese_Esther_4\R\SA\Sim_18_355.res.gz... Done

Simulation 16 of 20 running...
Firm Deleted - Small Market Share
Firm Deleted - Small Market Share
Firm Deleted - Small Market Share
Firm Deleted - Small Market Share
Firm Deleted - Small Market Share
Firm Deleted - High Debt
Firm Created
Simulation 16 of 20 finished at t = 600 (79.87 sec.)
Saving results in file C:\Lsd\Work\Artigo_Sintese_Esther_4\R\SA\Sim_18_356.res.gz... Done

Simulation 17 of 20 running...
Firm Deleted - Small Market Share
Firm Deleted - Small Market Share
Firm Deleted - Small Market Share
Firm Deleted - Small Market Share
Firm Deleted - Small Market Share
Firm Deleted - Small Market Share
Firm Deleted - High Debt
Firm Created
Added B_K
Firm Deleted - Small Market Share
Simulation 17 of 20 finished at t = 600 (81.16 sec.)
Saving results in file C:\Lsd\Work\Artigo_Sintese_Esther_4\R\SA\Sim_18_357.res.gz... Done

Simulation 18 of 20 running...
Firm Deleted - Small Market Share
Firm Deleted - Small Market Share
Firm Deleted - Small Market Share
Firm Deleted - Small Market Share
Firm Deleted - Small Market Share
Firm Deleted - Small Market Share
Firm Deleted - Small Market Share
Simulation 18 of 20 finished at t = 600 (80.75 sec.)
Saving results in file C:\Lsd\Work\Artigo_Sintese_Esther_4\R\SA\Sim_18_358.res.gz... Done

Simulation 19 of 20 running...
Firm Deleted - Small Market Share
Firm Deleted - Small Market Share
Firm Deleted - Small Market Share
Firm Deleted - Small Market Share
Firm Deleted - Small Market Share
Firm Deleted - Small Market Share
Simulation 19 of 20 finished at t = 600 (88.03 sec.)
Saving results in file C:\Lsd\Work\Artigo_Sintese_Esther_4\R\SA\Sim_18_359.res.gz... Done

Simulation 20 of 20 running...
Firm Deleted - Small Market Share
Firm Deleted - Small Market Share
Firm Deleted - Small Market Share
Firm Deleted - Small Market Share
Firm Deleted - Small Market Share
Firm Deleted - Small Market Share
Firm Deleted - High Debt
Firm Deleted - Small Market Share
Firm Created
Added B_K
Simulation 20 of 20 finished at t = 600 (80.74 sec.)
Saving results in file C:\Lsd\Work\Artigo_Sintese_Esther_4\R\SA\Sim_18_360.res.gz... Done

Saving totals in file C:\Lsd\Work\Artigo_Sintese_Esther_4\R\SA\Sim_18_341_360.tot.gz... Done

Processing configuration file C:\Lsd\Work\Artigo_Sintese_Esther_4\R\SA\Sim_19.lsd ...

Simulation 1 of 20 running...
Firm Deleted - Small Market Share
Firm Deleted - Small Market Share
Firm Deleted - Small Market Share
Firm Deleted - Small Market Share
Firm Deleted - Small Market Share
Firm Deleted - Small Market Share
Firm Deleted - Small Market Share
Firm Deleted - Small Market Share
Firm Deleted - Small Market Share
Firm Deleted - Small Market Share
Firm Deleted - Small Market Share
Firm Deleted - Small Market Share
Firm Deleted - Small Market Share
Firm Deleted - Small Market Share
Firm Deleted - Small Market Share
Simulation 1 of 20 finished at t = 600 (71.45 sec.)
Saving results in file C:\Lsd\Work\Artigo_Sintese_Esther_4\R\SA\Sim_19_361.res.gz... Done

Simulation 2 of 20 running...
Firm Deleted - Small Market Share
Firm Deleted - Small Market Share
Firm Deleted - Small Market Share
Firm Deleted - Small Market Share
Firm Deleted - Small Market Share
Firm Deleted - Small Market Share
Firm Deleted - Small Market Share
Firm Deleted - Small Market Share
Firm Deleted - Small Market Share
Firm Deleted - Small Market Share
Firm Deleted - Small Market Share
Firm Deleted - Small Market Share
Firm Deleted - Small Market Share
Firm Deleted - Small Market Share
Firm Deleted - Small Market Share
Firm Deleted - Small Market Share
Firm Deleted - Small Market Share
Simulation 2 of 20 finished at t = 600 (65.53 sec.)
Saving results in file C:\Lsd\Work\Artigo_Sintese_Esther_4\R\SA\Sim_19_362.res.gz... Done

Simulation 3 of 20 running...
Firm Deleted - Small Market Share
Firm Deleted - Small Market Share
Firm Deleted - Small Market Share
Firm Deleted - Small Market Share
Firm Deleted - Small Market Share
Firm Deleted - Small Market Share
Firm Deleted - Small Market Share
Firm Deleted - Small Market Share
Firm Deleted - Small Market Share
Firm Deleted - Small Market Share
Firm Deleted - Small Market Share
Firm Deleted - Small Market Share
Firm Deleted - Small Market Share
Firm Deleted - Small Market Share
Simulation 3 of 20 finished at t = 600 (71.89 sec.)
Saving results in file C:\Lsd\Work\Artigo_Sintese_Esther_4\R\SA\Sim_19_363.res.gz... Done

Simulation 4 of 20 running...
Firm Deleted - Small Market Share
Firm Deleted - Small Market Share
Firm Deleted - Small Market Share
Firm Deleted - Small Market Share
Firm Deleted - Small Market Share
Firm Deleted - Small Market Share
Firm Deleted - Small Market Share
Firm Deleted - Small Market Share
Firm Deleted - Small Market Share
Firm Deleted - Small Market Share
Firm Deleted - Small Market Share
Firm Deleted - Small Market Share
Simulation 4 of 20 finished at t = 600 (72.28 sec.)
Saving results in file C:\Lsd\Work\Artigo_Sintese_Esther_4\R\SA\Sim_19_364.res.gz... Done

Simulation 5 of 20 running...
Firm Deleted - Small Market Share
Firm Deleted - Small Market Share
Firm Deleted - Small Market Share
Firm Deleted - Small Market Share
Firm Deleted - Small Market Share
Firm Deleted - Small Market Share
Firm Deleted - Small Market Share
Firm Deleted - Small Market Share
Firm Deleted - Small Market Share
Firm Deleted - Small Market Share
Firm Deleted - Small Market Share
Firm Deleted - Small Market Share
Firm Deleted - Small Market Share
Firm Deleted - Small Market Share
Simulation 5 of 20 finished at t = 600 (59.20 sec.)
Saving results in file C:\Lsd\Work\Artigo_Sintese_Esther_4\R\SA\Sim_19_365.res.gz... Done

Simulation 6 of 20 running...
Firm Deleted - Small Market Share
Firm Deleted - Small Market Share
Firm Deleted - Small Market Share
Firm Deleted - Small Market Share
Firm Deleted - Small Market Share
Firm Deleted - Small Market Share
Firm Deleted - Small Market Share
Firm Deleted - Small Market Share
Firm Deleted - Small Market Share
Firm Deleted - Small Market Share
Firm Deleted - Small Market Share
Firm Deleted - Small Market Share
Firm Deleted - Small Market Share
Firm Deleted - Small Market Share
Firm Deleted - Small Market Share
Simulation 6 of 20 finished at t = 600 (55.63 sec.)
Saving results in file C:\Lsd\Work\Artigo_Sintese_Esther_4\R\SA\Sim_19_366.res.gz... Done

Simulation 7 of 20 running...
Firm Deleted - Small Market Share
Firm Deleted - Small Market Share
Firm Deleted - Small Market Share
Firm Deleted - Small Market Share
Firm Deleted - Small Market Share
Firm Deleted - Small Market Share
Firm Deleted - Small Market Share
Firm Deleted - Small Market Share
Firm Deleted - Small Market Share
Firm Deleted - Small Market Share
Firm Deleted - Small Market Share
Firm Deleted - Small Market Share
Firm Deleted - Small Market Share
Firm Deleted - Small Market Share
Firm Deleted - Small Market Share
Firm Deleted - Small Market Share
Simulation 7 of 20 finished at t = 600 (55.66 sec.)
Saving results in file C:\Lsd\Work\Artigo_Sintese_Esther_4\R\SA\Sim_19_367.res.gz... Done

Simulation 8 of 20 running...
Firm Deleted - Small Market Share
Firm Deleted - Small Market Share
Firm Deleted - Small Market Share
Firm Deleted - Small Market Share
Firm Deleted - Small Market Share
Firm Deleted - Small Market Share
Firm Deleted - Small Market Share
Firm Deleted - Small Market Share
Firm Deleted - Small Market Share
Firm Deleted - Small Market Share
Firm Deleted - Small Market Share
Firm Deleted - Small Market Share
Firm Deleted - Small Market Share
Firm Deleted - Small Market Share
Firm Deleted - Small Market Share
Firm Deleted - Small Market Share
Firm Deleted - Small Market Share
Simulation 8 of 20 finished at t = 600 (55.50 sec.)
Saving results in file C:\Lsd\Work\Artigo_Sintese_Esther_4\R\SA\Sim_19_368.res.gz... Done

Simulation 9 of 20 running...
Firm Deleted - Small Market Share
Firm Deleted - Small Market Share
Firm Deleted - Small Market Share
Firm Deleted - Small Market Share
Firm Deleted - Small Market Share
Firm Deleted - Small Market Share
Firm Deleted - Small Market Share
Firm Deleted - Small Market Share
Firm Deleted - Small Market Share
Firm Deleted - Small Market Share
Firm Deleted - Small Market Share
Firm Deleted - Small Market Share
Firm Deleted - Small Market Share
Firm Deleted - Small Market Share
Firm Deleted - Small Market Share
Firm Deleted - Small Market Share
Firm Deleted - Small Market Share
Simulation 9 of 20 finished at t = 600 (56.32 sec.)
Saving results in file C:\Lsd\Work\Artigo_Sintese_Esther_4\R\SA\Sim_19_369.res.gz... Done

Simulation 10 of 20 running...
Firm Deleted - Small Market Share
Firm Deleted - Small Market Share
Firm Deleted - Small Market Share
Firm Deleted - Small Market Share
Firm Deleted - Small Market Share
Firm Deleted - Small Market Share
Firm Deleted - Small Market Share
Firm Deleted - Small Market Share
Firm Deleted - Small Market Share
Firm Deleted - Small Market Share
Firm Deleted - Small Market Share
Firm Deleted - Small Market Share
Simulation 10 of 20 finished at t = 600 (80.14 sec.)
Saving results in file C:\Lsd\Work\Artigo_Sintese_Esther_4\R\SA\Sim_19_370.res.gz... Done

Simulation 11 of 20 running...
Firm Deleted - Small Market Share
Firm Deleted - Small Market Share
Firm Deleted - Small Market Share
Firm Deleted - Small Market Share
Firm Deleted - Small Market Share
Firm Deleted - Small Market Share
Firm Deleted - Small Market Share
Firm Deleted - Small Market Share
Firm Deleted - Small Market Share
Firm Deleted - Small Market Share
Firm Deleted - Small Market Share
Firm Deleted - Small Market Share
Simulation 11 of 20 finished at t = 600 (68.41 sec.)
Saving results in file C:\Lsd\Work\Artigo_Sintese_Esther_4\R\SA\Sim_19_371.res.gz... Done

Simulation 12 of 20 running...
Firm Deleted - Small Market Share
Firm Deleted - Small Market Share
Firm Deleted - Small Market Share
Firm Deleted - Small Market Share
Firm Deleted - Small Market Share
Firm Deleted - Small Market Share
Firm Deleted - Small Market Share
Firm Deleted - Small Market Share
Firm Deleted - Small Market Share
Firm Deleted - Small Market Share
Firm Deleted - Small Market Share
Firm Deleted - Small Market Share
Firm Deleted - Small Market Share
Firm Deleted - Small Market Share
Firm Deleted - Small Market Share
Firm Deleted - Small Market Share
Firm Deleted - Small Market Share
Firm Deleted - Small Market Share
Simulation 12 of 20 finished at t = 600 (56.54 sec.)
Saving results in file C:\Lsd\Work\Artigo_Sintese_Esther_4\R\SA\Sim_19_372.res.gz... Done

Simulation 13 of 20 running...
Firm Deleted - Small Market Share
Firm Deleted - Small Market Share
Firm Deleted - Small Market Share
Firm Deleted - Small Market Share
Firm Deleted - Small Market Share
Firm Deleted - Small Market Share
Firm Deleted - Small Market Share
Firm Deleted - Small Market Share
Firm Deleted - Small Market Share
Firm Deleted - Small Market Share
Firm Deleted - Small Market Share
Firm Deleted - Small Market Share
Firm Deleted - Small Market Share
Firm Deleted - Small Market Share
Firm Deleted - Small Market Share
Simulation 13 of 20 finished at t = 600 (61.02 sec.)
Saving results in file C:\Lsd\Work\Artigo_Sintese_Esther_4\R\SA\Sim_19_373.res.gz... Done

Simulation 14 of 20 running...
Firm Deleted - Small Market Share
Firm Deleted - Small Market Share
Firm Deleted - Small Market Share
Firm Deleted - Small Market Share
Firm Deleted - Small Market Share
Firm Deleted - Small Market Share
Firm Deleted - Small Market Share
Firm Deleted - Small Market Share
Firm Deleted - Small Market Share
Firm Deleted - Small Market Share
Firm Deleted - Small Market Share
Firm Deleted - Small Market Share
Firm Deleted - Small Market Share
Firm Deleted - Small Market Share
Firm Deleted - Small Market Share
Firm Deleted - Small Market Share
Firm Deleted - Small Market Share
Simulation 14 of 20 finished at t = 600 (58.28 sec.)
Saving results in file C:\Lsd\Work\Artigo_Sintese_Esther_4\R\SA\Sim_19_374.res.gz... Done

Simulation 15 of 20 running...
Firm Deleted - Small Market Share
Firm Deleted - Small Market Share
Firm Deleted - Small Market Share
Firm Deleted - Small Market Share
Firm Deleted - Small Market Share
Firm Deleted - Small Market Share
Firm Deleted - Small Market Share
Firm Deleted - Small Market Share
Firm Deleted - Small Market Share
Firm Deleted - Small Market Share
Firm Deleted - Small Market Share
Firm Deleted - Small Market Share
Firm Deleted - Small Market Share
Firm Deleted - Small Market Share
Firm Deleted - Small Market Share
Firm Deleted - Small Market Share
Simulation 15 of 20 finished at t = 600 (69.79 sec.)
Saving results in file C:\Lsd\Work\Artigo_Sintese_Esther_4\R\SA\Sim_19_375.res.gz... Done

Simulation 16 of 20 running...
Firm Deleted - Small Market Share
Firm Deleted - Small Market Share
Firm Deleted - Small Market Share
Firm Deleted - Small Market Share
Firm Deleted - Small Market Share
Firm Deleted - Small Market Share
Firm Deleted - Small Market Share
Firm Deleted - Small Market Share
Firm Deleted - Small Market Share
Firm Deleted - Small Market Share
Firm Deleted - Small Market Share
Firm Deleted - Small Market Share
Firm Deleted - Small Market Share
Firm Deleted - Small Market Share
Simulation 16 of 20 finished at t = 600 (64.48 sec.)
Saving results in file C:\Lsd\Work\Artigo_Sintese_Esther_4\R\SA\Sim_19_376.res.gz... Done

Simulation 17 of 20 running...
Firm Deleted - Small Market Share
Firm Deleted - Small Market Share
Firm Deleted - Small Market Share
Firm Deleted - Small Market Share
Firm Deleted - Small Market Share
Firm Deleted - Small Market Share
Firm Deleted - Small Market Share
Firm Deleted - Small Market Share
Firm Deleted - Small Market Share
Firm Deleted - Small Market Share
Firm Deleted - Small Market Share
Firm Deleted - Small Market Share
Firm Deleted - Small Market Share
Firm Deleted - Small Market Share
Firm Deleted - Small Market Share
Simulation 17 of 20 finished at t = 600 (59.26 sec.)
Saving results in file C:\Lsd\Work\Artigo_Sintese_Esther_4\R\SA\Sim_19_377.res.gz... Done

Simulation 18 of 20 running...
Firm Deleted - Small Market Share
Firm Deleted - Small Market Share
Firm Deleted - Small Market Share
Firm Deleted - Small Market Share
Firm Deleted - Small Market Share
Firm Deleted - Small Market Share
Firm Deleted - Small Market Share
Firm Deleted - Small Market Share
Firm Deleted - Small Market Share
Firm Deleted - Small Market Share
Firm Deleted - Small Market Share
Firm Deleted - Small Market Share
Firm Deleted - Small Market Share
Firm Deleted - Small Market Share
Firm Deleted - Small Market Share
Firm Deleted - Small Market Share
Simulation 18 of 20 finished at t = 600 (53.20 sec.)
Saving results in file C:\Lsd\Work\Artigo_Sintese_Esther_4\R\SA\Sim_19_378.res.gz... Done

Simulation 19 of 20 running...
Firm Deleted - Small Market Share
Firm Deleted - Small Market Share
Firm Deleted - Small Market Share
Firm Deleted - Small Market Share
Firm Deleted - Small Market Share
Firm Deleted - Small Market Share
Firm Deleted - Small Market Share
Firm Deleted - Small Market Share
Firm Deleted - Small Market Share
Firm Deleted - Small Market Share
Firm Deleted - Small Market Share
Firm Deleted - Small Market Share
Firm Deleted - Small Market Share
Firm Deleted - Small Market Share
Firm Deleted - Small Market Share
Simulation 19 of 20 finished at t = 600 (56.88 sec.)
Saving results in file C:\Lsd\Work\Artigo_Sintese_Esther_4\R\SA\Sim_19_379.res.gz... Done

Simulation 20 of 20 running...
Firm Deleted - Small Market Share
Firm Deleted - Small Market Share
Firm Deleted - Small Market Share
Firm Deleted - Small Market Share
Firm Deleted - Small Market Share
Firm Deleted - Small Market Share
Firm Deleted - Small Market Share
Firm Deleted - Small Market Share
Firm Deleted - Small Market Share
Firm Deleted - Small Market Share
Firm Deleted - Small Market Share
Firm Deleted - Small Market Share
Firm Deleted - Small Market Share
Firm Deleted - Small Market Share
Firm Deleted - Small Market Share
Simulation 20 of 20 finished at t = 600 (66.74 sec.)
Saving results in file C:\Lsd\Work\Artigo_Sintese_Esther_4\R\SA\Sim_19_380.res.gz... Done

Saving totals in file C:\Lsd\Work\Artigo_Sintese_Esther_4\R\SA\Sim_19_361_380.tot.gz... Done

Processing configuration file C:\Lsd\Work\Artigo_Sintese_Esther_4\R\SA\Sim_20.lsd ...

Simulation 1 of 20 running...
Simulation 1 of 20 finished at t = 600 (72.70 sec.)
Saving results in file C:\Lsd\Work\Artigo_Sintese_Esther_4\R\SA\Sim_20_381.res.gz... Done

Simulation 2 of 20 running...
Simulation 2 of 20 finished at t = 600 (71.20 sec.)
Saving results in file C:\Lsd\Work\Artigo_Sintese_Esther_4\R\SA\Sim_20_382.res.gz... Done

Simulation 3 of 20 running...
Firm Deleted - Small Market Share
Simulation 3 of 20 finished at t = 600 (72.19 sec.)
Saving results in file C:\Lsd\Work\Artigo_Sintese_Esther_4\R\SA\Sim_20_383.res.gz... Done

Simulation 4 of 20 running...
Firm Deleted - Small Market Share
Simulation 4 of 20 finished at t = 600 (72.72 sec.)
Saving results in file C:\Lsd\Work\Artigo_Sintese_Esther_4\R\SA\Sim_20_384.res.gz... Done

Simulation 5 of 20 running...
Simulation 5 of 20 finished at t = 600 (72.27 sec.)
Saving results in file C:\Lsd\Work\Artigo_Sintese_Esther_4\R\SA\Sim_20_385.res.gz... Done

Simulation 6 of 20 running...
Simulation 6 of 20 finished at t = 600 (72.34 sec.)
Saving results in file C:\Lsd\Work\Artigo_Sintese_Esther_4\R\SA\Sim_20_386.res.gz... Done

Simulation 7 of 20 running...
Simulation 7 of 20 finished at t = 600 (73.59 sec.)
Saving results in file C:\Lsd\Work\Artigo_Sintese_Esther_4\R\SA\Sim_20_387.res.gz... Done

Simulation 8 of 20 running...
Firm Deleted - High Debt
Firm Created
Simulation 8 of 20 finished at t = 600 (71.72 sec.)
Saving results in file C:\Lsd\Work\Artigo_Sintese_Esther_4\R\SA\Sim_20_388.res.gz... Done

Simulation 9 of 20 running...
Simulation 9 of 20 finished at t = 600 (72.15 sec.)
Saving results in file C:\Lsd\Work\Artigo_Sintese_Esther_4\R\SA\Sim_20_389.res.gz... Done

Simulation 10 of 20 running...
Firm Deleted - Small Market Share
Simulation 10 of 20 finished at t = 600 (70.41 sec.)
Saving results in file C:\Lsd\Work\Artigo_Sintese_Esther_4\R\SA\Sim_20_390.res.gz... Done

Simulation 11 of 20 running...
Firm Deleted - Small Market Share
Simulation 11 of 20 finished at t = 600 (71.51 sec.)
Saving results in file C:\Lsd\Work\Artigo_Sintese_Esther_4\R\SA\Sim_20_391.res.gz... Done

Simulation 12 of 20 running...
Simulation 12 of 20 finished at t = 600 (73.01 sec.)
Saving results in file C:\Lsd\Work\Artigo_Sintese_Esther_4\R\SA\Sim_20_392.res.gz... Done

Simulation 13 of 20 running...
Simulation 13 of 20 finished at t = 600 (71.33 sec.)
Saving results in file C:\Lsd\Work\Artigo_Sintese_Esther_4\R\SA\Sim_20_393.res.gz... Done

Simulation 14 of 20 running...
Firm Deleted - Small Market Share
Simulation 14 of 20 finished at t = 600 (71.27 sec.)
Saving results in file C:\Lsd\Work\Artigo_Sintese_Esther_4\R\SA\Sim_20_394.res.gz... Done

Simulation 15 of 20 running...
Simulation 15 of 20 finished at t = 600 (71.14 sec.)
Saving results in file C:\Lsd\Work\Artigo_Sintese_Esther_4\R\SA\Sim_20_395.res.gz... Done

Simulation 16 of 20 running...
Simulation 16 of 20 finished at t = 600 (71.44 sec.)
Saving results in file C:\Lsd\Work\Artigo_Sintese_Esther_4\R\SA\Sim_20_396.res.gz... Done

Simulation 17 of 20 running...
Simulation 17 of 20 finished at t = 600 (71.13 sec.)
Saving results in file C:\Lsd\Work\Artigo_Sintese_Esther_4\R\SA\Sim_20_397.res.gz... Done

Simulation 18 of 20 running...
Simulation 18 of 20 finished at t = 600 (70.92 sec.)
Saving results in file C:\Lsd\Work\Artigo_Sintese_Esther_4\R\SA\Sim_20_398.res.gz... Done

Simulation 19 of 20 running...
Simulation 19 of 20 finished at t = 600 (71.84 sec.)
Saving results in file C:\Lsd\Work\Artigo_Sintese_Esther_4\R\SA\Sim_20_399.res.gz... Done

Simulation 20 of 20 running...
Simulation 20 of 20 finished at t = 600 (72.71 sec.)
Saving results in file C:\Lsd\Work\Artigo_Sintese_Esther_4\R\SA\Sim_20_400.res.gz... Done

Saving totals in file C:\Lsd\Work\Artigo_Sintese_Esther_4\R\SA\Sim_20_381_400.tot.gz... Done

Processing configuration file C:\Lsd\Work\Artigo_Sintese_Esther_4\R\SA\Sim_21.lsd ...

Simulation 1 of 20 running...
Firm Deleted - Small Market Share
Firm Deleted - Small Market Share
Firm Deleted - Small Market Share
Firm Deleted - Small Market Share
Firm Deleted - Small Market Share
Firm Deleted - Small Market Share
Firm Deleted - Small Market Share
Firm Deleted - Small Market Share
Firm Deleted - Small Market Share
Firm Deleted - Small Market Share
Firm Deleted - Small Market Share
Firm Deleted - all capital depreciated physically
Firm Deleted - Small Market Share
Firm Deleted - all capital depreciated physically
Firm Deleted - Small Market Share
Simulation 1 of 20 finished at t = 600 (60.58 sec.)
Saving results in file C:\Lsd\Work\Artigo_Sintese_Esther_4\R\SA\Sim_21_401.res.gz... Done

Simulation 2 of 20 running...
Firm Deleted - Small Market Share
Firm Deleted - Small Market Share
Firm Deleted - Small Market Share
Firm Deleted - Small Market Share
Firm Deleted - Small Market Share
Firm Deleted - Small Market Share
Firm Deleted - Small Market Share
Firm Deleted - Small Market Share
Firm Deleted - Small Market Share
Firm Deleted - Small Market Share
Simulation 2 of 20 finished at t = 600 (62.85 sec.)
Saving results in file C:\Lsd\Work\Artigo_Sintese_Esther_4\R\SA\Sim_21_402.res.gz... Done

Simulation 3 of 20 running...
Firm Deleted - Small Market Share
Firm Deleted - Small Market Share
Firm Deleted - Small Market Share
Firm Deleted - Small Market Share
Firm Deleted - Small Market Share
Firm Deleted - Small Market Share
Firm Deleted - Small Market Share
Firm Deleted - Small Market Share
Firm Deleted - Small Market Share
Firm Deleted - Small Market Share
Firm Deleted - Small Market Share
Firm Deleted - Small Market Share
Firm Deleted - Small Market Share
Simulation 3 of 20 finished at t = 600 (60.01 sec.)
Saving results in file C:\Lsd\Work\Artigo_Sintese_Esther_4\R\SA\Sim_21_403.res.gz... Done

Simulation 4 of 20 running...
Firm Deleted - Small Market Share
Firm Deleted - Small Market Share
Firm Deleted - Small Market Share
Firm Deleted - Small Market Share
Firm Deleted - Small Market Share
Firm Deleted - Small Market Share
Firm Deleted - Small Market Share
Firm Deleted - Small Market Share
Firm Deleted - Small Market Share
Firm Deleted - Small Market Share
Firm Deleted - Small Market Share
Firm Deleted - Small Market Share
Firm Deleted - Small Market Share
Firm Deleted - Small Market Share
Firm Deleted - Small Market Share
Firm Deleted - Small Market Share
Simulation 4 of 20 finished at t = 600 (58.16 sec.)
Saving results in file C:\Lsd\Work\Artigo_Sintese_Esther_4\R\SA\Sim_21_404.res.gz... Done

Simulation 5 of 20 running...
Firm Deleted - Small Market Share
Firm Deleted - Small Market Share
Firm Deleted - Small Market Share
Firm Deleted - Small Market Share
Firm Deleted - Small Market Share
Firm Deleted - Small Market Share
Firm Deleted - Small Market Share
Firm Deleted - Small Market Share
Firm Deleted - Small Market Share
Firm Deleted - Small Market Share
Firm Deleted - Small Market Share
Firm Deleted - Small Market Share
Firm Deleted - Small Market Share
Firm Deleted - all capital depreciated physically
Firm Deleted - Small Market Share
Simulation 5 of 20 finished at t = 600 (58.02 sec.)
Saving results in file C:\Lsd\Work\Artigo_Sintese_Esther_4\R\SA\Sim_21_405.res.gz... Done

Simulation 6 of 20 running...
Firm Deleted - Small Market Share
Firm Deleted - Small Market Share
Firm Deleted - Small Market Share
Firm Deleted - Small Market Share
Firm Deleted - Small Market Share
Firm Deleted - Small Market Share
Firm Deleted - Small Market Share
Firm Deleted - Small Market Share
Firm Deleted - Small Market Share
Firm Deleted - Small Market Share
Firm Deleted - Small Market Share
Firm Deleted - Small Market Share
Simulation 6 of 20 finished at t = 600 (61.89 sec.)
Saving results in file C:\Lsd\Work\Artigo_Sintese_Esther_4\R\SA\Sim_21_406.res.gz... Done

Simulation 7 of 20 running...
Firm Deleted - Small Market Share
Firm Deleted - Small Market Share
Firm Deleted - Small Market Share
Firm Deleted - Small Market Share
Firm Deleted - Small Market Share
Firm Deleted - Small Market Share
Firm Deleted - Small Market Share
Firm Deleted - Small Market Share
Firm Deleted - Small Market Share
Firm Deleted - Small Market Share
Firm Deleted - Small Market Share
Firm Deleted - Small Market Share
Firm Deleted - Small Market Share
Firm Deleted - Small Market Share
Firm Deleted - Small Market Share
Firm Deleted - Small Market Share
Firm Deleted - Small Market Share
Simulation 7 of 20 finished at t = 600 (52.80 sec.)
Saving results in file C:\Lsd\Work\Artigo_Sintese_Esther_4\R\SA\Sim_21_407.res.gz... Done

Simulation 8 of 20 running...
Firm Deleted - Small Market Share
Firm Deleted - Small Market Share
Firm Deleted - Small Market Share
Firm Deleted - Small Market Share
Firm Deleted - Small Market Share
Firm Deleted - Small Market Share
Firm Deleted - Small Market Share
Firm Deleted - Small Market Share
Firm Deleted - Small Market Share
Firm Deleted - Small Market Share
Firm Deleted - Small Market Share
Firm Deleted - Small Market Share
Firm Deleted - Small Market Share
Firm Deleted - Small Market Share
Simulation 8 of 20 finished at t = 600 (59.43 sec.)
Saving results in file C:\Lsd\Work\Artigo_Sintese_Esther_4\R\SA\Sim_21_408.res.gz... Done

Simulation 9 of 20 running...
Firm Deleted - Small Market Share
Firm Deleted - Small Market Share
Firm Deleted - Small Market Share
Firm Deleted - Small Market Share
Firm Deleted - Small Market Share
Firm Deleted - Small Market Share
Firm Deleted - Small Market Share
Firm Deleted - Small Market Share
Firm Deleted - Small Market Share
Firm Deleted - Small Market Share
Firm Deleted - Small Market Share
Firm Deleted - Small Market Share
Firm Deleted - Small Market Share
Firm Deleted - Small Market Share
Firm Deleted - Small Market Share
Simulation 9 of 20 finished at t = 600 (58.74 sec.)
Saving results in file C:\Lsd\Work\Artigo_Sintese_Esther_4\R\SA\Sim_21_409.res.gz... Done

Simulation 10 of 20 running...
Firm Deleted - Small Market Share
Firm Deleted - Small Market Share
Firm Deleted - Small Market Share
Firm Deleted - Small Market Share
Firm Deleted - Small Market Share
Firm Deleted - Small Market Share
Firm Deleted - Small Market Share
Firm Deleted - Small Market Share
Firm Deleted - Small Market Share
Firm Deleted - Small Market Share
Firm Deleted - Small Market Share
Firm Deleted - Small Market Share
Firm Deleted - all capital depreciated physically
Firm Deleted - Small Market Share
Firm Deleted - all capital depreciated physically
Firm Deleted - all capital depreciated physically
Simulation 10 of 20 finished at t = 600 (57.14 sec.)
Saving results in file C:\Lsd\Work\Artigo_Sintese_Esther_4\R\SA\Sim_21_410.res.gz... Done

Simulation 11 of 20 running...
Firm Deleted - Small Market Share
Firm Deleted - Small Market Share
Firm Deleted - Small Market Share
Firm Deleted - Small Market Share
Firm Deleted - Small Market Share
Firm Deleted - Small Market Share
Firm Deleted - Small Market Share
Firm Deleted - Small Market Share
Firm Deleted - Small Market Share
Firm Deleted - Small Market Share
Firm Deleted - Small Market Share
Firm Deleted - Small Market Share
Firm Deleted - Small Market Share
Firm Deleted - Small Market Share
Simulation 11 of 20 finished at t = 600 (64.14 sec.)
Saving results in file C:\Lsd\Work\Artigo_Sintese_Esther_4\R\SA\Sim_21_411.res.gz... Done

Simulation 12 of 20 running...
Firm Deleted - Small Market Share
Firm Deleted - Small Market Share
Firm Deleted - Small Market Share
Firm Deleted - Small Market Share
Firm Deleted - Small Market Share
Firm Deleted - Small Market Share
Firm Deleted - Small Market Share
Firm Deleted - Small Market Share
Firm Deleted - all capital depreciated physically
Firm Deleted - Small Market Share
Firm Deleted - Small Market Share
Firm Deleted - Small Market Share
Firm Deleted - Small Market Share
Simulation 12 of 20 finished at t = 600 (60.27 sec.)
Saving results in file C:\Lsd\Work\Artigo_Sintese_Esther_4\R\SA\Sim_21_412.res.gz... Done

Simulation 13 of 20 running...
Firm Deleted - Small Market Share
Firm Deleted - Small Market Share
Firm Deleted - Small Market Share
Firm Deleted - Small Market Share
Firm Deleted - Small Market Share
Firm Deleted - Small Market Share
Firm Deleted - Small Market Share
Firm Deleted - Small Market Share
Firm Deleted - Small Market Share
Firm Deleted - Small Market Share
Firm Deleted - Small Market Share
Firm Deleted - Small Market Share
Firm Deleted - Small Market Share
Firm Deleted - Small Market Share
Firm Deleted - all capital depreciated physically
Firm Deleted - Small Market Share
Firm Deleted - Small Market Share
Simulation 13 of 20 finished at t = 600 (56.01 sec.)
Saving results in file C:\Lsd\Work\Artigo_Sintese_Esther_4\R\SA\Sim_21_413.res.gz... Done

Simulation 14 of 20 running...
Firm Deleted - Small Market Share
Firm Deleted - Small Market Share
Firm Deleted - Small Market Share
Firm Deleted - Small Market Share
Firm Deleted - Small Market Share
Firm Deleted - Small Market Share
Firm Deleted - Small Market Share
Firm Deleted - Small Market Share
Firm Deleted - Small Market Share
Firm Deleted - Small Market Share
Firm Deleted - Small Market Share
Firm Deleted - Small Market Share
Firm Deleted - all capital depreciated physically
Firm Deleted - Small Market Share
Firm Deleted - Small Market Share
Firm Deleted - Small Market Share
Simulation 14 of 20 finished at t = 600 (58.72 sec.)
Saving results in file C:\Lsd\Work\Artigo_Sintese_Esther_4\R\SA\Sim_21_414.res.gz... Done

Simulation 15 of 20 running...
Firm Deleted - Small Market Share
Firm Deleted - Small Market Share
Firm Deleted - Small Market Share
Firm Deleted - Small Market Share
Firm Deleted - Small Market Share
Firm Deleted - Small Market Share
Firm Deleted - Small Market Share
Firm Deleted - Small Market Share
Firm Deleted - Small Market Share
Firm Deleted - Small Market Share
Firm Deleted - Small Market Share
Firm Deleted - Small Market Share
Firm Deleted - all capital depreciated physically
Firm Deleted - Small Market Share
Firm Deleted - Small Market Share
Simulation 15 of 20 finished at t = 600 (59.07 sec.)
Saving results in file C:\Lsd\Work\Artigo_Sintese_Esther_4\R\SA\Sim_21_415.res.gz... Done

Simulation 16 of 20 running...
Firm Deleted - Small Market Share
Firm Deleted - Small Market Share
Firm Deleted - Small Market Share
Firm Deleted - Small Market Share
Firm Deleted - Small Market Share
Firm Deleted - Small Market Share
Firm Deleted - Small Market Share
Firm Deleted - Small Market Share
Firm Deleted - Small Market Share
Firm Deleted - Small Market Share
Firm Deleted - Small Market Share
Firm Deleted - Small Market Share
Firm Deleted - Small Market Share
Firm Deleted - all capital depreciated physically
Firm Deleted - Small Market Share
Firm Deleted - Small Market Share
Simulation 16 of 20 finished at t = 600 (56.04 sec.)
Saving results in file C:\Lsd\Work\Artigo_Sintese_Esther_4\R\SA\Sim_21_416.res.gz... Done

Simulation 17 of 20 running...
Firm Deleted - Small Market Share
Firm Deleted - Small Market Share
Firm Deleted - Small Market Share
Firm Deleted - Small Market Share
Firm Deleted - Small Market Share
Firm Deleted - Small Market Share
Firm Deleted - Small Market Share
Firm Deleted - Small Market Share
Firm Deleted - Small Market Share
Firm Deleted - Small Market Share
Firm Deleted - Small Market Share
Firm Deleted - Small Market Share
Firm Deleted - Small Market Share
Simulation 17 of 20 finished at t = 600 (62.52 sec.)
Saving results in file C:\Lsd\Work\Artigo_Sintese_Esther_4\R\SA\Sim_21_417.res.gz... Done

Simulation 18 of 20 running...
Firm Deleted - Small Market Share
Firm Deleted - Small Market Share
Firm Deleted - Small Market Share
Firm Deleted - Small Market Share
Firm Deleted - Small Market Share
Firm Deleted - Small Market Share
Firm Deleted - Small Market Share
Firm Deleted - Small Market Share
Firm Deleted - Small Market Share
Firm Deleted - Small Market Share
Firm Deleted - Small Market Share
Firm Deleted - Small Market Share
Firm Deleted - Small Market Share
Simulation 18 of 20 finished at t = 600 (61.73 sec.)
Saving results in file C:\Lsd\Work\Artigo_Sintese_Esther_4\R\SA\Sim_21_418.res.gz... Done

Simulation 19 of 20 running...
Firm Deleted - Small Market Share
Firm Deleted - Small Market Share
Firm Deleted - Small Market Share
Firm Deleted - Small Market Share
Firm Deleted - Small Market Share
Firm Deleted - Small Market Share
Firm Deleted - Small Market Share
Firm Deleted - Small Market Share
Firm Deleted - Small Market Share
Firm Deleted - Small Market Share
Firm Deleted - Small Market Share
Firm Deleted - Small Market Share
Firm Deleted - all capital depreciated physically
Firm Deleted - Small Market Share
Firm Deleted - Small Market Share
Firm Deleted - all capital depreciated physically
Firm Deleted - Small Market Share
Simulation 19 of 20 finished at t = 600 (62.48 sec.)
Saving results in file C:\Lsd\Work\Artigo_Sintese_Esther_4\R\SA\Sim_21_419.res.gz... Done

Simulation 20 of 20 running...
Firm Deleted - Small Market Share
Firm Deleted - Small Market Share
Firm Deleted - Small Market Share
Firm Deleted - Small Market Share
Firm Deleted - Small Market Share
Firm Deleted - Small Market Share
Firm Deleted - Small Market Share
Firm Deleted - Small Market Share
Firm Deleted - Small Market Share
Firm Deleted - Small Market Share
Firm Deleted - Small Market Share
Firm Deleted - Small Market Share
Firm Deleted - Small Market Share
Simulation 20 of 20 finished at t = 600 (64.69 sec.)
Saving results in file C:\Lsd\Work\Artigo_Sintese_Esther_4\R\SA\Sim_21_420.res.gz... Done

Saving totals in file C:\Lsd\Work\Artigo_Sintese_Esther_4\R\SA\Sim_21_401_420.tot.gz... Done

Processing configuration file C:\Lsd\Work\Artigo_Sintese_Esther_4\R\SA\Sim_22.lsd ...

Simulation 1 of 20 running...
Firm Deleted - Small Market Share
Firm Deleted - Small Market Share
Firm Deleted - all capital depreciated physically
Firm Deleted - Small Market Share
Simulation 1 of 20 finished at t = 600 (72.76 sec.)
Saving results in file C:\Lsd\Work\Artigo_Sintese_Esther_4\R\SA\Sim_22_421.res.gz... Done

Simulation 2 of 20 running...
Firm Deleted - Small Market Share
Firm Deleted - Small Market Share
Firm Deleted - Small Market Share
Firm Deleted - Small Market Share
Firm Deleted - Small Market Share
Firm Deleted - Small Market Share
Simulation 2 of 20 finished at t = 600 (68.91 sec.)
Saving results in file C:\Lsd\Work\Artigo_Sintese_Esther_4\R\SA\Sim_22_422.res.gz... Done

Simulation 3 of 20 running...
Firm Deleted - Small Market Share
Firm Deleted - Small Market Share
Firm Deleted - Small Market Share
Firm Deleted - Small Market Share
Firm Deleted - Small Market Share
Firm Deleted - Small Market Share
Firm Deleted - Small Market Share
Simulation 3 of 20 finished at t = 600 (67.28 sec.)
Saving results in file C:\Lsd\Work\Artigo_Sintese_Esther_4\R\SA\Sim_22_423.res.gz... Done

Simulation 4 of 20 running...
Firm Deleted - Small Market Share
Firm Deleted - Small Market Share
Firm Deleted - Small Market Share
Firm Deleted - Small Market Share
Firm Deleted - High Debt
Firm Created
Firm Deleted - Small Market Share
Simulation 4 of 20 finished at t = 600 (68.77 sec.)
Saving results in file C:\Lsd\Work\Artigo_Sintese_Esther_4\R\SA\Sim_22_424.res.gz... Done

Simulation 5 of 20 running...
Firm Deleted - Small Market Share
Firm Deleted - Small Market Share
Firm Deleted - Small Market Share
Firm Deleted - Small Market Share
Firm Deleted - Small Market Share
Firm Deleted - Small Market Share
Simulation 5 of 20 finished at t = 600 (70.58 sec.)
Saving results in file C:\Lsd\Work\Artigo_Sintese_Esther_4\R\SA\Sim_22_425.res.gz... Done

Simulation 6 of 20 running...
Firm Deleted - Small Market Share
Firm Deleted - Small Market Share
Firm Deleted - Small Market Share
ERROR: total capital production equals zero
Firm Deleted - Small Market Share
Firm Deleted - all capital depreciated physically
Firm Deleted - High Debt
Firm Created
Added B_K
Firm Deleted - Small Market Share
Simulation 6 of 20 finished at t = 600 (69.58 sec.)
Saving results in file C:\Lsd\Work\Artigo_Sintese_Esther_4\R\SA\Sim_22_426.res.gz... Done

Simulation 7 of 20 running...
Firm Deleted - Small Market Share
Firm Deleted - Small Market Share
Firm Deleted - Small Market Share
Firm Deleted - Small Market Share
Firm Deleted - Small Market Share
Simulation 7 of 20 finished at t = 600 (70.42 sec.)
Saving results in file C:\Lsd\Work\Artigo_Sintese_Esther_4\R\SA\Sim_22_427.res.gz... Done

Simulation 8 of 20 running...
Firm Deleted - Small Market Share
Firm Deleted - Small Market Share
Firm Deleted - Small Market Share
Simulation 8 of 20 finished at t = 600 (73.40 sec.)
Saving results in file C:\Lsd\Work\Artigo_Sintese_Esther_4\R\SA\Sim_22_428.res.gz... Done

Simulation 9 of 20 running...
Firm Deleted - Small Market Share
Firm Deleted - Small Market Share
Firm Deleted - Small Market Share
Firm Deleted - High Debt
Firm Deleted - Small Market Share
Firm Deleted - Small Market Share
Firm Deleted - High Debt
Firm Created
Firm Created
Simulation 9 of 20 finished at t = 600 (71.98 sec.)
Saving results in file C:\Lsd\Work\Artigo_Sintese_Esther_4\R\SA\Sim_22_429.res.gz... Done

Simulation 10 of 20 running...
Firm Deleted - Small Market Share
Firm Deleted - Small Market Share
Firm Deleted - High Debt
Firm Deleted - High Debt
Firm Created
Firm Created
Added B_K
Firm Deleted - High Debt
Firm Created
Simulation 10 of 20 finished at t = 600 (71.75 sec.)
Saving results in file C:\Lsd\Work\Artigo_Sintese_Esther_4\R\SA\Sim_22_430.res.gz... Done

Simulation 11 of 20 running...
Firm Deleted - Small Market Share
Firm Deleted - Small Market Share
Firm Deleted - Small Market Share
Firm Deleted - Small Market Share
ERROR: total capital production equals zero
Firm Deleted - Small Market Share
Firm Deleted - Small Market Share
Firm Deleted - Small Market Share
Firm Deleted - Small Market Share
Simulation 11 of 20 finished at t = 600 (68.80 sec.)
Saving results in file C:\Lsd\Work\Artigo_Sintese_Esther_4\R\SA\Sim_22_431.res.gz... Done

Simulation 12 of 20 running...
Firm Deleted - Small Market Share
Firm Deleted - Small Market Share
Firm Deleted - Small Market Share
Firm Deleted - Small Market Share
Firm Deleted - High Debt
Firm Created
Firm Deleted - Small Market Share
Firm Deleted - Small Market Share
Firm Deleted - Small Market Share
Simulation 12 of 20 finished at t = 600 (68.11 sec.)
Saving results in file C:\Lsd\Work\Artigo_Sintese_Esther_4\R\SA\Sim_22_432.res.gz... Done

Simulation 13 of 20 running...
Firm Deleted - Small Market Share
ERROR: total capital production equals zero
Firm Deleted - Small Market Share
Firm Deleted - Small Market Share
Firm Deleted - Small Market Share
Firm Deleted - Small Market Share
Firm Deleted - Small Market Share
Firm Deleted - Small Market Share
Simulation 13 of 20 finished at t = 600 (69.82 sec.)
Saving results in file C:\Lsd\Work\Artigo_Sintese_Esther_4\R\SA\Sim_22_433.res.gz... Done

Simulation 14 of 20 running...
Firm Deleted - High Debt
Firm Deleted - Small Market Share
Firm Created
Firm Deleted - Small Market Share
Simulation 14 of 20 finished at t = 600 (75.61 sec.)
Saving results in file C:\Lsd\Work\Artigo_Sintese_Esther_4\R\SA\Sim_22_434.res.gz... Done

Simulation 15 of 20 running...
Firm Deleted - Small Market Share
Firm Deleted - Small Market Share
Firm Deleted - all capital depreciated physically
Firm Deleted - Small Market Share
Firm Deleted - Small Market Share
Simulation 15 of 20 finished at t = 600 (67.65 sec.)
Saving results in file C:\Lsd\Work\Artigo_Sintese_Esther_4\R\SA\Sim_22_435.res.gz... Done

Simulation 16 of 20 running...
Firm Deleted - Small Market Share
Firm Deleted - Small Market Share
Firm Deleted - Small Market Share
Firm Deleted - Small Market Share
Firm Deleted - Small Market Share
Firm Deleted - Small Market Share
Simulation 16 of 20 finished at t = 600 (67.64 sec.)
Saving results in file C:\Lsd\Work\Artigo_Sintese_Esther_4\R\SA\Sim_22_436.res.gz... Done

Simulation 17 of 20 running...
Firm Deleted - Small Market Share
Firm Deleted - Small Market Share
Firm Deleted - Small Market Share
ERROR: total capital production equals zero
Firm Deleted - Small Market Share
ERROR: total capital production equals zero
ERROR: total capital production equals zero
Firm Deleted - Small Market Share
Firm Deleted - Small Market Share
Firm Deleted - Small Market Share
Simulation 17 of 20 finished at t = 600 (69.85 sec.)
Saving results in file C:\Lsd\Work\Artigo_Sintese_Esther_4\R\SA\Sim_22_437.res.gz... Done

Simulation 18 of 20 running...
Firm Deleted - Small Market Share
Firm Deleted - Small Market Share
Firm Deleted - all capital depreciated physically
Firm Deleted - Small Market Share
Firm Deleted - Small Market Share
Firm Deleted - Small Market Share
ERROR: total capital production equals zero
Firm Deleted - Small Market Share
Firm Deleted - Small Market Share
Firm Deleted - Small Market Share
Simulation 18 of 20 finished at t = 600 (66.10 sec.)
Saving results in file C:\Lsd\Work\Artigo_Sintese_Esther_4\R\SA\Sim_22_438.res.gz... Done

Simulation 19 of 20 running...
Firm Deleted - Small Market Share
Firm Deleted - Small Market Share
Firm Deleted - Small Market Share
Firm Deleted - Small Market Share
Firm Deleted - Small Market Share
Simulation 19 of 20 finished at t = 600 (76.88 sec.)
Saving results in file C:\Lsd\Work\Artigo_Sintese_Esther_4\R\SA\Sim_22_439.res.gz... Done

Simulation 20 of 20 running...
Firm Deleted - all capital depreciated physically
Firm Deleted - Small Market Share
Firm Deleted - Small Market Share
Simulation 20 of 20 finished at t = 600 (73.21 sec.)
Saving results in file C:\Lsd\Work\Artigo_Sintese_Esther_4\R\SA\Sim_22_440.res.gz... Done

Saving totals in file C:\Lsd\Work\Artigo_Sintese_Esther_4\R\SA\Sim_22_421_440.tot.gz... Done

Processing configuration file C:\Lsd\Work\Artigo_Sintese_Esther_4\R\SA\Sim_23.lsd ...

Simulation 1 of 20 running...
Firm Deleted - Small Market Share
Firm Deleted - Small Market Share
Firm Deleted - Small Market Share
Firm Deleted - Small Market Share
Firm Deleted - Small Market Share
Firm Deleted - Small Market Share
Firm Deleted - Small Market Share
Firm Deleted - Small Market Share
Firm Deleted - Small Market Share
Firm Deleted - Small Market Share
Simulation 1 of 20 finished at t = 600 (74.03 sec.)
Saving results in file C:\Lsd\Work\Artigo_Sintese_Esther_4\R\SA\Sim_23_441.res.gz... Done

Simulation 2 of 20 running...
Firm Deleted - Small Market Share
Firm Deleted - Small Market Share
Firm Deleted - Small Market Share
Firm Deleted - Small Market Share
Firm Deleted - Small Market Share
Firm Deleted - Small Market Share
Firm Deleted - Small Market Share
Firm Deleted - Small Market Share
Simulation 2 of 20 finished at t = 600 (73.28 sec.)
Saving results in file C:\Lsd\Work\Artigo_Sintese_Esther_4\R\SA\Sim_23_442.res.gz... Done

Simulation 3 of 20 running...
Firm Deleted - Small Market Share
Firm Deleted - Small Market Share
Firm Deleted - Small Market Share
Firm Deleted - Small Market Share
Firm Deleted - Small Market Share
Firm Deleted - Small Market Share
Firm Deleted - Small Market Share
Firm Deleted - Small Market Share
Firm Deleted - Small Market Share
Simulation 3 of 20 finished at t = 600 (74.45 sec.)
Saving results in file C:\Lsd\Work\Artigo_Sintese_Esther_4\R\SA\Sim_23_443.res.gz... Done

Simulation 4 of 20 running...
Firm Deleted - Small Market Share
Firm Deleted - Small Market Share
Firm Deleted - Small Market Share
Firm Deleted - Small Market Share
Firm Deleted - Small Market Share
Firm Deleted - Small Market Share
Firm Deleted - Small Market Share
Simulation 4 of 20 finished at t = 600 (73.37 sec.)
Saving results in file C:\Lsd\Work\Artigo_Sintese_Esther_4\R\SA\Sim_23_444.res.gz... Done

Simulation 5 of 20 running...
Firm Deleted - Small Market Share
Firm Deleted - Small Market Share
Firm Deleted - Small Market Share
Firm Deleted - Small Market Share
Firm Deleted - Small Market Share
Firm Deleted - Small Market Share
Firm Deleted - Small Market Share
Firm Deleted - Small Market Share
Firm Deleted - Small Market Share
Simulation 5 of 20 finished at t = 600 (76.93 sec.)
Saving results in file C:\Lsd\Work\Artigo_Sintese_Esther_4\R\SA\Sim_23_445.res.gz... Done

Simulation 6 of 20 running...
Firm Deleted - Small Market Share
Firm Deleted - Small Market Share
Firm Deleted - Small Market Share
Firm Deleted - Small Market Share
Firm Deleted - Small Market Share
Firm Deleted - Small Market Share
Firm Deleted - Small Market Share
Simulation 6 of 20 finished at t = 600 (73.18 sec.)
Saving results in file C:\Lsd\Work\Artigo_Sintese_Esther_4\R\SA\Sim_23_446.res.gz... Done

Simulation 7 of 20 running...
Firm Deleted - Small Market Share
Firm Deleted - Small Market Share
Firm Deleted - Small Market Share
Firm Deleted - Small Market Share
Firm Deleted - Small Market Share
Firm Deleted - Small Market Share
Simulation 7 of 20 finished at t = 600 (74.80 sec.)
Saving results in file C:\Lsd\Work\Artigo_Sintese_Esther_4\R\SA\Sim_23_447.res.gz... Done

Simulation 8 of 20 running...
Firm Deleted - Small Market Share
Firm Deleted - Small Market Share
Firm Deleted - Small Market Share
Firm Deleted - Small Market Share
Firm Deleted - Small Market Share
Simulation 8 of 20 finished at t = 600 (75.21 sec.)
Saving results in file C:\Lsd\Work\Artigo_Sintese_Esther_4\R\SA\Sim_23_448.res.gz... Done

Simulation 9 of 20 running...
Firm Deleted - Small Market Share
Firm Deleted - Small Market Share
Firm Deleted - Small Market Share
Firm Deleted - Small Market Share
Firm Deleted - Small Market Share
Firm Deleted - Small Market Share
Simulation 9 of 20 finished at t = 600 (74.94 sec.)
Saving results in file C:\Lsd\Work\Artigo_Sintese_Esther_4\R\SA\Sim_23_449.res.gz... Done

Simulation 10 of 20 running...
Firm Deleted - Small Market Share
Firm Deleted - Small Market Share
Firm Deleted - Small Market Share
Firm Deleted - Small Market Share
Firm Deleted - Small Market Share
Firm Deleted - Small Market Share
Simulation 10 of 20 finished at t = 600 (77.22 sec.)
Saving results in file C:\Lsd\Work\Artigo_Sintese_Esther_4\R\SA\Sim_23_450.res.gz... Done

Simulation 11 of 20 running...
Firm Deleted - Small Market Share
Firm Deleted - Small Market Share
Firm Deleted - Small Market Share
Firm Deleted - Small Market Share
Firm Deleted - Small Market Share
Firm Deleted - Small Market Share
Firm Deleted - all capital depreciated physically
Firm Deleted - Small Market Share
Simulation 11 of 20 finished at t = 600 (74.59 sec.)
Saving results in file C:\Lsd\Work\Artigo_Sintese_Esther_4\R\SA\Sim_23_451.res.gz... Done

Simulation 12 of 20 running...
Firm Deleted - Small Market Share
Firm Deleted - Small Market Share
Firm Deleted - Small Market Share
Firm Deleted - Small Market Share
Firm Deleted - Small Market Share
Firm Deleted - Small Market Share
Firm Deleted - Small Market Share
Firm Deleted - Small Market Share
Simulation 12 of 20 finished at t = 600 (69.99 sec.)
Saving results in file C:\Lsd\Work\Artigo_Sintese_Esther_4\R\SA\Sim_23_452.res.gz... Done

Simulation 13 of 20 running...
Firm Deleted - Small Market Share
Firm Deleted - Small Market Share
Firm Deleted - Small Market Share
Firm Deleted - Small Market Share
Firm Deleted - Small Market Share
Firm Deleted - Small Market Share
Firm Deleted - Small Market Share
Firm Deleted - Small Market Share
Simulation 13 of 20 finished at t = 600 (71.99 sec.)
Saving results in file C:\Lsd\Work\Artigo_Sintese_Esther_4\R\SA\Sim_23_453.res.gz... Done

Simulation 14 of 20 running...
Firm Deleted - Small Market Share
Firm Deleted - Small Market Share
Firm Deleted - Small Market Share
Firm Deleted - Small Market Share
Firm Deleted - Small Market Share
Firm Deleted - Small Market Share
Firm Deleted - Small Market Share
Firm Deleted - Small Market Share
Firm Deleted - Small Market Share
Simulation 14 of 20 finished at t = 600 (74.55 sec.)
Saving results in file C:\Lsd\Work\Artigo_Sintese_Esther_4\R\SA\Sim_23_454.res.gz... Done

Simulation 15 of 20 running...
Firm Deleted - Small Market Share
Firm Deleted - Small Market Share
Firm Deleted - Small Market Share
Firm Deleted - Small Market Share
Firm Deleted - Small Market Share
Firm Deleted - Small Market Share
Firm Deleted - Small Market Share
Firm Deleted - Small Market Share
Simulation 15 of 20 finished at t = 600 (73.43 sec.)
Saving results in file C:\Lsd\Work\Artigo_Sintese_Esther_4\R\SA\Sim_23_455.res.gz... Done

Simulation 16 of 20 running...
Firm Deleted - Small Market Share
Firm Deleted - Small Market Share
Firm Deleted - Small Market Share
Firm Deleted - Small Market Share
Firm Deleted - Small Market Share
Firm Deleted - Small Market Share
Firm Deleted - Small Market Share
Firm Deleted - Small Market Share
Firm Deleted - Small Market Share
Simulation 16 of 20 finished at t = 600 (68.94 sec.)
Saving results in file C:\Lsd\Work\Artigo_Sintese_Esther_4\R\SA\Sim_23_456.res.gz... Done

Simulation 17 of 20 running...
Firm Deleted - Small Market Share
Firm Deleted - Small Market Share
Firm Deleted - Small Market Share
Firm Deleted - Small Market Share
Firm Deleted - Small Market Share
Firm Deleted - Small Market Share
Firm Deleted - Small Market Share
Firm Deleted - Small Market Share
Simulation 17 of 20 finished at t = 600 (73.59 sec.)
Saving results in file C:\Lsd\Work\Artigo_Sintese_Esther_4\R\SA\Sim_23_457.res.gz... Done

Simulation 18 of 20 running...
Firm Deleted - Small Market Share
Firm Deleted - Small Market Share
Firm Deleted - Small Market Share
Firm Deleted - Small Market Share
Firm Deleted - Small Market Share
Firm Deleted - Small Market Share
Simulation 18 of 20 finished at t = 600 (75.06 sec.)
Saving results in file C:\Lsd\Work\Artigo_Sintese_Esther_4\R\SA\Sim_23_458.res.gz... Done

Simulation 19 of 20 running...
Firm Deleted - Small Market Share
Firm Deleted - Small Market Share
Firm Deleted - Small Market Share
Firm Deleted - Small Market Share
Firm Deleted - Small Market Share
Simulation 19 of 20 finished at t = 600 (77.90 sec.)
Saving results in file C:\Lsd\Work\Artigo_Sintese_Esther_4\R\SA\Sim_23_459.res.gz... Done

Simulation 20 of 20 running...
Firm Deleted - Small Market Share
Firm Deleted - Small Market Share
Firm Deleted - Small Market Share
Firm Deleted - Small Market Share
Firm Deleted - Small Market Share
Firm Deleted - Small Market Share
Firm Deleted - Small Market Share
Simulation 20 of 20 finished at t = 600 (70.73 sec.)
Saving results in file C:\Lsd\Work\Artigo_Sintese_Esther_4\R\SA\Sim_23_460.res.gz... Done

Saving totals in file C:\Lsd\Work\Artigo_Sintese_Esther_4\R\SA\Sim_23_441_460.tot.gz... Done

Processing configuration file C:\Lsd\Work\Artigo_Sintese_Esther_4\R\SA\Sim_24.lsd ...

Simulation 1 of 20 running...
Firm Deleted - Small Market Share
Firm Deleted - Small Market Share
Firm Deleted - Small Market Share
Firm Deleted - Small Market Share
Firm Deleted - Small Market Share
Firm Deleted - Small Market Share
Firm Deleted - Small Market Share
Firm Deleted - Small Market Share
Firm Deleted - Small Market Share
Firm Deleted - Small Market Share
Firm Deleted - Small Market Share
Firm Deleted - Small Market Share
Firm Deleted - Small Market Share
Firm Deleted - Small Market Share
Firm Deleted - Small Market Share
Firm Deleted - Small Market Share
Simulation 1 of 20 finished at t = 600 (60.06 sec.)
Saving results in file C:\Lsd\Work\Artigo_Sintese_Esther_4\R\SA\Sim_24_461.res.gz... Done

Simulation 2 of 20 running...
Firm Deleted - Small Market Share
Firm Deleted - Small Market Share
Firm Deleted - Small Market Share
Firm Deleted - Small Market Share
Firm Deleted - Small Market Share
Firm Deleted - Small Market Share
Firm Deleted - Small Market Share
Firm Deleted - Small Market Share
Firm Deleted - Small Market Share
Firm Deleted - Small Market Share
Firm Deleted - Small Market Share
Firm Deleted - Small Market Share
Firm Deleted - Small Market Share
Firm Deleted - Small Market Share
Firm Deleted - Small Market Share
Firm Deleted - Small Market Share
Simulation 2 of 20 finished at t = 600 (60.05 sec.)
Saving results in file C:\Lsd\Work\Artigo_Sintese_Esther_4\R\SA\Sim_24_462.res.gz... Done

Simulation 3 of 20 running...
Firm Deleted - Small Market Share
Firm Deleted - Small Market Share
Firm Deleted - Small Market Share
Firm Deleted - Small Market Share
Firm Deleted - Small Market Share
Firm Deleted - Small Market Share
Firm Deleted - Small Market Share
Firm Deleted - Small Market Share
Firm Deleted - Small Market Share
Firm Deleted - Small Market Share
Firm Deleted - Small Market Share
Firm Deleted - Small Market Share
Firm Deleted - Small Market Share
Firm Deleted - Small Market Share
Firm Deleted - all capital depreciated physically
Firm Deleted - Small Market Share
Simulation 3 of 20 finished at t = 600 (59.84 sec.)
Saving results in file C:\Lsd\Work\Artigo_Sintese_Esther_4\R\SA\Sim_24_463.res.gz... Done

Simulation 4 of 20 running...
Firm Deleted - Small Market Share
Firm Deleted - Small Market Share
Firm Deleted - Small Market Share
Firm Deleted - Small Market Share
Firm Deleted - Small Market Share
Firm Deleted - Small Market Share
Firm Deleted - Small Market Share
Firm Deleted - Small Market Share
Firm Deleted - Small Market Share
Firm Deleted - Small Market Share
Firm Deleted - Small Market Share
Firm Deleted - Small Market Share
Firm Deleted - Small Market Share
Firm Deleted - Small Market Share
Firm Deleted - Small Market Share
Firm Deleted - Small Market Share
Firm Deleted - Small Market Share
Firm Deleted - Small Market Share
Simulation 4 of 20 finished at t = 600 (57.67 sec.)
Saving results in file C:\Lsd\Work\Artigo_Sintese_Esther_4\R\SA\Sim_24_464.res.gz... Done

Simulation 5 of 20 running...
Firm Deleted - Small Market Share
Firm Deleted - Small Market Share
Firm Deleted - Small Market Share
Firm Deleted - Small Market Share
Firm Deleted - Small Market Share
Firm Deleted - Small Market Share
Firm Deleted - Small Market Share
Firm Deleted - Small Market Share
Firm Deleted - Small Market Share
Firm Deleted - Small Market Share
Firm Deleted - Small Market Share
Firm Deleted - Small Market Share
Firm Deleted - Small Market Share
Firm Deleted - Small Market Share
Firm Deleted - Small Market Share
Firm Deleted - Small Market Share
Firm Deleted - Small Market Share
Firm Deleted - Small Market Share
Simulation 5 of 20 finished at t = 600 (56.65 sec.)
Saving results in file C:\Lsd\Work\Artigo_Sintese_Esther_4\R\SA\Sim_24_465.res.gz... Done

Simulation 6 of 20 running...
Firm Deleted - Small Market Share
Firm Deleted - Small Market Share
Firm Deleted - Small Market Share
Firm Deleted - Small Market Share
Firm Deleted - Small Market Share
Firm Deleted - Small Market Share
Firm Deleted - Small Market Share
Firm Deleted - Small Market Share
Firm Deleted - Small Market Share
Firm Deleted - Small Market Share
Firm Deleted - Small Market Share
Firm Deleted - Small Market Share
Firm Deleted - Small Market Share
Firm Deleted - Small Market Share
Firm Deleted - Small Market Share
Simulation 6 of 20 finished at t = 600 (61.10 sec.)
Saving results in file C:\Lsd\Work\Artigo_Sintese_Esther_4\R\SA\Sim_24_466.res.gz... Done

Simulation 7 of 20 running...
Firm Deleted - Small Market Share
Firm Deleted - Small Market Share
Firm Deleted - Small Market Share
Firm Deleted - Small Market Share
Firm Deleted - Small Market Share
Firm Deleted - Small Market Share
Firm Deleted - Small Market Share
Firm Deleted - Small Market Share
Firm Deleted - Small Market Share
Firm Deleted - Small Market Share
Firm Deleted - Small Market Share
Firm Deleted - Small Market Share
Firm Deleted - Small Market Share
Firm Deleted - Small Market Share
Firm Deleted - Small Market Share
Simulation 7 of 20 finished at t = 600 (61.77 sec.)
Saving results in file C:\Lsd\Work\Artigo_Sintese_Esther_4\R\SA\Sim_24_467.res.gz... Done

Simulation 8 of 20 running...
Firm Deleted - Small Market Share
Firm Deleted - Small Market Share
Firm Deleted - Small Market Share
Firm Deleted - Small Market Share
Firm Deleted - Small Market Share
Firm Deleted - Small Market Share
Firm Deleted - Small Market Share
Firm Deleted - Small Market Share
Firm Deleted - Small Market Share
Firm Deleted - Small Market Share
Firm Deleted - Small Market Share
Firm Deleted - Small Market Share
Firm Deleted - Small Market Share
Firm Deleted - Small Market Share
Firm Deleted - Small Market Share
Firm Deleted - Small Market Share
Firm Deleted - Small Market Share
Simulation 8 of 20 finished at t = 600 (59.46 sec.)
Saving results in file C:\Lsd\Work\Artigo_Sintese_Esther_4\R\SA\Sim_24_468.res.gz... Done

Simulation 9 of 20 running...
Firm Deleted - Small Market Share
Firm Deleted - Small Market Share
Firm Deleted - Small Market Share
Firm Deleted - Small Market Share
Firm Deleted - Small Market Share
Firm Deleted - Small Market Share
Firm Deleted - Small Market Share
Firm Deleted - Small Market Share
Firm Deleted - Small Market Share
Firm Deleted - Small Market Share
Firm Deleted - Small Market Share
Firm Deleted - Small Market Share
Firm Deleted - Small Market Share
Firm Deleted - Small Market Share
Firm Deleted - Small Market Share
Firm Deleted - all capital depreciated physically
Firm Deleted - Small Market Share
Simulation 9 of 20 finished at t = 600 (58.67 sec.)
Saving results in file C:\Lsd\Work\Artigo_Sintese_Esther_4\R\SA\Sim_24_469.res.gz... Done

Simulation 10 of 20 running...
Firm Deleted - Small Market Share
Firm Deleted - Small Market Share
Firm Deleted - Small Market Share
Firm Deleted - Small Market Share
Firm Deleted - Small Market Share
Firm Deleted - Small Market Share
Firm Deleted - Small Market Share
Firm Deleted - Small Market Share
Firm Deleted - Small Market Share
Firm Deleted - Small Market Share
Firm Deleted - Small Market Share
Firm Deleted - Small Market Share
Firm Deleted - Small Market Share
Firm Deleted - Small Market Share
Simulation 10 of 20 finished at t = 600 (59.90 sec.)
Saving results in file C:\Lsd\Work\Artigo_Sintese_Esther_4\R\SA\Sim_24_470.res.gz... Done

Simulation 11 of 20 running...
Firm Deleted - Small Market Share
Firm Deleted - Small Market Share
Firm Deleted - Small Market Share
Firm Deleted - Small Market Share
Firm Deleted - Small Market Share
Firm Deleted - Small Market Share
Firm Deleted - Small Market Share
Firm Deleted - Small Market Share
Firm Deleted - Small Market Share
Firm Deleted - Small Market Share
Firm Deleted - Small Market Share
Firm Deleted - Small Market Share
Firm Deleted - Small Market Share
Firm Deleted - Small Market Share
Firm Deleted - Small Market Share
Simulation 11 of 20 finished at t = 600 (60.65 sec.)
Saving results in file C:\Lsd\Work\Artigo_Sintese_Esther_4\R\SA\Sim_24_471.res.gz... Done

Simulation 12 of 20 running...
Firm Deleted - Small Market Share
Firm Deleted - Small Market Share
Firm Deleted - Small Market Share
Firm Deleted - Small Market Share
Firm Deleted - Small Market Share
Firm Deleted - Small Market Share
Firm Deleted - Small Market Share
Firm Deleted - Small Market Share
Firm Deleted - Small Market Share
Firm Deleted - Small Market Share
Firm Deleted - Small Market Share
Firm Deleted - Small Market Share
Firm Deleted - Small Market Share
Firm Deleted - Small Market Share
Firm Deleted - Small Market Share
Firm Deleted - Small Market Share
Firm Deleted - Small Market Share
Simulation 12 of 20 finished at t = 600 (60.19 sec.)
Saving results in file C:\Lsd\Work\Artigo_Sintese_Esther_4\R\SA\Sim_24_472.res.gz... Done

Simulation 13 of 20 running...
Firm Deleted - Small Market Share
Firm Deleted - Small Market Share
Firm Deleted - Small Market Share
Firm Deleted - Small Market Share
Firm Deleted - Small Market Share
Firm Deleted - Small Market Share
Firm Deleted - Small Market Share
Firm Deleted - Small Market Share
Firm Deleted - Small Market Share
Firm Deleted - Small Market Share
Firm Deleted - Small Market Share
Firm Deleted - Small Market Share
Firm Deleted - Small Market Share
Firm Deleted - Small Market Share
Firm Deleted - Small Market Share
Firm Deleted - Small Market Share
Simulation 13 of 20 finished at t = 600 (57.31 sec.)
Saving results in file C:\Lsd\Work\Artigo_Sintese_Esther_4\R\SA\Sim_24_473.res.gz... Done

Simulation 14 of 20 running...
Firm Deleted - Small Market Share
Firm Deleted - Small Market Share
Firm Deleted - Small Market Share
Firm Deleted - Small Market Share
Firm Deleted - Small Market Share
Firm Deleted - Small Market Share
Firm Deleted - Small Market Share
Firm Deleted - Small Market Share
Firm Deleted - Small Market Share
Firm Deleted - Small Market Share
Firm Deleted - Small Market Share
Firm Deleted - Small Market Share
Firm Deleted - Small Market Share
Firm Deleted - Small Market Share
Firm Deleted - all capital depreciated physically
Firm Deleted - Small Market Share
Firm Deleted - Small Market Share
Simulation 14 of 20 finished at t = 600 (59.14 sec.)
Saving results in file C:\Lsd\Work\Artigo_Sintese_Esther_4\R\SA\Sim_24_474.res.gz... Done

Simulation 15 of 20 running...
Firm Deleted - Small Market Share
Firm Deleted - Small Market Share
Firm Deleted - Small Market Share
Firm Deleted - Small Market Share
Firm Deleted - Small Market Share
Firm Deleted - Small Market Share
Firm Deleted - Small Market Share
Firm Deleted - Small Market Share
Firm Deleted - Small Market Share
Firm Deleted - Small Market Share
Firm Deleted - Small Market Share
Firm Deleted - Small Market Share
Firm Deleted - Small Market Share
Firm Deleted - Small Market Share
Firm Deleted - Small Market Share
Firm Deleted - Small Market Share
Simulation 15 of 20 finished at t = 600 (58.06 sec.)
Saving results in file C:\Lsd\Work\Artigo_Sintese_Esther_4\R\SA\Sim_24_475.res.gz... Done

Simulation 16 of 20 running...
Firm Deleted - Small Market Share
Firm Deleted - Small Market Share
Firm Deleted - Small Market Share
Firm Deleted - Small Market Share
Firm Deleted - Small Market Share
Firm Deleted - Small Market Share
Firm Deleted - Small Market Share
Firm Deleted - Small Market Share
Firm Deleted - Small Market Share
Firm Deleted - Small Market Share
Firm Deleted - Small Market Share
Firm Deleted - Small Market Share
Firm Deleted - Small Market Share
Firm Deleted - Small Market Share
Firm Deleted - Small Market Share
Firm Deleted - Small Market Share
Simulation 16 of 20 finished at t = 600 (58.55 sec.)
Saving results in file C:\Lsd\Work\Artigo_Sintese_Esther_4\R\SA\Sim_24_476.res.gz... Done

Simulation 17 of 20 running...
Firm Deleted - Small Market Share
Firm Deleted - Small Market Share
Firm Deleted - Small Market Share
Firm Deleted - Small Market Share
Firm Deleted - Small Market Share
Firm Deleted - Small Market Share
Firm Deleted - Small Market Share
Firm Deleted - Small Market Share
Firm Deleted - Small Market Share
Firm Deleted - Small Market Share
Firm Deleted - Small Market Share
Firm Deleted - Small Market Share
Firm Deleted - Small Market Share
Firm Deleted - Small Market Share
Firm Deleted - Small Market Share
Firm Deleted - Small Market Share
Simulation 17 of 20 finished at t = 600 (60.49 sec.)
Saving results in file C:\Lsd\Work\Artigo_Sintese_Esther_4\R\SA\Sim_24_477.res.gz... Done

Simulation 18 of 20 running...
Firm Deleted - Small Market Share
Firm Deleted - Small Market Share
Firm Deleted - Small Market Share
Firm Deleted - Small Market Share
Firm Deleted - Small Market Share
Firm Deleted - Small Market Share
Firm Deleted - Small Market Share
Firm Deleted - Small Market Share
Firm Deleted - Small Market Share
Firm Deleted - Small Market Share
Firm Deleted - Small Market Share
Firm Deleted - Small Market Share
Firm Deleted - Small Market Share
Firm Deleted - Small Market Share
Firm Deleted - Small Market Share
Firm Deleted - Small Market Share
Firm Deleted - Small Market Share
Simulation 18 of 20 finished at t = 600 (56.83 sec.)
Saving results in file C:\Lsd\Work\Artigo_Sintese_Esther_4\R\SA\Sim_24_478.res.gz... Done

Simulation 19 of 20 running...
Firm Deleted - Small Market Share
Firm Deleted - Small Market Share
Firm Deleted - Small Market Share
Firm Deleted - Small Market Share
Firm Deleted - Small Market Share
Firm Deleted - Small Market Share
Firm Deleted - Small Market Share
Firm Deleted - Small Market Share
Firm Deleted - Small Market Share
Firm Deleted - Small Market Share
Firm Deleted - Small Market Share
Firm Deleted - Small Market Share
Firm Deleted - Small Market Share
Firm Deleted - all capital depreciated physically
Simulation 19 of 20 finished at t = 600 (61.13 sec.)
Saving results in file C:\Lsd\Work\Artigo_Sintese_Esther_4\R\SA\Sim_24_479.res.gz... Done

Simulation 20 of 20 running...
Firm Deleted - Small Market Share
Firm Deleted - Small Market Share
Firm Deleted - Small Market Share
Firm Deleted - Small Market Share
Firm Deleted - Small Market Share
Firm Deleted - Small Market Share
Firm Deleted - Small Market Share
Firm Deleted - Small Market Share
Firm Deleted - Small Market Share
Firm Deleted - Small Market Share
Firm Deleted - Small Market Share
Firm Deleted - Small Market Share
Firm Deleted - Small Market Share
Firm Deleted - Small Market Share
Firm Deleted - Small Market Share
Firm Deleted - Small Market Share
Simulation 20 of 20 finished at t = 600 (59.60 sec.)
Saving results in file C:\Lsd\Work\Artigo_Sintese_Esther_4\R\SA\Sim_24_480.res.gz... Done

Saving totals in file C:\Lsd\Work\Artigo_Sintese_Esther_4\R\SA\Sim_24_461_480.tot.gz... Done

Processing configuration file C:\Lsd\Work\Artigo_Sintese_Esther_4\R\SA\Sim_25.lsd ...

Simulation 1 of 20 running...
Firm Deleted - Small Market Share
Firm Deleted - Small Market Share
Simulation 1 of 20 finished at t = 600 (71.06 sec.)
Saving results in file C:\Lsd\Work\Artigo_Sintese_Esther_4\R\SA\Sim_25_481.res.gz... Done

Simulation 2 of 20 running...
Simulation 2 of 20 finished at t = 600 (75.95 sec.)
Saving results in file C:\Lsd\Work\Artigo_Sintese_Esther_4\R\SA\Sim_25_482.res.gz... Done

Simulation 3 of 20 running...
Firm Deleted - High Debt
Firm Created
Firm Deleted - Small Market Share
Firm Deleted - Small Market Share
Simulation 3 of 20 finished at t = 600 (72.89 sec.)
Saving results in file C:\Lsd\Work\Artigo_Sintese_Esther_4\R\SA\Sim_25_483.res.gz... Done

Simulation 4 of 20 running...
Firm Deleted - Small Market Share
Simulation 4 of 20 finished at t = 600 (71.69 sec.)
Saving results in file C:\Lsd\Work\Artigo_Sintese_Esther_4\R\SA\Sim_25_484.res.gz... Done

Simulation 5 of 20 running...
Firm Deleted - Small Market Share
Firm Deleted - Small Market Share
Simulation 5 of 20 finished at t = 600 (72.37 sec.)
Saving results in file C:\Lsd\Work\Artigo_Sintese_Esther_4\R\SA\Sim_25_485.res.gz... Done

Simulation 6 of 20 running...
Simulation 6 of 20 finished at t = 600 (73.32 sec.)
Saving results in file C:\Lsd\Work\Artigo_Sintese_Esther_4\R\SA\Sim_25_486.res.gz... Done

Simulation 7 of 20 running...
Firm Deleted - Small Market Share
Firm Deleted - Small Market Share
Simulation 7 of 20 finished at t = 600 (75.14 sec.)
Saving results in file C:\Lsd\Work\Artigo_Sintese_Esther_4\R\SA\Sim_25_487.res.gz... Done

Simulation 8 of 20 running...
Firm Deleted - Small Market Share
Firm Deleted - all capital depreciated physically
Simulation 8 of 20 finished at t = 600 (69.77 sec.)
Saving results in file C:\Lsd\Work\Artigo_Sintese_Esther_4\R\SA\Sim_25_488.res.gz... Done

Simulation 9 of 20 running...
Firm Deleted - Small Market Share
Simulation 9 of 20 finished at t = 600 (72.52 sec.)
Saving results in file C:\Lsd\Work\Artigo_Sintese_Esther_4\R\SA\Sim_25_489.res.gz... Done

Simulation 10 of 20 running...
Firm Deleted - Small Market Share
Firm Deleted - Small Market Share
Simulation 10 of 20 finished at t = 600 (70.88 sec.)
Saving results in file C:\Lsd\Work\Artigo_Sintese_Esther_4\R\SA\Sim_25_490.res.gz... Done

Simulation 11 of 20 running...
Firm Deleted - Small Market Share
Simulation 11 of 20 finished at t = 600 (73.68 sec.)
Saving results in file C:\Lsd\Work\Artigo_Sintese_Esther_4\R\SA\Sim_25_491.res.gz... Done

Simulation 12 of 20 running...
Firm Deleted - Small Market Share
Simulation 12 of 20 finished at t = 600 (74.28 sec.)
Saving results in file C:\Lsd\Work\Artigo_Sintese_Esther_4\R\SA\Sim_25_492.res.gz... Done

Simulation 13 of 20 running...
Firm Deleted - Small Market Share
Simulation 13 of 20 finished at t = 600 (74.39 sec.)
Saving results in file C:\Lsd\Work\Artigo_Sintese_Esther_4\R\SA\Sim_25_493.res.gz... Done

Simulation 14 of 20 running...
Firm Deleted - Small Market Share
Firm Deleted - High Debt
Firm Created
Firm Deleted - Small Market Share
Simulation 14 of 20 finished at t = 600 (71.08 sec.)
Saving results in file C:\Lsd\Work\Artigo_Sintese_Esther_4\R\SA\Sim_25_494.res.gz... Done

Simulation 15 of 20 running...
Firm Deleted - Small Market Share
Firm Deleted - Small Market Share
Firm Deleted - Small Market Share
Firm Deleted - Small Market Share
Firm Deleted - Small Market Share
Firm Deleted - Small Market Share
Simulation 15 of 20 finished at t = 600 (67.70 sec.)
Saving results in file C:\Lsd\Work\Artigo_Sintese_Esther_4\R\SA\Sim_25_495.res.gz... Done

Simulation 16 of 20 running...
Firm Deleted - all capital depreciated physically
Firm Deleted - all capital depreciated physically
Firm Deleted - Small Market Share
Firm Deleted - Small Market Share
Simulation 16 of 20 finished at t = 600 (68.85 sec.)
Saving results in file C:\Lsd\Work\Artigo_Sintese_Esther_4\R\SA\Sim_25_496.res.gz... Done

Simulation 17 of 20 running...
Firm Deleted - all capital depreciated physically
Simulation 17 of 20 finished at t = 600 (72.38 sec.)
Saving results in file C:\Lsd\Work\Artigo_Sintese_Esther_4\R\SA\Sim_25_497.res.gz... Done

Simulation 18 of 20 running...
Firm Deleted - Small Market Share
Firm Deleted - all capital depreciated physically
Firm Deleted - Small Market Share
Simulation 18 of 20 finished at t = 600 (69.32 sec.)
Saving results in file C:\Lsd\Work\Artigo_Sintese_Esther_4\R\SA\Sim_25_498.res.gz... Done

Simulation 19 of 20 running...
Simulation 19 of 20 finished at t = 600 (73.23 sec.)
Saving results in file C:\Lsd\Work\Artigo_Sintese_Esther_4\R\SA\Sim_25_499.res.gz... Done

Simulation 20 of 20 running...
Firm Deleted - Small Market Share
Firm Deleted - Small Market Share
Simulation 20 of 20 finished at t = 600 (71.11 sec.)
Saving results in file C:\Lsd\Work\Artigo_Sintese_Esther_4\R\SA\Sim_25_500.res.gz... Done

Saving totals in file C:\Lsd\Work\Artigo_Sintese_Esther_4\R\SA\Sim_25_481_500.tot.gz... Done

Finished processing C:\Lsd\Work\Artigo_Sintese_Esther_4\R\SA\Sim
