
Processing configuration file C:\Lsd\Work\Artigo_Sintese_Esther_4\R\SA\Sim_40.lsd ...

Simulation 1 of 20 running...
Firm Deleted - Small Market Share
Firm Deleted - Small Market Share
Firm Deleted - Small Market Share
Firm Deleted - Small Market Share
Firm Deleted - Small Market Share
Firm Deleted - Small Market Share
Firm Deleted - Small Market Share
Firm Deleted - Small Market Share
Firm Deleted - Small Market Share
Simulation 1 of 20 finished at t = 600 (245.13 sec.)
Saving results in file C:\Lsd\Work\Artigo_Sintese_Esther_4\R\SA\Sim_40_781.res.gz... Done

Simulation 2 of 20 running...
Firm Deleted - Small Market Share
Firm Deleted - Small Market Share
Firm Deleted - Small Market Share
Firm Deleted - Small Market Share
Firm Deleted - Small Market Share
Firm Deleted - Small Market Share
Simulation 2 of 20 finished at t = 600 (167.14 sec.)
Saving results in file C:\Lsd\Work\Artigo_Sintese_Esther_4\R\SA\Sim_40_782.res.gz... Done

Simulation 3 of 20 running...
Firm Deleted - Small Market Share
Firm Deleted - Small Market Share
Firm Deleted - Small Market Share
Firm Deleted - Small Market Share
Firm Deleted - Small Market Share
Firm Deleted - Small Market Share
Firm Deleted - all capital depreciated physically
Firm Deleted - Small Market Share
Simulation 3 of 20 finished at t = 600 (189.84 sec.)
Saving results in file C:\Lsd\Work\Artigo_Sintese_Esther_4\R\SA\Sim_40_783.res.gz... Done

Simulation 4 of 20 running...
Firm Deleted - Small Market Share
Firm Deleted - Small Market Share
Firm Deleted - Small Market Share
Firm Deleted - Small Market Share
Firm Deleted - Small Market Share
Firm Deleted - Small Market Share
Firm Deleted - Small Market Share
Firm Deleted - Small Market Share
Firm Deleted - Small Market Share
Simulation 4 of 20 finished at t = 600 (249.40 sec.)
Saving results in file C:\Lsd\Work\Artigo_Sintese_Esther_4\R\SA\Sim_40_784.res.gz... Done

Simulation 5 of 20 running...
Firm Deleted - Small Market Share
Firm Deleted - Small Market Share
Firm Deleted - Small Market Share
Firm Deleted - Small Market Share
Simulation 5 of 20 finished at t = 600 (140.74 sec.)
Saving results in file C:\Lsd\Work\Artigo_Sintese_Esther_4\R\SA\Sim_40_785.res.gz... Done

Simulation 6 of 20 running...
Firm Deleted - Small Market Share
Firm Deleted - Small Market Share
Firm Deleted - Small Market Share
Firm Deleted - Small Market Share
Firm Deleted - Small Market Share
Firm Deleted - Small Market Share
Firm Deleted - Small Market Share
Simulation 6 of 20 finished at t = 600 (158.15 sec.)
Saving results in file C:\Lsd\Work\Artigo_Sintese_Esther_4\R\SA\Sim_40_786.res.gz... Done

Simulation 7 of 20 running...
Firm Deleted - Small Market Share
Firm Deleted - Small Market Share
Firm Deleted - Small Market Share
Firm Deleted - Small Market Share
Firm Deleted - Small Market Share
Firm Deleted - Small Market Share
Simulation 7 of 20 finished at t = 600 (217.87 sec.)
Saving results in file C:\Lsd\Work\Artigo_Sintese_Esther_4\R\SA\Sim_40_787.res.gz... Done

Simulation 8 of 20 running...
Firm Deleted - Small Market Share
Firm Deleted - Small Market Share
Firm Deleted - Small Market Share
Firm Deleted - Small Market Share
Firm Deleted - Small Market Share
Firm Deleted - Small Market Share
Firm Deleted - Small Market Share
Simulation 8 of 20 finished at t = 600 (200.96 sec.)
Saving results in file C:\Lsd\Work\Artigo_Sintese_Esther_4\R\SA\Sim_40_788.res.gz... Done

Simulation 9 of 20 running...
Firm Deleted - Small Market Share
Firm Deleted - Small Market Share
Firm Deleted - Small Market Share
Simulation 9 of 20 finished at t = 600 (174.35 sec.)
Saving results in file C:\Lsd\Work\Artigo_Sintese_Esther_4\R\SA\Sim_40_789.res.gz... Done

Simulation 10 of 20 running...
Firm Deleted - Small Market Share
Firm Deleted - Small Market Share
Firm Deleted - Small Market Share
Firm Deleted - Small Market Share
Firm Deleted - Small Market Share
Firm Deleted - Small Market Share
Firm Deleted - Small Market Share
Firm Deleted - Small Market Share
Simulation 10 of 20 finished at t = 600 (192.27 sec.)
Saving results in file C:\Lsd\Work\Artigo_Sintese_Esther_4\R\SA\Sim_40_790.res.gz... Done

Simulation 11 of 20 running...
Firm Deleted - Small Market Share
Firm Deleted - Small Market Share
Firm Deleted - Small Market Share
Firm Deleted - Small Market Share
Firm Deleted - Small Market Share
Firm Deleted - Small Market Share
Simulation 11 of 20 finished at t = 600 (124.42 sec.)
Saving results in file C:\Lsd\Work\Artigo_Sintese_Esther_4\R\SA\Sim_40_791.res.gz... Done

Simulation 12 of 20 running...
Firm Deleted - Small Market Share
Firm Deleted - Small Market Share
Firm Deleted - Small Market Share
Firm Deleted - Small Market Share
Firm Deleted - Small Market Share
Firm Deleted - Small Market Share
Firm Deleted - Small Market Share
Simulation 12 of 20 finished at t = 600 (151.27 sec.)
Saving results in file C:\Lsd\Work\Artigo_Sintese_Esther_4\R\SA\Sim_40_792.res.gz... Done

Simulation 13 of 20 running...
Firm Deleted - Small Market Share
Firm Deleted - Small Market Share
Firm Deleted - Small Market Share
Firm Deleted - Small Market Share
Firm Deleted - Small Market Share
Simulation 13 of 20 finished at t = 600 (128.57 sec.)
Saving results in file C:\Lsd\Work\Artigo_Sintese_Esther_4\R\SA\Sim_40_793.res.gz... Done

Simulation 14 of 20 running...
Firm Deleted - Small Market Share
Firm Deleted - Small Market Share
Firm Deleted - Small Market Share
Firm Deleted - Small Market Share
Firm Deleted - Small Market Share
ERROR: total capital production equals zero
Firm Deleted - Small Market Share
Firm Deleted - Small Market Share
Simulation 14 of 20 finished at t = 600 (158.18 sec.)
Saving results in file C:\Lsd\Work\Artigo_Sintese_Esther_4\R\SA\Sim_40_794.res.gz... Done

Simulation 15 of 20 running...
Firm Deleted - Small Market Share
Firm Deleted - Small Market Share
Firm Deleted - Small Market Share
Firm Deleted - Small Market Share
Firm Deleted - Small Market Share
Firm Deleted - Small Market Share
Simulation 15 of 20 finished at t = 600 (192.64 sec.)
Saving results in file C:\Lsd\Work\Artigo_Sintese_Esther_4\R\SA\Sim_40_795.res.gz... Done

Simulation 16 of 20 running...
Firm Deleted - Small Market Share
Firm Deleted - Small Market Share
Firm Deleted - Small Market Share
Firm Deleted - Small Market Share
Firm Deleted - Small Market Share
Firm Deleted - Small Market Share
Firm Deleted - Small Market Share
Simulation 16 of 20 finished at t = 600 (139.38 sec.)
Saving results in file C:\Lsd\Work\Artigo_Sintese_Esther_4\R\SA\Sim_40_796.res.gz... Done

Simulation 17 of 20 running...
Firm Deleted - Small Market Share
Firm Deleted - Small Market Share
Firm Deleted - Small Market Share
Firm Deleted - Small Market Share
Simulation 17 of 20 finished at t = 600 (175.52 sec.)
Saving results in file C:\Lsd\Work\Artigo_Sintese_Esther_4\R\SA\Sim_40_797.res.gz... Done

Simulation 18 of 20 running...
Firm Deleted - Small Market Share
Firm Deleted - Small Market Share
Firm Deleted - Small Market Share
Firm Deleted - Small Market Share
Simulation 18 of 20 finished at t = 600 (190.63 sec.)
Saving results in file C:\Lsd\Work\Artigo_Sintese_Esther_4\R\SA\Sim_40_798.res.gz... Done

Simulation 19 of 20 running...
Firm Deleted - Small Market Share
Firm Deleted - Small Market Share
Firm Deleted - Small Market Share
Firm Deleted - Small Market Share
Firm Deleted - Small Market Share
Firm Deleted - Small Market Share
Firm Deleted - Small Market Share
Firm Deleted - Small Market Share
Simulation 19 of 20 finished at t = 600 (199.10 sec.)
Saving results in file C:\Lsd\Work\Artigo_Sintese_Esther_4\R\SA\Sim_40_799.res.gz... Done

Simulation 20 of 20 running...
Firm Deleted - Small Market Share
Firm Deleted - Small Market Share
Firm Deleted - Small Market Share
Firm Deleted - Small Market Share
Firm Deleted - Small Market Share
Firm Deleted - Small Market Share
Firm Deleted - Small Market Share
Firm Deleted - Small Market Share
Simulation 20 of 20 finished at t = 600 (172.56 sec.)
Saving results in file C:\Lsd\Work\Artigo_Sintese_Esther_4\R\SA\Sim_40_800.res.gz... Done

Saving totals in file C:\Lsd\Work\Artigo_Sintese_Esther_4\R\SA\Sim_40_781_800.tot.gz... Done
