
Processing configuration file C:\Lsd\Work\Artigo_Sintese_Esther_4\R\SA\Sim_41.lsd ...

Simulation 1 of 20 running...
ERROR: total capital production equals zero
ERROR: total capital production equals zero
ERROR: total capital production equals zero
Firm Deleted - Small Market Share
ERROR: total capital production equals zero
ERROR: total capital production equals zero
Firm Deleted - Small Market Share
ERROR: total capital production equals zero
Firm Deleted - Small Market Share
Firm Deleted - Small Market Share
ERROR: total capital production equals zero
ERROR: total capital production equals zero
Firm Deleted - Small Market Share
Firm Deleted - Small Market Share
ERROR: total capital production equals zero
ERROR: total capital production equals zero
Firm Deleted - Small Market Share
Firm Deleted - Small Market Share
ERROR: total capital production equals zero
ERROR: total capital production equals zero
ERROR: total capital production equals zero
ERROR: total capital production equals zero
ERROR: total capital production equals zero
ERROR: total capital production equals zero
ERROR: total capital production equals zero
Firm Deleted - Small Market Share
ERROR: total capital production equals zero
ERROR: total capital production equals zero
ERROR: total capital production equals zero
ERROR: total capital production equals zero
Firm Deleted - Small Market Share
Firm Deleted - Small Market Share
ERROR: total capital production equals zero
ERROR: total capital production equals zero
Firm Deleted - Small Market Share
ERROR: total capital production equals zero
Firm Deleted - Small Market Share
ERROR: total capital production equals zero
ERROR: total capital production equals zero
ERROR: total capital production equals zero
Firm Deleted - Small Market Share
Firm Deleted - Small Market Share
Firm Deleted - Small Market Share
Firm Deleted - Small Market Share
Firm Deleted - Small Market Share
ERROR: total capital production equals zero
ERROR: total capital production equals zero
Firm Deleted - Small Market Share
ERROR: total capital production equals zero
ERROR: total capital production equals zero
Firm Deleted - Small Market Share
ERROR: total capital production equals zero
Firm Deleted - Small Market Share
ERROR: total capital production equals zero
Firm Deleted - Small Market Share
ERROR: total capital production equals zero
ERROR: total capital production equals zero
ERROR: total capital production equals zero
ERROR: total capital production equals zero
ERROR: total capital production equals zero
ERROR: total capital production equals zero
ERROR: total capital production equals zero
ERROR: total capital production equals zero
ERROR: total capital production equals zero
ERROR: total capital production equals zero
Firm Deleted - all capital depreciated physically
Firm Deleted - Small Market Share
ERROR: total capital production equals zero
ERROR: total capital production equals zero
Firm Deleted - Small Market Share
ERROR: total capital production equals zero
ERROR: total capital production equals zero
ERROR: total capital production equals zero
ERROR: total capital production equals zero
ERROR: total capital production equals zero
ERROR: total capital production equals zero
ERROR: total capital production equals zero
ERROR: total capital production equals zero
ERROR: total capital production equals zero
ERROR: total capital production equals zero
ERROR: total capital production equals zero
Firm Deleted - Small Market Share
ERROR: total capital production equals zero
ERROR: total capital production equals zero
ERROR: total capital production equals zero
ERROR: total capital production equals zero
ERROR: total capital production equals zero
ERROR: total capital production equals zero
ERROR: total capital production equals zero
ERROR: total capital production equals zero
ERROR: total capital production equals zero
ERROR: total capital production equals zero
ERROR: total capital production equals zero
ERROR: total capital production equals zero
ERROR: total capital production equals zero
ERROR: total capital production equals zero
ERROR: total capital production equals zero
ERROR: total capital production equals zero
ERROR: total capital production equals zero
ERROR: total capital production equals zero
ERROR: total capital production equals zero
ERROR: total capital production equals zero
ERROR: total capital production equals zero
ERROR: total capital production equals zero
ERROR: total capital production equals zero
ERROR: total capital production equals zero
ERROR: total capital production equals zero
ERROR: total capital production equals zero
ERROR: total capital production equals zero
ERROR: total capital production equals zero
ERROR: total capital production equals zero
ERROR: total capital production equals zero
ERROR: total capital production equals zero
ERROR: total capital production equals zero
ERROR: total capital production equals zero
ERROR: total capital production equals zero
ERROR: total capital production equals zero
ERROR: total capital production equals zero
ERROR: total capital production equals zero
ERROR: total capital production equals zero
ERROR: total capital production equals zero
ERROR: total capital production equals zero
ERROR: total capital production equals zero
ERROR: total capital production equals zero
ERROR: total capital production equals zero
ERROR: total capital production equals zero
ERROR: total capital production equals zero
ERROR: total capital production equals zero
ERROR: total capital production equals zero
ERROR: total capital production equals zero
ERROR: total capital production equals zero
ERROR: total capital production equals zero
ERROR: total capital production equals zero
ERROR: total capital production equals zero
ERROR: total capital production equals zero
ERROR: total capital production equals zero
ERROR: total capital production equals zero
ERROR: total capital production equals zero
ERROR: total capital production equals zero
ERROR: total capital production equals zero
ERROR: total capital production equals zero
ERROR: total capital production equals zero
ERROR: total capital production equals zero
ERROR: total capital production equals zero
ERROR: total capital production equals zero
ERROR: total capital production equals zero
ERROR: total capital production equals zero
ERROR: total capital production equals zero
ERROR: total capital production equals zero
ERROR: total capital production equals zero
ERROR: total capital production equals zero
ERROR: total capital production equals zero
ERROR: total capital production equals zero
ERROR: total capital production equals zero
ERROR: total capital production equals zero
ERROR: total capital production equals zero
ERROR: total capital production equals zero
ERROR: total capital production equals zero
Firm Deleted - Small Market Share
ERROR: total capital production equals zero
ERROR: total capital production equals zero
ERROR: total capital production equals zero
ERROR: total capital production equals zero
ERROR: total capital production equals zero
ERROR: total capital production equals zero
ERROR: total capital production equals zero
ERROR: total capital production equals zero
ERROR: total capital production equals zero
ERROR: total capital production equals zero
ERROR: total capital production equals zero
ERROR: total capital production equals zero
ERROR: total capital production equals zero
ERROR: total capital production equals zero
ERROR: total capital production equals zero
ERROR: total capital production equals zero
ERROR: total capital production equals zero
ERROR: total capital production equals zero
ERROR: total capital production equals zero
ERROR: total capital production equals zero
ERROR: total capital production equals zero
ERROR: total capital production equals zero
ERROR: total capital production equals zero
ERROR: total capital production equals zero
ERROR: total capital production equals zero
ERROR: total capital production equals zero
ERROR: total capital production equals zero
ERROR: total capital production equals zero
ERROR: total capital production equals zero
ERROR: total capital production equals zero
ERROR: total capital production equals zero
ERROR: total capital production equals zero
ERROR: total capital production equals zero
ERROR: total capital production equals zero
ERROR: total capital production equals zero
ERROR: total capital production equals zero
ERROR: total capital production equals zero
ERROR: total capital production equals zero
ERROR: total capital production equals zero
ERROR: total capital production equals zero
ERROR: total capital production equals zero
ERROR: total capital production equals zero
ERROR: total capital production equals zero
ERROR: total capital production equals zero
ERROR: total capital production equals zero
ERROR: total capital production equals zero
ERROR: total capital production equals zero
ERROR: total capital production equals zero
ERROR: total capital production equals zero
ERROR: total capital production equals zero
ERROR: total capital production equals zero
ERROR: total capital production equals zero
ERROR: total capital production equals zero
ERROR: total capital production equals zero
ERROR: total capital production equals zero
ERROR: total capital production equals zero
ERROR: total capital production equals zero
ERROR: total capital production equals zero
ERROR: total capital production equals zero
ERROR: total capital production equals zero
ERROR: total capital production equals zero
ERROR: total capital production equals zero
Firm Deleted - Small Market Share
ERROR: total capital production equals zero
ERROR: total capital production equals zero
ERROR: total capital production equals zero
ERROR: total capital production equals zero
ERROR: total capital production equals zero
ERROR: total capital production equals zero
ERROR: total capital production equals zero
ERROR: total capital production equals zero
ERROR: total capital production equals zero
ERROR: total capital production equals zero
ERROR: total capital production equals zero
ERROR: total capital production equals zero
ERROR: total capital production equals zero
ERROR: total capital production equals zero
ERROR: total capital production equals zero
ERROR: total capital production equals zero
Firm Deleted - Small Market Share
ERROR: total capital production equals zero
ERROR: total capital production equals zero
ERROR: total capital production equals zero
ERROR: total capital production equals zero
Firm Deleted - Small Market Share
Firm Deleted - High Debt
ERROR: total capital production equals zero
ERROR: total capital production equals zero
ERROR: total capital production equals zero
ERROR: total capital production equals zero
ERROR: total capital production equals zero
ERROR: total capital production equals zero
ERROR: total capital production equals zero
ERROR: total capital production equals zero
ERROR: total capital production equals zero
ERROR: total capital production equals zero
ERROR: total capital production equals zero
ERROR: total capital production equals zero
ERROR: total capital production equals zero
ERROR: total capital production equals zero
ERROR: total capital production equals zero
ERROR: total capital production equals zero
ERROR: total capital production equals zero
ERROR: total capital production equals zero
ERROR: total capital production equals zero
ERROR: total capital production equals zero
ERROR: total capital production equals zero
ERROR: total capital production equals zero
ERROR: total capital production equals zero
ERROR: total capital production equals zero
ERROR: total capital production equals zero
ERROR: total capital production equals zero
Firm Created
Added B_K
ERROR: total capital production equals zero
ERROR: total capital production equals zero
ERROR: total capital production equals zero
ERROR: total capital production equals zero
ERROR: total capital production equals zero
ERROR: total capital production equals zero
ERROR: total capital production equals zero
ERROR: total capital production equals zero
ERROR: total capital production equals zero
ERROR: total capital production equals zero
ERROR: total capital production equals zero
ERROR: total capital production equals zero
ERROR: total capital production equals zero
ERROR: total capital production equals zero
ERROR: total capital production equals zero
ERROR: total capital production equals zero
Firm Deleted - Small Market Share
ERROR: total capital production equals zero
ERROR: total capital production equals zero
ERROR: total capital production equals zero
ERROR: total capital production equals zero
ERROR: total capital production equals zero
ERROR: total capital production equals zero
ERROR: total capital production equals zero
ERROR: total capital production equals zero
ERROR: total capital production equals zero
ERROR: total capital production equals zero
ERROR: total capital production equals zero
ERROR: total capital production equals zero
ERROR: total capital production equals zero
ERROR: total capital production equals zero
ERROR: total capital production equals zero
ERROR: total capital production equals zero
ERROR: total capital production equals zero
ERROR: total capital production equals zero
ERROR: total capital production equals zero
ERROR: total capital production equals zero
ERROR: total capital production equals zero
ERROR: total capital production equals zero
ERROR: total capital production equals zero
ERROR: total capital production equals zero
ERROR: total capital production equals zero
ERROR: total capital production equals zero
ERROR: total capital production equals zero
ERROR: total capital production equals zero
ERROR: total capital production equals zero
ERROR: total capital production equals zero
ERROR: total capital production equals zero
ERROR: total capital production equals zero
ERROR: total capital production equals zero
ERROR: total capital production equals zero
ERROR: total capital production equals zero
ERROR: total capital production equals zero
ERROR: total capital production equals zero
ERROR: total capital production equals zero
ERROR: total capital production equals zero
ERROR: total capital production equals zero
ERROR: total capital production equals zero
ERROR: total capital production equals zero
ERROR: total capital production equals zero
ERROR: total capital production equals zero
ERROR: total capital production equals zero
ERROR: total capital production equals zero
ERROR: total capital production equals zero
ERROR: total capital production equals zero
ERROR: total capital production equals zero
ERROR: total capital production equals zero
ERROR: total capital production equals zero
ERROR: total capital production equals zero
ERROR: total capital production equals zero
ERROR: total capital production equals zero
ERROR: total capital production equals zero
ERROR: total capital production equals zero
ERROR: total capital production equals zero
ERROR: total capital production equals zero
ERROR: total capital production equals zero
ERROR: total capital production equals zero
ERROR: total capital production equals zero
ERROR: total capital production equals zero
ERROR: total capital production equals zero
ERROR: total capital production equals zero
ERROR: total capital production equals zero
ERROR: total capital production equals zero
ERROR: total capital production equals zero
ERROR: total capital production equals zero
ERROR: total capital production equals zero
ERROR: total capital production equals zero
ERROR: total capital production equals zero
ERROR: total capital production equals zero
ERROR: total capital production equals zero
ERROR: total capital production equals zero
ERROR: total capital production equals zero
ERROR: total capital production equals zero
ERROR: total capital production equals zero
ERROR: total capital production equals zero
ERROR: total capital production equals zero
ERROR: total capital production equals zero
ERROR: total capital production equals zero
ERROR: total capital production equals zero
ERROR: total capital production equals zero
ERROR: total capital production equals zero
ERROR: total capital production equals zero
ERROR: total capital production equals zero
ERROR: total capital production equals zero
ERROR: total capital production equals zero
ERROR: total capital production equals zero
ERROR: total capital production equals zero
ERROR: total capital production equals zero
ERROR: total capital production equals zero
ERROR: total capital production equals zero
ERROR: total capital production equals zero
ERROR: total capital production equals zero
ERROR: total capital production equals zero
ERROR: total capital production equals zero
ERROR: total capital production equals zero
ERROR: total capital production equals zero
ERROR: total capital production equals zero
ERROR: total capital production equals zero
ERROR: total capital production equals zero
ERROR: total capital production equals zero
ERROR: total capital production equals zero
ERROR: total capital production equals zero
ERROR: total capital production equals zero
ERROR: total capital production equals zero
ERROR: total capital production equals zero
ERROR: total capital production equals zero
ERROR: total capital production equals zero
ERROR: total capital production equals zero
ERROR: total capital production equals zero
ERROR: total capital production equals zero
ERROR: total capital production equals zero
ERROR: total capital production equals zero
ERROR: total capital production equals zero
ERROR: total capital production equals zero
ERROR: total capital production equals zero
ERROR: total capital production equals zero
ERROR: total capital production equals zero
ERROR: total capital production equals zero
ERROR: total capital production equals zero
ERROR: total capital production equals zero
Firm Deleted - Small Market Share
ERROR: total capital production equals zero
Firm Deleted - Small Market Share
ERROR: total capital production equals zero
ERROR: total capital production equals zero
Firm Deleted - Small Market Share
ERROR: total capital production equals zero
ERROR: total capital production equals zero
ERROR: total capital production equals zero
ERROR: total capital production equals zero
ERROR: total capital production equals zero
ERROR: total capital production equals zero
ERROR: total capital production equals zero
ERROR: total capital production equals zero
ERROR: total capital production equals zero
ERROR: total capital production equals zero
ERROR: total capital production equals zero
ERROR: total capital production equals zero
Firm Deleted - Small Market Share
ERROR: total capital production equals zero
ERROR: total capital production equals zero
ERROR: total capital production equals zero
Firm Deleted - Small Market Share
ERROR: total capital production equals zero
ERROR: total capital production equals zero
ERROR: total capital production equals zero
ERROR: total capital production equals zero
ERROR: total capital production equals zero
ERROR: total capital production equals zero
ERROR: total capital production equals zero
ERROR: total capital production equals zero
ERROR: total capital production equals zero
ERROR: total capital production equals zero
ERROR: total capital production equals zero
ERROR: total capital production equals zero
Firm Deleted - Small Market Share
ERROR: total capital production equals zero
ERROR: total capital production equals zero
ERROR: total capital production equals zero
ERROR: total capital production equals zero
ERROR: total capital production equals zero
ERROR: total capital production equals zero
ERROR: total capital production equals zero
ERROR: total capital production equals zero
ERROR: total capital production equals zero
ERROR: total capital production equals zero
ERROR: total capital production equals zero
ERROR: total capital production equals zero
ERROR: total capital production equals zero
Simulation 1 of 20 finished at t = 600 (864.77 sec.)
Saving results in file C:\Lsd\Work\Artigo_Sintese_Esther_4\R\SA\Sim_41_801.res.gz... Done

Simulation 2 of 20 running...
ERROR: total capital production equals zero
ERROR: total capital production equals zero
Firm Deleted - Small Market Share
ERROR: total capital production equals zero
ERROR: total capital production equals zero
Firm Deleted - Small Market Share
ERROR: total capital production equals zero
ERROR: total capital production equals zero
ERROR: total capital production equals zero
Firm Deleted - Small Market Share
ERROR: total capital production equals zero
Firm Deleted - Small Market Share
Firm Deleted - Small Market Share
ERROR: total capital production equals zero
ERROR: total capital production equals zero
Firm Deleted - Small Market Share
Firm Deleted - Small Market Share
ERROR: total capital production equals zero
Firm Deleted - Small Market Share
ERROR: total capital production equals zero
Firm Deleted - Small Market Share
Firm Deleted - Small Market Share
ERROR: total capital production equals zero
ERROR: total capital production equals zero
Firm Deleted - Small Market Share
Firm Deleted - Small Market Share
ERROR: total capital production equals zero
Firm Deleted - Small Market Share
Firm Deleted - Small Market Share
ERROR: total capital production equals zero
ERROR: total capital production equals zero
ERROR: total capital production equals zero
ERROR: total capital production equals zero
ERROR: total capital production equals zero
Firm Deleted - Small Market Share
Firm Deleted - Small Market Share
ERROR: total capital production equals zero
ERROR: total capital production equals zero
ERROR: total capital production equals zero
Firm Deleted - Small Market Share
Firm Deleted - Small Market Share
ERROR: total capital production equals zero
ERROR: total capital production equals zero
ERROR: total capital production equals zero
Firm Deleted - Small Market Share
Firm Deleted - Small Market Share
ERROR: total capital production equals zero
Firm Deleted - Small Market Share
ERROR: total capital production equals zero
Firm Deleted - Small Market Share
ERROR: total capital production equals zero
ERROR: total capital production equals zero
Firm Deleted - Small Market Share
ERROR: total capital production equals zero
Firm Deleted - Small Market Share
ERROR: total capital production equals zero
ERROR: total capital production equals zero
ERROR: total capital production equals zero
ERROR: total capital production equals zero
ERROR: total capital production equals zero
ERROR: total capital production equals zero
ERROR: total capital production equals zero
ERROR: total capital production equals zero
ERROR: total capital production equals zero
ERROR: total capital production equals zero
ERROR: total capital production equals zero
ERROR: total capital production equals zero
ERROR: total capital production equals zero
ERROR: total capital production equals zero
ERROR: total capital production equals zero
ERROR: total capital production equals zero
Firm Deleted - Small Market Share
Firm Deleted - Small Market Share
ERROR: total capital production equals zero
ERROR: total capital production equals zero
ERROR: total capital production equals zero
ERROR: total capital production equals zero
ERROR: total capital production equals zero
ERROR: total capital production equals zero
ERROR: total capital production equals zero
ERROR: total capital production equals zero
ERROR: total capital production equals zero
ERROR: total capital production equals zero
ERROR: total capital production equals zero
ERROR: total capital production equals zero
ERROR: total capital production equals zero
ERROR: total capital production equals zero
ERROR: total capital production equals zero
ERROR: total capital production equals zero
ERROR: total capital production equals zero
ERROR: total capital production equals zero
ERROR: total capital production equals zero
ERROR: total capital production equals zero
ERROR: total capital production equals zero
ERROR: total capital production equals zero
ERROR: total capital production equals zero
ERROR: total capital production equals zero
ERROR: total capital production equals zero
ERROR: total capital production equals zero
ERROR: total capital production equals zero
ERROR: total capital production equals zero
ERROR: total capital production equals zero
ERROR: total capital production equals zero
ERROR: total capital production equals zero
ERROR: total capital production equals zero
ERROR: total capital production equals zero
ERROR: total capital production equals zero
ERROR: total capital production equals zero
ERROR: total capital production equals zero
ERROR: total capital production equals zero
ERROR: total capital production equals zero
ERROR: total capital production equals zero
ERROR: total capital production equals zero
ERROR: total capital production equals zero
ERROR: total capital production equals zero
ERROR: total capital production equals zero
ERROR: total capital production equals zero
ERROR: total capital production equals zero
ERROR: total capital production equals zero
ERROR: total capital production equals zero
ERROR: total capital production equals zero
ERROR: total capital production equals zero
ERROR: total capital production equals zero
ERROR: total capital production equals zero
ERROR: total capital production equals zero
ERROR: total capital production equals zero
ERROR: total capital production equals zero
ERROR: total capital production equals zero
ERROR: total capital production equals zero
ERROR: total capital production equals zero
Firm Deleted - Small Market Share
ERROR: total capital production equals zero
ERROR: total capital production equals zero
ERROR: total capital production equals zero
ERROR: total capital production equals zero
ERROR: total capital production equals zero
ERROR: total capital production equals zero
ERROR: total capital production equals zero
ERROR: total capital production equals zero
ERROR: total capital production equals zero
ERROR: total capital production equals zero
ERROR: total capital production equals zero
ERROR: total capital production equals zero
ERROR: total capital production equals zero
ERROR: total capital production equals zero
ERROR: total capital production equals zero
ERROR: total capital production equals zero
ERROR: total capital production equals zero
ERROR: total capital production equals zero
ERROR: total capital production equals zero
ERROR: total capital production equals zero
ERROR: total capital production equals zero
ERROR: total capital production equals zero
ERROR: total capital production equals zero
ERROR: total capital production equals zero
ERROR: total capital production equals zero
ERROR: total capital production equals zero
ERROR: total capital production equals zero
ERROR: total capital production equals zero
ERROR: total capital production equals zero
ERROR: total capital production equals zero
Firm Deleted - Small Market Share
ERROR: total capital production equals zero
ERROR: total capital production equals zero
ERROR: total capital production equals zero
ERROR: total capital production equals zero
ERROR: total capital production equals zero
Firm Deleted - Small Market Share
ERROR: total capital production equals zero
Firm Deleted - Small Market Share
ERROR: total capital production equals zero
ERROR: total capital production equals zero
ERROR: total capital production equals zero
ERROR: total capital production equals zero
ERROR: total capital production equals zero
ERROR: total capital production equals zero
ERROR: total capital production equals zero
ERROR: total capital production equals zero
ERROR: total capital production equals zero
ERROR: total capital production equals zero
ERROR: total capital production equals zero
ERROR: total capital production equals zero
ERROR: total capital production equals zero
ERROR: total capital production equals zero
ERROR: total capital production equals zero
ERROR: total capital production equals zero
ERROR: total capital production equals zero
ERROR: total capital production equals zero
ERROR: total capital production equals zero
FATAL ERROR: System Signal received: SIGSEGV (Segmentation violation)
