
Processing configuration file C:\Lsd\Work\Artigo_Sintese_Esther_4\R\SA\Sim_34.lsd ...

Simulation 1 of 20 running...
Firm Deleted - Small Market Share
Firm Deleted - Small Market Share
Firm Deleted - Small Market Share
Firm Deleted - Small Market Share
Firm Deleted - Small Market Share
Firm Deleted - Small Market Share
ERROR: total capital production equals zero
Firm Deleted - Small Market Share
ERROR: total capital production equals zero
ERROR: total capital production equals zero
ERROR: total capital production equals zero
ERROR: total capital production equals zero
ERROR: total capital production equals zero
ERROR: total capital production equals zero
ERROR: total capital production equals zero
Firm Deleted - Small Market Share
ERROR: total capital production equals zero
ERROR: total capital production equals zero
Firm Deleted - Small Market Share
Firm Deleted - Small Market Share
ERROR: total capital production equals zero
ERROR: total capital production equals zero
ERROR: total capital production equals zero
ERROR: total capital production equals zero
Firm Deleted - Small Market Share
ERROR: total capital production equals zero
ERROR: total capital production equals zero
ERROR: total capital production equals zero
ERROR: total capital production equals zero
Firm Deleted - Small Market Share
ERROR: total capital production equals zero
ERROR: total capital production equals zero
ERROR: total capital production equals zero
Firm Deleted - Small Market Share
ERROR: total capital production equals zero
ERROR: total capital production equals zero
ERROR: total capital production equals zero
ERROR: total capital production equals zero
ERROR: total capital production equals zero
ERROR: total capital production equals zero
Firm Deleted - Small Market Share
Firm Deleted - Small Market Share
ERROR: total capital production equals zero
ERROR: total capital production equals zero
ERROR: total capital production equals zero
ERROR: total capital production equals zero
Firm Deleted - Small Market Share
ERROR: total capital production equals zero
ERROR: total capital production equals zero
Firm Deleted - Small Market Share
ERROR: total capital production equals zero
ERROR: total capital production equals zero
ERROR: total capital production equals zero
ERROR: total capital production equals zero
ERROR: total capital production equals zero
ERROR: total capital production equals zero
ERROR: total capital production equals zero
Firm Deleted - Small Market Share
Firm Deleted - Small Market Share
Firm Deleted - Small Market Share
ERROR: total capital production equals zero
ERROR: total capital production equals zero
ERROR: total capital production equals zero
ERROR: total capital production equals zero
ERROR: total capital production equals zero
ERROR: total capital production equals zero
ERROR: total capital production equals zero
ERROR: total capital production equals zero
ERROR: total capital production equals zero
ERROR: total capital production equals zero
ERROR: total capital production equals zero
ERROR: total capital production equals zero
Firm Deleted - Small Market Share
Simulation 1 of 20 finished at t = 600 (231.16 sec.)
Saving results in file C:\Lsd\Work\Artigo_Sintese_Esther_4\R\SA\Sim_34_661.res.gz... Done

Simulation 2 of 20 running...
Firm Deleted - Small Market Share
Firm Deleted - Small Market Share
Firm Deleted - Small Market Share
Firm Deleted - Small Market Share
Firm Deleted - Small Market Share
Firm Deleted - Small Market Share
ERROR: total capital production equals zero
ERROR: total capital production equals zero
ERROR: total capital production equals zero
Firm Deleted - Small Market Share
Firm Deleted - Small Market Share
ERROR: total capital production equals zero
ERROR: total capital production equals zero
Firm Deleted - Small Market Share
ERROR: total capital production equals zero
ERROR: total capital production equals zero
Firm Deleted - Small Market Share
ERROR: total capital production equals zero
ERROR: total capital production equals zero
Firm Deleted - Small Market Share
ERROR: total capital production equals zero
ERROR: total capital production equals zero
ERROR: total capital production equals zero
ERROR: total capital production equals zero
ERROR: total capital production equals zero
ERROR: total capital production equals zero
ERROR: total capital production equals zero
ERROR: total capital production equals zero
Firm Deleted - Small Market Share
ERROR: total capital production equals zero
ERROR: total capital production equals zero
Firm Deleted - Small Market Share
ERROR: total capital production equals zero
ERROR: total capital production equals zero
Firm Deleted - Small Market Share
Firm Deleted - Small Market Share
Firm Deleted - High Debt
Firm Deleted - Small Market Share
Firm Created
Added B_K
Simulation 2 of 20 finished at t = 600 (240.03 sec.)
Saving results in file C:\Lsd\Work\Artigo_Sintese_Esther_4\R\SA\Sim_34_662.res.gz... Done

Simulation 3 of 20 running...
Firm Deleted - Small Market Share
Firm Deleted - Small Market Share
Firm Deleted - Small Market Share
ERROR: total capital production equals zero
ERROR: total capital production equals zero
Firm Deleted - Small Market Share
Firm Deleted - Small Market Share
ERROR: total capital production equals zero
Firm Deleted - Small Market Share
ERROR: total capital production equals zero
Firm Deleted - Small Market Share
Firm Deleted - Small Market Share
Firm Deleted - Small Market Share
ERROR: total capital production equals zero
Firm Deleted - Small Market Share
ERROR: total capital production equals zero
ERROR: total capital production equals zero
ERROR: total capital production equals zero
ERROR: total capital production equals zero
ERROR: total capital production equals zero
ERROR: total capital production equals zero
ERROR: total capital production equals zero
ERROR: total capital production equals zero
ERROR: total capital production equals zero
ERROR: total capital production equals zero
ERROR: total capital production equals zero
ERROR: total capital production equals zero
Firm Deleted - Small Market Share
Firm Deleted - Small Market Share
Simulation 3 of 20 finished at t = 600 (155.70 sec.)
Saving results in file C:\Lsd\Work\Artigo_Sintese_Esther_4\R\SA\Sim_34_663.res.gz... Done

Simulation 4 of 20 running...
Firm Deleted - Small Market Share
Firm Deleted - Small Market Share
Firm Deleted - Small Market Share
Firm Deleted - Small Market Share
Firm Deleted - Small Market Share
Firm Deleted - Small Market Share
Firm Deleted - Small Market Share
ERROR: total capital production equals zero
ERROR: total capital production equals zero
Firm Deleted - Small Market Share
ERROR: total capital production equals zero
ERROR: total capital production equals zero
ERROR: total capital production equals zero
ERROR: total capital production equals zero
ERROR: total capital production equals zero
ERROR: total capital production equals zero
ERROR: total capital production equals zero
Firm Deleted - Small Market Share
Firm Deleted - Small Market Share
ERROR: total capital production equals zero
ERROR: total capital production equals zero
ERROR: total capital production equals zero
Firm Deleted - Small Market Share
ERROR: total capital production equals zero
ERROR: total capital production equals zero
ERROR: total capital production equals zero
ERROR: total capital production equals zero
Firm Deleted - Small Market Share
ERROR: total capital production equals zero
Firm Deleted - Small Market Share
Firm Deleted - Small Market Share
Firm Deleted - Small Market Share
Firm Deleted - Small Market Share
Firm Deleted - Small Market Share
Firm Deleted - Small Market Share
Firm Deleted - Small Market Share
Simulation 4 of 20 finished at t = 600 (141.78 sec.)
Saving results in file C:\Lsd\Work\Artigo_Sintese_Esther_4\R\SA\Sim_34_664.res.gz... Done

Simulation 5 of 20 running...
Firm Deleted - Small Market Share
ERROR: total capital production equals zero
ERROR: total capital production equals zero
Firm Deleted - Small Market Share
Firm Deleted - Small Market Share
Firm Deleted - Small Market Share
Firm Deleted - Small Market Share
Firm Deleted - Small Market Share
ERROR: total capital production equals zero
Firm Deleted - Small Market Share
Firm Deleted - Small Market Share
ERROR: total capital production equals zero
ERROR: total capital production equals zero
Firm Deleted - Small Market Share
ERROR: total capital production equals zero
ERROR: total capital production equals zero
ERROR: total capital production equals zero
ERROR: total capital production equals zero
ERROR: total capital production equals zero
ERROR: total capital production equals zero
ERROR: total capital production equals zero
ERROR: total capital production equals zero
ERROR: total capital production equals zero
ERROR: total capital production equals zero
Firm Deleted - Small Market Share
ERROR: total capital production equals zero
ERROR: total capital production equals zero
Firm Deleted - Small Market Share
ERROR: total capital production equals zero
ERROR: total capital production equals zero
ERROR: total capital production equals zero
ERROR: total capital production equals zero
ERROR: total capital production equals zero
Firm Deleted - Small Market Share
Firm Deleted - Small Market Share
Firm Deleted - Small Market Share
Firm Deleted - Small Market Share
Firm Deleted - Small Market Share
Firm Deleted - Small Market Share
Firm Deleted - Small Market Share
Simulation 5 of 20 finished at t = 600 (219.53 sec.)
Saving results in file C:\Lsd\Work\Artigo_Sintese_Esther_4\R\SA\Sim_34_665.res.gz... Done

Simulation 6 of 20 running...
ERROR: total capital production equals zero
Firm Deleted - Small Market Share
Firm Deleted - Small Market Share
Firm Deleted - Small Market Share
Firm Deleted - Small Market Share
Firm Deleted - Small Market Share
ERROR: total capital production equals zero
ERROR: total capital production equals zero
ERROR: total capital production equals zero
Firm Deleted - Small Market Share
ERROR: total capital production equals zero
ERROR: total capital production equals zero
ERROR: total capital production equals zero
Firm Deleted - Small Market Share
ERROR: total capital production equals zero
ERROR: total capital production equals zero
ERROR: total capital production equals zero
Firm Deleted - Small Market Share
ERROR: total capital production equals zero
Firm Deleted - Small Market Share
ERROR: total capital production equals zero
ERROR: total capital production equals zero
ERROR: total capital production equals zero
ERROR: total capital production equals zero
ERROR: total capital production equals zero
Firm Deleted - Small Market Share
Firm Deleted - Small Market Share
Firm Deleted - Small Market Share
Firm Deleted - Small Market Share
Firm Deleted - Small Market Share
Simulation 6 of 20 finished at t = 600 (225.71 sec.)
Saving results in file C:\Lsd\Work\Artigo_Sintese_Esther_4\R\SA\Sim_34_666.res.gz... Done

Simulation 7 of 20 running...
Firm Deleted - Small Market Share
Firm Deleted - Small Market Share
Firm Deleted - Small Market Share
ERROR: total capital production equals zero
Firm Deleted - Small Market Share
Firm Deleted - Small Market Share
ERROR: total capital production equals zero
ERROR: total capital production equals zero
ERROR: total capital production equals zero
ERROR: total capital production equals zero
ERROR: total capital production equals zero
ERROR: total capital production equals zero
ERROR: total capital production equals zero
ERROR: total capital production equals zero
Firm Deleted - Small Market Share
ERROR: total capital production equals zero
Firm Deleted - Small Market Share
ERROR: total capital production equals zero
ERROR: total capital production equals zero
Firm Deleted - Small Market Share
Firm Deleted - Small Market Share
Firm Deleted - Small Market Share
ERROR: total capital production equals zero
ERROR: total capital production equals zero
ERROR: total capital production equals zero
Firm Deleted - Small Market Share
Firm Deleted - Small Market Share
ERROR: total capital production equals zero
ERROR: total capital production equals zero
ERROR: total capital production equals zero
Firm Deleted - High Debt
Firm Created
Simulation 7 of 20 finished at t = 600 (163.21 sec.)
Saving results in file C:\Lsd\Work\Artigo_Sintese_Esther_4\R\SA\Sim_34_667.res.gz... Done

Simulation 8 of 20 running...
Firm Deleted - Small Market Share
ERROR: total capital production equals zero
Firm Deleted - Small Market Share
ERROR: total capital production equals zero
ERROR: total capital production equals zero
Firm Deleted - Small Market Share
Firm Deleted - Small Market Share
ERROR: total capital production equals zero
ERROR: total capital production equals zero
ERROR: total capital production equals zero
Firm Deleted - Small Market Share
Firm Deleted - Small Market Share
ERROR: total capital production equals zero
ERROR: total capital production equals zero
Firm Deleted - Small Market Share
Firm Deleted - Small Market Share
ERROR: total capital production equals zero
ERROR: total capital production equals zero
Firm Deleted - Small Market Share
Firm Deleted - Small Market Share
ERROR: total capital production equals zero
Firm Deleted - Small Market Share
ERROR: total capital production equals zero
ERROR: total capital production equals zero
ERROR: total capital production equals zero
ERROR: total capital production equals zero
Firm Deleted - Small Market Share
ERROR: total capital production equals zero
ERROR: total capital production equals zero
Firm Deleted - Small Market Share
Firm Deleted - Small Market Share
Firm Deleted - Small Market Share
Firm Deleted - Small Market Share
Firm Deleted - Small Market Share
Firm Deleted - Small Market Share
Simulation 8 of 20 finished at t = 600 (149.66 sec.)
Saving results in file C:\Lsd\Work\Artigo_Sintese_Esther_4\R\SA\Sim_34_668.res.gz... Done

Simulation 9 of 20 running...
Firm Deleted - Small Market Share
ERROR: total capital production equals zero
Firm Deleted - Small Market Share
Firm Deleted - Small Market Share
Firm Deleted - Small Market Share
ERROR: total capital production equals zero
ERROR: total capital production equals zero
Firm Deleted - Small Market Share
ERROR: total capital production equals zero
ERROR: total capital production equals zero
ERROR: total capital production equals zero
ERROR: total capital production equals zero
Firm Deleted - Small Market Share
ERROR: total capital production equals zero
ERROR: total capital production equals zero
Firm Deleted - Small Market Share
ERROR: total capital production equals zero
ERROR: total capital production equals zero
ERROR: total capital production equals zero
ERROR: total capital production equals zero
ERROR: total capital production equals zero
ERROR: total capital production equals zero
Firm Deleted - Small Market Share
ERROR: total capital production equals zero
ERROR: total capital production equals zero
ERROR: total capital production equals zero
ERROR: total capital production equals zero
ERROR: total capital production equals zero
ERROR: total capital production equals zero
ERROR: total capital production equals zero
ERROR: total capital production equals zero
Firm Deleted - Small Market Share
Firm Deleted - Small Market Share
ERROR: total capital production equals zero
ERROR: total capital production equals zero
Firm Deleted - Small Market Share
Firm Deleted - High Debt
Firm Created
Added B_K
Firm Deleted - High Debt
Firm Created
Simulation 9 of 20 finished at t = 600 (226.28 sec.)
Saving results in file C:\Lsd\Work\Artigo_Sintese_Esther_4\R\SA\Sim_34_669.res.gz... Done

Simulation 10 of 20 running...
Firm Deleted - Small Market Share
ERROR: total capital production equals zero
ERROR: total capital production equals zero
Firm Deleted - Small Market Share
ERROR: total capital production equals zero
ERROR: total capital production equals zero
ERROR: total capital production equals zero
ERROR: total capital production equals zero
ERROR: total capital production equals zero
ERROR: total capital production equals zero
ERROR: total capital production equals zero
Firm Deleted - Small Market Share
Firm Deleted - Small Market Share
ERROR: total capital production equals zero
ERROR: total capital production equals zero
ERROR: total capital production equals zero
ERROR: total capital production equals zero
ERROR: total capital production equals zero
ERROR: total capital production equals zero
Firm Deleted - Small Market Share
Firm Deleted - Small Market Share
ERROR: total capital production equals zero
ERROR: total capital production equals zero
ERROR: total capital production equals zero
Firm Deleted - Small Market Share
Firm Deleted - Small Market Share
ERROR: total capital production equals zero
ERROR: total capital production equals zero
Firm Deleted - Small Market Share
ERROR: total capital production equals zero
ERROR: total capital production equals zero
ERROR: total capital production equals zero
ERROR: total capital production equals zero
ERROR: total capital production equals zero
Firm Deleted - Small Market Share
ERROR: total capital production equals zero
ERROR: total capital production equals zero
ERROR: total capital production equals zero
ERROR: total capital production equals zero
Firm Deleted - Small Market Share
Firm Deleted - Small Market Share
Firm Deleted - Small Market Share
Firm Deleted - Small Market Share
Firm Deleted - Small Market Share
Simulation 10 of 20 finished at t = 600 (128.07 sec.)
Saving results in file C:\Lsd\Work\Artigo_Sintese_Esther_4\R\SA\Sim_34_670.res.gz... Done

Simulation 11 of 20 running...
Firm Deleted - Small Market Share
ERROR: total capital production equals zero
Firm Deleted - Small Market Share
Firm Deleted - High Debt
Firm Deleted - Small Market Share
ERROR: total capital production equals zero
ERROR: total capital production equals zero
ERROR: total capital production equals zero
ERROR: total capital production equals zero
ERROR: total capital production equals zero
Firm Deleted - Small Market Share
Firm Deleted - Small Market Share
ERROR: total capital production equals zero
Firm Deleted - Small Market Share
Firm Deleted - Small Market Share
Firm Deleted - Small Market Share
ERROR: total capital production equals zero
ERROR: total capital production equals zero
ERROR: total capital production equals zero
Firm Deleted - Small Market Share
Firm Deleted - Small Market Share
ERROR: total capital production equals zero
ERROR: total capital production equals zero
ERROR: total capital production equals zero
Firm Deleted - Small Market Share
Firm Deleted - Small Market Share
ERROR: total capital production equals zero
ERROR: total capital production equals zero
ERROR: total capital production equals zero
ERROR: total capital production equals zero
ERROR: total capital production equals zero
ERROR: total capital production equals zero
ERROR: total capital production equals zero
ERROR: total capital production equals zero
Firm Deleted - Small Market Share
Firm Created
Added B_K
Firm Deleted - Small Market Share
Firm Deleted - Small Market Share
Firm Deleted - Small Market Share
Simulation 11 of 20 finished at t = 600 (198.03 sec.)
Saving results in file C:\Lsd\Work\Artigo_Sintese_Esther_4\R\SA\Sim_34_671.res.gz... Done

Simulation 12 of 20 running...
Firm Deleted - Small Market Share
ERROR: total capital production equals zero
ERROR: total capital production equals zero
Firm Deleted - Small Market Share
Firm Deleted - Small Market Share
Firm Deleted - Small Market Share
Firm Deleted - Small Market Share
Firm Deleted - Small Market Share
ERROR: total capital production equals zero
ERROR: total capital production equals zero
ERROR: total capital production equals zero
Firm Deleted - Small Market Share
ERROR: total capital production equals zero
ERROR: total capital production equals zero
ERROR: total capital production equals zero
ERROR: total capital production equals zero
ERROR: total capital production equals zero
Firm Deleted - Small Market Share
ERROR: total capital production equals zero
ERROR: total capital production equals zero
ERROR: total capital production equals zero
Firm Deleted - Small Market Share
ERROR: total capital production equals zero
ERROR: total capital production equals zero
ERROR: total capital production equals zero
ERROR: total capital production equals zero
ERROR: total capital production equals zero
ERROR: total capital production equals zero
Firm Deleted - Small Market Share
Firm Deleted - Small Market Share
ERROR: total capital production equals zero
ERROR: total capital production equals zero
ERROR: total capital production equals zero
ERROR: total capital production equals zero
ERROR: total capital production equals zero
Firm Deleted - Small Market Share
ERROR: total capital production equals zero
ERROR: total capital production equals zero
Firm Deleted - Small Market Share
Simulation 12 of 20 finished at t = 600 (198.89 sec.)
Saving results in file C:\Lsd\Work\Artigo_Sintese_Esther_4\R\SA\Sim_34_672.res.gz... Done

Simulation 13 of 20 running...
Firm Deleted - Small Market Share
Firm Deleted - Small Market Share
Firm Deleted - Small Market Share
Firm Deleted - Small Market Share
Firm Deleted - Small Market Share
Firm Deleted - Small Market Share
Firm Deleted - Small Market Share
Firm Deleted - Small Market Share
Firm Deleted - Small Market Share
ERROR: total capital production equals zero
Firm Deleted - Small Market Share
ERROR: total capital production equals zero
ERROR: total capital production equals zero
ERROR: total capital production equals zero
ERROR: total capital production equals zero
Firm Deleted - Small Market Share
Firm Deleted - Small Market Share
ERROR: total capital production equals zero
ERROR: total capital production equals zero
ERROR: total capital production equals zero
ERROR: total capital production equals zero
ERROR: total capital production equals zero
ERROR: total capital production equals zero
ERROR: total capital production equals zero
ERROR: total capital production equals zero
ERROR: total capital production equals zero
ERROR: total capital production equals zero
Firm Deleted - Small Market Share
ERROR: total capital production equals zero
ERROR: total capital production equals zero
Firm Deleted - Small Market Share
Firm Deleted - Small Market Share
Firm Deleted - High Debt
Firm Deleted - High Debt
Simulation 13 of 20 finished at t = 600 (156.19 sec.)
Saving results in file C:\Lsd\Work\Artigo_Sintese_Esther_4\R\SA\Sim_34_673.res.gz... Done

Simulation 14 of 20 running...
Firm Deleted - Small Market Share
ERROR: total capital production equals zero
Firm Deleted - Small Market Share
ERROR: total capital production equals zero
ERROR: total capital production equals zero
ERROR: total capital production equals zero
ERROR: total capital production equals zero
Firm Deleted - Small Market Share
Firm Deleted - Small Market Share
Firm Deleted - Small Market Share
Firm Deleted - Small Market Share
Firm Deleted - Small Market Share
ERROR: total capital production equals zero
ERROR: total capital production equals zero
Firm Deleted - Small Market Share
ERROR: total capital production equals zero
ERROR: total capital production equals zero
ERROR: total capital production equals zero
Firm Deleted - Small Market Share
ERROR: total capital production equals zero
ERROR: total capital production equals zero
ERROR: total capital production equals zero
Firm Deleted - Small Market Share
ERROR: total capital production equals zero
ERROR: total capital production equals zero
Firm Deleted - Small Market Share
ERROR: total capital production equals zero
Firm Deleted - Small Market Share
ERROR: total capital production equals zero
ERROR: total capital production equals zero
ERROR: total capital production equals zero
Firm Deleted - Small Market Share
Firm Deleted - Small Market Share
Firm Deleted - Small Market Share
Firm Deleted - Small Market Share
Simulation 14 of 20 finished at t = 600 (221.53 sec.)
Saving results in file C:\Lsd\Work\Artigo_Sintese_Esther_4\R\SA\Sim_34_674.res.gz... Done

Simulation 15 of 20 running...
Firm Deleted - Small Market Share
Firm Deleted - Small Market Share
Firm Deleted - Small Market Share
Firm Deleted - Small Market Share
ERROR: total capital production equals zero
ERROR: total capital production equals zero
ERROR: total capital production equals zero
ERROR: total capital production equals zero
ERROR: total capital production equals zero
ERROR: total capital production equals zero
ERROR: total capital production equals zero
Firm Deleted - Small Market Share
Firm Deleted - Small Market Share
ERROR: total capital production equals zero
ERROR: total capital production equals zero
Firm Deleted - Small Market Share
ERROR: total capital production equals zero
Firm Deleted - Small Market Share
ERROR: total capital production equals zero
ERROR: total capital production equals zero
ERROR: total capital production equals zero
Firm Deleted - Small Market Share
ERROR: total capital production equals zero
ERROR: total capital production equals zero
ERROR: total capital production equals zero
ERROR: total capital production equals zero
ERROR: total capital production equals zero
ERROR: total capital production equals zero
ERROR: total capital production equals zero
Firm Deleted - Small Market Share
ERROR: total capital production equals zero
ERROR: total capital production equals zero
ERROR: total capital production equals zero
ERROR: total capital production equals zero
Firm Deleted - Small Market Share
Firm Deleted - Small Market Share
Firm Deleted - Small Market Share
Firm Deleted - Small Market Share
Firm Deleted - Small Market Share
Firm Deleted - Small Market Share
Simulation 15 of 20 finished at t = 600 (172.80 sec.)
Saving results in file C:\Lsd\Work\Artigo_Sintese_Esther_4\R\SA\Sim_34_675.res.gz... Done

Simulation 16 of 20 running...
Firm Deleted - Small Market Share
ERROR: total capital production equals zero
Firm Deleted - Small Market Share
Firm Deleted - Small Market Share
ERROR: total capital production equals zero
Firm Deleted - Small Market Share
Firm Deleted - Small Market Share
Firm Deleted - Small Market Share
Firm Deleted - Small Market Share
ERROR: total capital production equals zero
ERROR: total capital production equals zero
Firm Deleted - Small Market Share
ERROR: total capital production equals zero
Firm Deleted - Small Market Share
ERROR: total capital production equals zero
ERROR: total capital production equals zero
ERROR: total capital production equals zero
Firm Deleted - Small Market Share
Firm Deleted - Small Market Share
ERROR: total capital production equals zero
ERROR: total capital production equals zero
ERROR: total capital production equals zero
Firm Deleted - Small Market Share
ERROR: total capital production equals zero
ERROR: total capital production equals zero
ERROR: total capital production equals zero
ERROR: total capital production equals zero
ERROR: total capital production equals zero
Firm Deleted - Small Market Share
ERROR: total capital production equals zero
ERROR: total capital production equals zero
ERROR: total capital production equals zero
ERROR: total capital production equals zero
Firm Deleted - Small Market Share
Simulation 16 of 20 finished at t = 600 (221.30 sec.)
Saving results in file C:\Lsd\Work\Artigo_Sintese_Esther_4\R\SA\Sim_34_676.res.gz... Done

Simulation 17 of 20 running...
Firm Deleted - Small Market Share
Firm Deleted - Small Market Share
ERROR: total capital production equals zero
Firm Deleted - Small Market Share
Firm Deleted - Small Market Share
Firm Deleted - Small Market Share
ERROR: total capital production equals zero
Firm Deleted - Small Market Share
ERROR: total capital production equals zero
ERROR: total capital production equals zero
ERROR: total capital production equals zero
ERROR: total capital production equals zero
ERROR: total capital production equals zero
ERROR: total capital production equals zero
Firm Deleted - Small Market Share
ERROR: total capital production equals zero
ERROR: total capital production equals zero
ERROR: total capital production equals zero
ERROR: total capital production equals zero
ERROR: total capital production equals zero
Firm Deleted - Small Market Share
ERROR: total capital production equals zero
Firm Deleted - Small Market Share
Firm Deleted - Small Market Share
Firm Deleted - Small Market Share
ERROR: total capital production equals zero
ERROR: total capital production equals zero
ERROR: total capital production equals zero
ERROR: total capital production equals zero
ERROR: total capital production equals zero
ERROR: total capital production equals zero
ERROR: total capital production equals zero
Firm Deleted - Small Market Share
Firm Deleted - Small Market Share
Simulation 17 of 20 finished at t = 600 (205.41 sec.)
Saving results in file C:\Lsd\Work\Artigo_Sintese_Esther_4\R\SA\Sim_34_677.res.gz... Done

Simulation 18 of 20 running...
Firm Deleted - Small Market Share
Firm Deleted - Small Market Share
Firm Deleted - Small Market Share
Firm Deleted - Small Market Share
Firm Deleted - Small Market Share
ERROR: total capital production equals zero
ERROR: total capital production equals zero
Firm Deleted - Small Market Share
Firm Deleted - Small Market Share
ERROR: total capital production equals zero
ERROR: total capital production equals zero
ERROR: total capital production equals zero
ERROR: total capital production equals zero
Firm Deleted - Small Market Share
Firm Deleted - Small Market Share
ERROR: total capital production equals zero
Firm Deleted - Small Market Share
ERROR: total capital production equals zero
Firm Deleted - Small Market Share
ERROR: total capital production equals zero
ERROR: total capital production equals zero
ERROR: total capital production equals zero
ERROR: total capital production equals zero
ERROR: total capital production equals zero
ERROR: total capital production equals zero
ERROR: total capital production equals zero
ERROR: total capital production equals zero
Firm Deleted - Small Market Share
ERROR: total capital production equals zero
ERROR: total capital production equals zero
ERROR: total capital production equals zero
Firm Deleted - Small Market Share
Firm Deleted - Small Market Share
Firm Deleted - Small Market Share
Simulation 18 of 20 finished at t = 600 (125.13 sec.)
Saving results in file C:\Lsd\Work\Artigo_Sintese_Esther_4\R\SA\Sim_34_678.res.gz... Done

Simulation 19 of 20 running...
Firm Deleted - Small Market Share
Firm Deleted - Small Market Share
Firm Deleted - Small Market Share
Firm Deleted - Small Market Share
ERROR: total capital production equals zero
ERROR: total capital production equals zero
ERROR: total capital production equals zero
Firm Deleted - Small Market Share
ERROR: total capital production equals zero
ERROR: total capital production equals zero
Firm Deleted - Small Market Share
ERROR: total capital production equals zero
ERROR: total capital production equals zero
Firm Deleted - Small Market Share
Firm Deleted - Small Market Share
ERROR: total capital production equals zero
ERROR: total capital production equals zero
ERROR: total capital production equals zero
Firm Deleted - Small Market Share
Firm Deleted - Small Market Share
ERROR: total capital production equals zero
ERROR: total capital production equals zero
ERROR: total capital production equals zero
ERROR: total capital production equals zero
Firm Deleted - Small Market Share
Firm Deleted - Small Market Share
ERROR: total capital production equals zero
ERROR: total capital production equals zero
ERROR: total capital production equals zero
ERROR: total capital production equals zero
ERROR: total capital production equals zero
ERROR: total capital production equals zero
ERROR: total capital production equals zero
ERROR: total capital production equals zero
ERROR: total capital production equals zero
ERROR: total capital production equals zero
ERROR: total capital production equals zero
Firm Deleted - Small Market Share
Firm Deleted - Small Market Share
Firm Deleted - Small Market Share
Simulation 19 of 20 finished at t = 600 (173.65 sec.)
Saving results in file C:\Lsd\Work\Artigo_Sintese_Esther_4\R\SA\Sim_34_679.res.gz... Done

Simulation 20 of 20 running...
Firm Deleted - Small Market Share
ERROR: total capital production equals zero
Firm Deleted - Small Market Share
ERROR: total capital production equals zero
ERROR: total capital production equals zero
ERROR: total capital production equals zero
ERROR: total capital production equals zero
ERROR: total capital production equals zero
Firm Deleted - Small Market Share
Firm Deleted - Small Market Share
ERROR: total capital production equals zero
Firm Deleted - Small Market Share
Firm Deleted - Small Market Share
ERROR: total capital production equals zero
ERROR: total capital production equals zero
ERROR: total capital production equals zero
Firm Deleted - Small Market Share
ERROR: total capital production equals zero
ERROR: total capital production equals zero
ERROR: total capital production equals zero
Firm Deleted - Small Market Share
ERROR: total capital production equals zero
ERROR: total capital production equals zero
Firm Deleted - Small Market Share
Firm Deleted - Small Market Share
ERROR: total capital production equals zero
ERROR: total capital production equals zero
ERROR: total capital production equals zero
ERROR: total capital production equals zero
ERROR: total capital production equals zero
ERROR: total capital production equals zero
ERROR: total capital production equals zero
Firm Deleted - High Debt
Firm Deleted - High Debt
Firm Created
Firm Created
Simulation 20 of 20 finished at t = 600 (141.72 sec.)
Saving results in file C:\Lsd\Work\Artigo_Sintese_Esther_4\R\SA\Sim_34_680.res.gz... Done

Saving totals in file C:\Lsd\Work\Artigo_Sintese_Esther_4\R\SA\Sim_34_661_680.tot.gz... Done
