
Processing configuration file C:\Lsd\Work\Artigo_Sintese_Esther_4\R\SA\Sim_35.lsd ...

Simulation 1 of 20 running...
Firm Deleted - Small Market Share
Firm Deleted - Small Market Share
Firm Deleted - Small Market Share
Firm Deleted - Small Market Share
Firm Deleted - Small Market Share
Simulation 1 of 20 finished at t = 600 (176.55 sec.)
Saving results in file C:\Lsd\Work\Artigo_Sintese_Esther_4\R\SA\Sim_35_681.res.gz... Done

Simulation 2 of 20 running...
Firm Deleted - Small Market Share
Firm Deleted - Small Market Share
Firm Deleted - Small Market Share
Firm Deleted - Small Market Share
Firm Deleted - High Debt
Firm Deleted - Small Market Share
Firm Deleted - Small Market Share
Firm Created
Added B_K
Simulation 2 of 20 finished at t = 600 (207.11 sec.)
Saving results in file C:\Lsd\Work\Artigo_Sintese_Esther_4\R\SA\Sim_35_682.res.gz... Done

Simulation 3 of 20 running...
Firm Deleted - Small Market Share
Firm Deleted - Small Market Share
ERROR: total capital production equals zero
ERROR: total capital production equals zero
Firm Deleted - Small Market Share
Simulation 3 of 20 finished at t = 600 (197.91 sec.)
Saving results in file C:\Lsd\Work\Artigo_Sintese_Esther_4\R\SA\Sim_35_683.res.gz... Done

Simulation 4 of 20 running...
Firm Deleted - Small Market Share
Firm Deleted - Small Market Share
Firm Deleted - Small Market Share
Firm Deleted - Small Market Share
Firm Deleted - Small Market Share
Firm Deleted - Small Market Share
Firm Deleted - Small Market Share
Simulation 4 of 20 finished at t = 600 (202.11 sec.)
Saving results in file C:\Lsd\Work\Artigo_Sintese_Esther_4\R\SA\Sim_35_684.res.gz... Done

Simulation 5 of 20 running...
Firm Deleted - Small Market Share
Firm Deleted - Small Market Share
Firm Deleted - Small Market Share
ERROR: total capital production equals zero
Firm Deleted - Small Market Share
Firm Deleted - Small Market Share
Firm Deleted - Small Market Share
Simulation 5 of 20 finished at t = 600 (180.25 sec.)
Saving results in file C:\Lsd\Work\Artigo_Sintese_Esther_4\R\SA\Sim_35_685.res.gz... Done

Simulation 6 of 20 running...
Firm Deleted - Small Market Share
Firm Deleted - Small Market Share
Firm Deleted - Small Market Share
Firm Deleted - Small Market Share
Firm Deleted - Small Market Share
Firm Deleted - Small Market Share
Firm Deleted - Small Market Share
Firm Deleted - Small Market Share
Simulation 6 of 20 finished at t = 600 (184.81 sec.)
Saving results in file C:\Lsd\Work\Artigo_Sintese_Esther_4\R\SA\Sim_35_686.res.gz... Done

Simulation 7 of 20 running...
Firm Deleted - Small Market Share
Firm Deleted - Small Market Share
Firm Deleted - Small Market Share
ERROR: total capital production equals zero
Firm Deleted - Small Market Share
ERROR: total capital production equals zero
Firm Deleted - Small Market Share
Simulation 7 of 20 finished at t = 600 (184.27 sec.)
Saving results in file C:\Lsd\Work\Artigo_Sintese_Esther_4\R\SA\Sim_35_687.res.gz... Done

Simulation 8 of 20 running...
Firm Deleted - Small Market Share
Firm Deleted - Small Market Share
Firm Deleted - Small Market Share
Firm Deleted - Small Market Share
Firm Deleted - Small Market Share
Simulation 8 of 20 finished at t = 600 (195.42 sec.)
Saving results in file C:\Lsd\Work\Artigo_Sintese_Esther_4\R\SA\Sim_35_688.res.gz... Done

Simulation 9 of 20 running...
Firm Deleted - Small Market Share
Firm Deleted - Small Market Share
Firm Deleted - Small Market Share
Firm Deleted - High Debt
Firm Created
Firm Deleted - Small Market Share
Simulation 9 of 20 finished at t = 600 (244.04 sec.)
Saving results in file C:\Lsd\Work\Artigo_Sintese_Esther_4\R\SA\Sim_35_689.res.gz... Done

Simulation 10 of 20 running...
Firm Deleted - Small Market Share
Firm Deleted - Small Market Share
Firm Deleted - Small Market Share
Firm Deleted - Small Market Share
ERROR: total capital production equals zero
Firm Deleted - Small Market Share
Simulation 10 of 20 finished at t = 600 (186.80 sec.)
Saving results in file C:\Lsd\Work\Artigo_Sintese_Esther_4\R\SA\Sim_35_690.res.gz... Done

Simulation 11 of 20 running...
Firm Deleted - Small Market Share
Firm Deleted - Small Market Share
Firm Deleted - all capital depreciated physically
Firm Deleted - Small Market Share
Simulation 11 of 20 finished at t = 600 (183.85 sec.)
Saving results in file C:\Lsd\Work\Artigo_Sintese_Esther_4\R\SA\Sim_35_691.res.gz... Done

Simulation 12 of 20 running...
Firm Deleted - Small Market Share
Firm Deleted - Small Market Share
Firm Deleted - Small Market Share
Firm Deleted - Small Market Share
Firm Deleted - Small Market Share
Firm Deleted - High Debt
Firm Created
Added B_K
Firm Deleted - Small Market Share
Firm Deleted - Small Market Share
Simulation 12 of 20 finished at t = 600 (206.10 sec.)
Saving results in file C:\Lsd\Work\Artigo_Sintese_Esther_4\R\SA\Sim_35_692.res.gz... Done

Simulation 13 of 20 running...
Firm Deleted - Small Market Share
Firm Deleted - Small Market Share
Firm Deleted - Small Market Share
ERROR: total capital production equals zero
Firm Deleted - Small Market Share
Firm Deleted - Small Market Share
Firm Deleted - Small Market Share
Firm Deleted - Small Market Share
Simulation 13 of 20 finished at t = 600 (179.76 sec.)
Saving results in file C:\Lsd\Work\Artigo_Sintese_Esther_4\R\SA\Sim_35_693.res.gz... Done

Simulation 14 of 20 running...
Firm Deleted - Small Market Share
Firm Deleted - Small Market Share
Simulation 14 of 20 finished at t = 600 (174.16 sec.)
Saving results in file C:\Lsd\Work\Artigo_Sintese_Esther_4\R\SA\Sim_35_694.res.gz... Done

Simulation 15 of 20 running...
Firm Deleted - Small Market Share
Firm Deleted - Small Market Share
Firm Deleted - Small Market Share
Simulation 15 of 20 finished at t = 600 (71.19 sec.)
Saving results in file C:\Lsd\Work\Artigo_Sintese_Esther_4\R\SA\Sim_35_695.res.gz... Done

Simulation 16 of 20 running...
Firm Deleted - Small Market Share
Firm Deleted - Small Market Share
Firm Deleted - Small Market Share
Firm Deleted - Small Market Share
Firm Deleted - Small Market Share
Firm Deleted - Small Market Share
Simulation 16 of 20 finished at t = 600 (72.47 sec.)
Saving results in file C:\Lsd\Work\Artigo_Sintese_Esther_4\R\SA\Sim_35_696.res.gz... Done

Simulation 17 of 20 running...
Firm Deleted - Small Market Share
Firm Deleted - High Debt
Firm Deleted - Small Market Share
Firm Created
Added B_K
Firm Deleted - Small Market Share
Firm Deleted - Small Market Share
Firm Deleted - Small Market Share
Firm Deleted - Small Market Share
Firm Deleted - Small Market Share
Simulation 17 of 20 finished at t = 600 (97.52 sec.)
Saving results in file C:\Lsd\Work\Artigo_Sintese_Esther_4\R\SA\Sim_35_697.res.gz... Done

Simulation 18 of 20 running...
Firm Deleted - Small Market Share
Firm Deleted - Small Market Share
Firm Deleted - Small Market Share
Firm Deleted - Small Market Share
Firm Deleted - Small Market Share
Firm Deleted - Small Market Share
Simulation 18 of 20 finished at t = 600 (74.10 sec.)
Saving results in file C:\Lsd\Work\Artigo_Sintese_Esther_4\R\SA\Sim_35_698.res.gz... Done

Simulation 19 of 20 running...
Firm Deleted - Small Market Share
Firm Deleted - Small Market Share
Firm Deleted - Small Market Share
Firm Deleted - Small Market Share
Firm Deleted - Small Market Share
Firm Deleted - Small Market Share
Firm Deleted - Small Market Share
Firm Deleted - Small Market Share
Firm Deleted - Small Market Share
Firm Deleted - Small Market Share
Firm Deleted - Small Market Share
Firm Deleted - Small Market Share
Simulation 19 of 20 finished at t = 600 (68.73 sec.)
Saving results in file C:\Lsd\Work\Artigo_Sintese_Esther_4\R\SA\Sim_35_699.res.gz... Done

Simulation 20 of 20 running...
Firm Deleted - Small Market Share
Firm Deleted - Small Market Share
Firm Deleted - Small Market Share
Firm Deleted - Small Market Share
Firm Deleted - Small Market Share
Simulation 20 of 20 finished at t = 600 (82.71 sec.)
Saving results in file C:\Lsd\Work\Artigo_Sintese_Esther_4\R\SA\Sim_35_700.res.gz... Done

Saving totals in file C:\Lsd\Work\Artigo_Sintese_Esther_4\R\SA\Sim_35_681_700.tot.gz... Done

Processing configuration file C:\Lsd\Work\Artigo_Sintese_Esther_4\R\SA\Sim_36.lsd ...

Simulation 1 of 20 running...
Firm Deleted - Small Market Share
Firm Deleted - Small Market Share
Firm Deleted - Small Market Share
Simulation 1 of 20 finished at t = 600 (79.36 sec.)
Saving results in file C:\Lsd\Work\Artigo_Sintese_Esther_4\R\SA\Sim_36_701.res.gz... Done

Simulation 2 of 20 running...
Firm Deleted - Small Market Share
Firm Deleted - Small Market Share
Firm Deleted - High Debt
Firm Deleted - Small Market Share
Firm Deleted - Small Market Share
Firm Deleted - Small Market Share
Firm Deleted - Small Market Share
Firm Deleted - Small Market Share
Firm Created
Added B_K
Firm Deleted - Small Market Share
Firm Deleted - Small Market Share
Firm Deleted - High Debt
Firm Deleted - High Debt
Firm Created
Firm Created
Added B_K
Firm Deleted - all capital depreciated physically
Firm Deleted - High Debt
Firm Created
Firm Deleted - Small Market Share
Firm Deleted - Small Market Share
Firm Deleted - Small Market Share
Simulation 2 of 20 finished at t = 600 (82.54 sec.)
Saving results in file C:\Lsd\Work\Artigo_Sintese_Esther_4\R\SA\Sim_36_702.res.gz... Done

Simulation 3 of 20 running...
Firm Deleted - Small Market Share
Firm Deleted - High Debt
Firm Created
Added B_K
Firm Deleted - High Debt
Firm Deleted - Small Market Share
Firm Created
Added B_K
Firm Deleted - Small Market Share
Firm Deleted - Small Market Share
Firm Deleted - Small Market Share
Firm Deleted - Small Market Share
Firm Deleted - Small Market Share
Simulation 3 of 20 finished at t = 600 (79.21 sec.)
Saving results in file C:\Lsd\Work\Artigo_Sintese_Esther_4\R\SA\Sim_36_703.res.gz... Done

Simulation 4 of 20 running...
Firm Deleted - Small Market Share
Firm Deleted - Small Market Share
Firm Deleted - Small Market Share
Firm Deleted - Small Market Share
Firm Deleted - Small Market Share
Firm Deleted - Small Market Share
Firm Deleted - Small Market Share
Firm Deleted - Small Market Share
Firm Deleted - Small Market Share
Firm Deleted - Small Market Share
Firm Deleted - Small Market Share
Firm Deleted - Small Market Share
Firm Deleted - Small Market Share
ERROR: total capital production equals zero
ERROR: total capital production equals zero
Firm Deleted - Small Market Share
Simulation 4 of 20 finished at t = 600 (66.86 sec.)
Saving results in file C:\Lsd\Work\Artigo_Sintese_Esther_4\R\SA\Sim_36_704.res.gz... Done

Simulation 5 of 20 running...
Firm Deleted - Small Market Share
Firm Deleted - Small Market Share
Firm Deleted - High Debt
Firm Deleted - High Debt
Firm Deleted - Small Market Share
Firm Created
Firm Created
Firm Deleted - Small Market Share
Simulation 5 of 20 finished at t = 600 (72.64 sec.)
Saving results in file C:\Lsd\Work\Artigo_Sintese_Esther_4\R\SA\Sim_36_705.res.gz... Done

Simulation 6 of 20 running...
Firm Deleted - Small Market Share
Firm Deleted - Small Market Share
Firm Deleted - Small Market Share
Firm Deleted - High Debt
Firm Created
Added B_K
Firm Deleted - Small Market Share
Firm Deleted - Small Market Share
Simulation 6 of 20 finished at t = 600 (78.47 sec.)
Saving results in file C:\Lsd\Work\Artigo_Sintese_Esther_4\R\SA\Sim_36_706.res.gz... Done

Simulation 7 of 20 running...
Firm Deleted - Small Market Share
Firm Deleted - Small Market Share
Firm Deleted - Small Market Share
Firm Deleted - Small Market Share
Firm Deleted - Small Market Share
Firm Deleted - Small Market Share
Firm Deleted - Small Market Share
Firm Deleted - Small Market Share
Simulation 7 of 20 finished at t = 600 (74.08 sec.)
Saving results in file C:\Lsd\Work\Artigo_Sintese_Esther_4\R\SA\Sim_36_707.res.gz... Done

Simulation 8 of 20 running...
Firm Deleted - Small Market Share
Firm Deleted - Small Market Share
Firm Deleted - Small Market Share
Firm Deleted - Small Market Share
Firm Deleted - Small Market Share
Firm Deleted - Small Market Share
Firm Deleted - Small Market Share
Firm Deleted - Small Market Share
Firm Deleted - Small Market Share
Firm Deleted - Small Market Share
Firm Deleted - Small Market Share
Simulation 8 of 20 finished at t = 600 (70.26 sec.)
Saving results in file C:\Lsd\Work\Artigo_Sintese_Esther_4\R\SA\Sim_36_708.res.gz... Done

Simulation 9 of 20 running...
Firm Deleted - Small Market Share
Firm Deleted - Small Market Share
Firm Deleted - Small Market Share
Firm Deleted - Small Market Share
Firm Deleted - Small Market Share
Firm Deleted - Small Market Share
Firm Deleted - Small Market Share
Firm Deleted - Small Market Share
Firm Deleted - Small Market Share
Firm Deleted - Small Market Share
Simulation 9 of 20 finished at t = 600 (72.38 sec.)
Saving results in file C:\Lsd\Work\Artigo_Sintese_Esther_4\R\SA\Sim_36_709.res.gz... Done

Simulation 10 of 20 running...
Firm Deleted - Small Market Share
Firm Deleted - Small Market Share
Firm Deleted - Small Market Share
Firm Deleted - Small Market Share
Firm Deleted - all capital depreciated physically
Firm Deleted - Small Market Share
Firm Deleted - Small Market Share
Firm Deleted - Small Market Share
Firm Deleted - Small Market Share
Simulation 10 of 20 finished at t = 600 (73.68 sec.)
Saving results in file C:\Lsd\Work\Artigo_Sintese_Esther_4\R\SA\Sim_36_710.res.gz... Done

Simulation 11 of 20 running...
Firm Deleted - Small Market Share
Firm Deleted - Small Market Share
Firm Deleted - Small Market Share
Firm Deleted - Small Market Share
Firm Deleted - Small Market Share
Firm Deleted - Small Market Share
Simulation 11 of 20 finished at t = 600 (75.01 sec.)
Saving results in file C:\Lsd\Work\Artigo_Sintese_Esther_4\R\SA\Sim_36_711.res.gz... Done

Simulation 12 of 20 running...
Firm Deleted - Small Market Share
Firm Deleted - Small Market Share
Firm Deleted - all capital depreciated physically
Firm Deleted - Small Market Share
Firm Deleted - Small Market Share
Firm Deleted - Small Market Share
Simulation 12 of 20 finished at t = 600 (87.68 sec.)
Saving results in file C:\Lsd\Work\Artigo_Sintese_Esther_4\R\SA\Sim_36_712.res.gz... Done

Simulation 13 of 20 running...
Firm Deleted - Small Market Share
Firm Deleted - Small Market Share
Simulation 13 of 20 finished at t = 600 (79.16 sec.)
Saving results in file C:\Lsd\Work\Artigo_Sintese_Esther_4\R\SA\Sim_36_713.res.gz... Done

Simulation 14 of 20 running...
Firm Deleted - Small Market Share
Firm Deleted - Small Market Share
Firm Deleted - Small Market Share
Firm Deleted - Small Market Share
Firm Deleted - Small Market Share
Simulation 14 of 20 finished at t = 600 (84.77 sec.)
Saving results in file C:\Lsd\Work\Artigo_Sintese_Esther_4\R\SA\Sim_36_714.res.gz... Done

Simulation 15 of 20 running...
Firm Deleted - Small Market Share
Firm Deleted - Small Market Share
Firm Deleted - High Debt
Firm Created
Added B_K
Simulation 15 of 20 finished at t = 600 (77.47 sec.)
Saving results in file C:\Lsd\Work\Artigo_Sintese_Esther_4\R\SA\Sim_36_715.res.gz... Done

Simulation 16 of 20 running...
Firm Deleted - Small Market Share
Firm Deleted - Small Market Share
Firm Deleted - all capital depreciated physically
Firm Deleted - High Debt
Firm Deleted - Small Market Share
Firm Created
Firm Deleted - Small Market Share
Simulation 16 of 20 finished at t = 600 (77.86 sec.)
Saving results in file C:\Lsd\Work\Artigo_Sintese_Esther_4\R\SA\Sim_36_716.res.gz... Done

Simulation 17 of 20 running...
Firm Deleted - Small Market Share
Firm Deleted - Small Market Share
Firm Deleted - Small Market Share
Firm Deleted - Small Market Share
Firm Deleted - Small Market Share
Simulation 17 of 20 finished at t = 600 (74.13 sec.)
Saving results in file C:\Lsd\Work\Artigo_Sintese_Esther_4\R\SA\Sim_36_717.res.gz... Done

Simulation 18 of 20 running...
Firm Deleted - Small Market Share
Firm Deleted - Small Market Share
Firm Deleted - Small Market Share
Firm Deleted - High Debt
Firm Deleted - High Debt
Firm Created
Firm Created
Firm Deleted - Small Market Share
Simulation 18 of 20 finished at t = 600 (93.96 sec.)
Saving results in file C:\Lsd\Work\Artigo_Sintese_Esther_4\R\SA\Sim_36_718.res.gz... Done

Simulation 19 of 20 running...
Firm Deleted - Small Market Share
Firm Deleted - Small Market Share
Firm Deleted - Small Market Share
Firm Deleted - Small Market Share
Firm Deleted - Small Market Share
Firm Deleted - Small Market Share
Firm Deleted - Small Market Share
Simulation 19 of 20 finished at t = 600 (73.19 sec.)
Saving results in file C:\Lsd\Work\Artigo_Sintese_Esther_4\R\SA\Sim_36_719.res.gz... Done

Simulation 20 of 20 running...
Firm Deleted - Small Market Share
Firm Deleted - Small Market Share
Simulation 20 of 20 finished at t = 600 (78.39 sec.)
Saving results in file C:\Lsd\Work\Artigo_Sintese_Esther_4\R\SA\Sim_36_720.res.gz... Done

Saving totals in file C:\Lsd\Work\Artigo_Sintese_Esther_4\R\SA\Sim_36_701_720.tot.gz... Done

Processing configuration file C:\Lsd\Work\Artigo_Sintese_Esther_4\R\SA\Sim_37.lsd ...

Simulation 1 of 20 running...
ERROR: total capital production equals zero
Firm Deleted - Small Market Share
Firm Deleted - Small Market Share
Firm Deleted - Small Market Share
ERROR: total capital production equals zero
Firm Deleted - Small Market Share
ERROR: total capital production equals zero
ERROR: total capital production equals zero
ERROR: total capital production equals zero
ERROR: total capital production equals zero
Firm Deleted - Small Market Share
ERROR: total capital production equals zero
ERROR: total capital production equals zero
Firm Deleted - Small Market Share
ERROR: total capital production equals zero
ERROR: total capital production equals zero
Firm Deleted - Small Market Share
Firm Deleted - Small Market Share
ERROR: total capital production equals zero
Firm Deleted - Small Market Share
Firm Deleted - Small Market Share
Firm Deleted - Small Market Share
Firm Deleted - Small Market Share
Firm Deleted - Small Market Share
ERROR: total capital production equals zero
ERROR: total capital production equals zero
ERROR: total capital production equals zero
ERROR: total capital production equals zero
Firm Deleted - Small Market Share
ERROR: total capital production equals zero
ERROR: total capital production equals zero
Firm Deleted - Small Market Share
Firm Deleted - Small Market Share
ERROR: total capital production equals zero
ERROR: total capital production equals zero
ERROR: total capital production equals zero
ERROR: total capital production equals zero
ERROR: total capital production equals zero
ERROR: total capital production equals zero
ERROR: total capital production equals zero
ERROR: total capital production equals zero
ERROR: total capital production equals zero
ERROR: total capital production equals zero
ERROR: total capital production equals zero
ERROR: total capital production equals zero
ERROR: total capital production equals zero
Firm Deleted - Small Market Share
ERROR: total capital production equals zero
ERROR: total capital production equals zero
ERROR: total capital production equals zero
ERROR: total capital production equals zero
ERROR: total capital production equals zero
ERROR: total capital production equals zero
ERROR: total capital production equals zero
Firm Deleted - Small Market Share
ERROR: total capital production equals zero
Firm Deleted - Small Market Share
ERROR: total capital production equals zero
ERROR: total capital production equals zero
ERROR: total capital production equals zero
ERROR: total capital production equals zero
ERROR: total capital production equals zero
Firm Deleted - Small Market Share
ERROR: total capital production equals zero
ERROR: total capital production equals zero
ERROR: total capital production equals zero
ERROR: total capital production equals zero
ERROR: total capital production equals zero
ERROR: total capital production equals zero
ERROR: total capital production equals zero
ERROR: total capital production equals zero
ERROR: total capital production equals zero
ERROR: total capital production equals zero
ERROR: total capital production equals zero
ERROR: total capital production equals zero
ERROR: total capital production equals zero
ERROR: total capital production equals zero
ERROR: total capital production equals zero
ERROR: total capital production equals zero
ERROR: total capital production equals zero
ERROR: total capital production equals zero
Firm Deleted - Small Market Share
ERROR: total capital production equals zero
ERROR: total capital production equals zero
ERROR: total capital production equals zero
ERROR: total capital production equals zero
ERROR: total capital production equals zero
ERROR: total capital production equals zero
ERROR: total capital production equals zero
ERROR: total capital production equals zero
ERROR: total capital production equals zero
ERROR: total capital production equals zero
ERROR: total capital production equals zero
ERROR: total capital production equals zero
ERROR: total capital production equals zero
ERROR: total capital production equals zero
ERROR: total capital production equals zero
ERROR: total capital production equals zero
ERROR: total capital production equals zero
ERROR: total capital production equals zero
ERROR: total capital production equals zero
ERROR: total capital production equals zero
ERROR: total capital production equals zero
ERROR: total capital production equals zero
ERROR: total capital production equals zero
ERROR: total capital production equals zero
ERROR: total capital production equals zero
ERROR: total capital production equals zero
ERROR: total capital production equals zero
ERROR: total capital production equals zero
ERROR: total capital production equals zero
ERROR: total capital production equals zero
ERROR: total capital production equals zero
ERROR: total capital production equals zero
ERROR: total capital production equals zero
ERROR: total capital production equals zero
ERROR: total capital production equals zero
ERROR: total capital production equals zero
ERROR: total capital production equals zero
ERROR: total capital production equals zero
ERROR: total capital production equals zero
ERROR: total capital production equals zero
ERROR: total capital production equals zero
ERROR: total capital production equals zero
ERROR: total capital production equals zero
ERROR: total capital production equals zero
ERROR: total capital production equals zero
ERROR: total capital production equals zero
ERROR: total capital production equals zero
ERROR: total capital production equals zero
ERROR: total capital production equals zero
ERROR: total capital production equals zero
ERROR: total capital production equals zero
ERROR: total capital production equals zero
ERROR: total capital production equals zero
ERROR: total capital production equals zero
ERROR: total capital production equals zero
ERROR: total capital production equals zero
ERROR: total capital production equals zero
ERROR: total capital production equals zero
ERROR: total capital production equals zero
ERROR: total capital production equals zero
ERROR: total capital production equals zero
ERROR: total capital production equals zero
ERROR: total capital production equals zero
ERROR: total capital production equals zero
ERROR: total capital production equals zero
ERROR: total capital production equals zero
ERROR: total capital production equals zero
ERROR: total capital production equals zero
ERROR: total capital production equals zero
ERROR: total capital production equals zero
ERROR: total capital production equals zero
ERROR: total capital production equals zero
ERROR: total capital production equals zero
ERROR: total capital production equals zero
ERROR: total capital production equals zero
ERROR: total capital production equals zero
ERROR: total capital production equals zero
ERROR: total capital production equals zero
ERROR: total capital production equals zero
ERROR: total capital production equals zero
ERROR: total capital production equals zero
ERROR: total capital production equals zero
ERROR: total capital production equals zero
ERROR: total capital production equals zero
ERROR: total capital production equals zero
ERROR: total capital production equals zero
ERROR: total capital production equals zero
ERROR: total capital production equals zero
ERROR: total capital production equals zero
ERROR: total capital production equals zero
Firm Deleted - Small Market Share
ERROR: total capital production equals zero
ERROR: total capital production equals zero
ERROR: total capital production equals zero
ERROR: total capital production equals zero
ERROR: total capital production equals zero
ERROR: total capital production equals zero
ERROR: total capital production equals zero
Firm Deleted - Small Market Share
ERROR: total capital production equals zero
ERROR: total capital production equals zero
ERROR: total capital production equals zero
ERROR: total capital production equals zero
ERROR: total capital production equals zero
ERROR: total capital production equals zero
ERROR: total capital production equals zero
ERROR: total capital production equals zero
ERROR: total capital production equals zero
ERROR: total capital production equals zero
ERROR: total capital production equals zero
ERROR: total capital production equals zero
ERROR: total capital production equals zero
ERROR: total capital production equals zero
ERROR: total capital production equals zero
ERROR: total capital production equals zero
ERROR: total capital production equals zero
ERROR: total capital production equals zero
ERROR: total capital production equals zero
ERROR: total capital production equals zero
ERROR: total capital production equals zero
ERROR: total capital production equals zero
Firm Deleted - Small Market Share
ERROR: total capital production equals zero
ERROR: total capital production equals zero
ERROR: total capital production equals zero
ERROR: total capital production equals zero
ERROR: total capital production equals zero
ERROR: total capital production equals zero
ERROR: total capital production equals zero
ERROR: total capital production equals zero
ERROR: total capital production equals zero
ERROR: total capital production equals zero
ERROR: total capital production equals zero
ERROR: total capital production equals zero
ERROR: total capital production equals zero
ERROR: total capital production equals zero
ERROR: total capital production equals zero
ERROR: total capital production equals zero
ERROR: total capital production equals zero
ERROR: total capital production equals zero
ERROR: total capital production equals zero
ERROR: total capital production equals zero
ERROR: total capital production equals zero
ERROR: total capital production equals zero
ERROR: total capital production equals zero
ERROR: total capital production equals zero
ERROR: total capital production equals zero
ERROR: total capital production equals zero
ERROR: total capital production equals zero
ERROR: total capital production equals zero
ERROR: total capital production equals zero
ERROR: total capital production equals zero
ERROR: total capital production equals zero
ERROR: total capital production equals zero
ERROR: total capital production equals zero
ERROR: total capital production equals zero
ERROR: total capital production equals zero
ERROR: total capital production equals zero
ERROR: total capital production equals zero
ERROR: total capital production equals zero
ERROR: total capital production equals zero
ERROR: total capital production equals zero
ERROR: total capital production equals zero
ERROR: total capital production equals zero
ERROR: total capital production equals zero
ERROR: total capital production equals zero
ERROR: total capital production equals zero
ERROR: total capital production equals zero
ERROR: total capital production equals zero
ERROR: total capital production equals zero
ERROR: total capital production equals zero
ERROR: total capital production equals zero
ERROR: total capital production equals zero
ERROR: total capital production equals zero
ERROR: total capital production equals zero
ERROR: total capital production equals zero
ERROR: total capital production equals zero
ERROR: total capital production equals zero
ERROR: total capital production equals zero
ERROR: total capital production equals zero
ERROR: total capital production equals zero
ERROR: total capital production equals zero
ERROR: total capital production equals zero
ERROR: total capital production equals zero
ERROR: total capital production equals zero
ERROR: total capital production equals zero
ERROR: total capital production equals zero
ERROR: total capital production equals zero
ERROR: total capital production equals zero
ERROR: total capital production equals zero
ERROR: total capital production equals zero
ERROR: total capital production equals zero
ERROR: total capital production equals zero
ERROR: total capital production equals zero
ERROR: total capital production equals zero
ERROR: total capital production equals zero
ERROR: total capital production equals zero
ERROR: total capital production equals zero
ERROR: total capital production equals zero
ERROR: total capital production equals zero
ERROR: total capital production equals zero
ERROR: total capital production equals zero
ERROR: total capital production equals zero
ERROR: total capital production equals zero
ERROR: total capital production equals zero
ERROR: total capital production equals zero
ERROR: total capital production equals zero
ERROR: total capital production equals zero
ERROR: total capital production equals zero
ERROR: total capital production equals zero
ERROR: total capital production equals zero
ERROR: total capital production equals zero
ERROR: total capital production equals zero
ERROR: total capital production equals zero
ERROR: total capital production equals zero
ERROR: total capital production equals zero
ERROR: total capital production equals zero
ERROR: total capital production equals zero
ERROR: total capital production equals zero
ERROR: total capital production equals zero
ERROR: total capital production equals zero
ERROR: total capital production equals zero
ERROR: total capital production equals zero
ERROR: total capital production equals zero
ERROR: total capital production equals zero
ERROR: total capital production equals zero
ERROR: total capital production equals zero
ERROR: total capital production equals zero
ERROR: total capital production equals zero
ERROR: total capital production equals zero
ERROR: total capital production equals zero
ERROR: total capital production equals zero
ERROR: total capital production equals zero
ERROR: total capital production equals zero
ERROR: total capital production equals zero
ERROR: total capital production equals zero
ERROR: total capital production equals zero
ERROR: total capital production equals zero
ERROR: total capital production equals zero
ERROR: total capital production equals zero
ERROR: total capital production equals zero
ERROR: total capital production equals zero
ERROR: total capital production equals zero
ERROR: total capital production equals zero
ERROR: total capital production equals zero
ERROR: total capital production equals zero
ERROR: total capital production equals zero
ERROR: total capital production equals zero
ERROR: total capital production equals zero
ERROR: total capital production equals zero
ERROR: total capital production equals zero
ERROR: total capital production equals zero
ERROR: total capital production equals zero
ERROR: total capital production equals zero
ERROR: total capital production equals zero
ERROR: total capital production equals zero
ERROR: total capital production equals zero
ERROR: total capital production equals zero
ERROR: total capital production equals zero
ERROR: total capital production equals zero
ERROR: total capital production equals zero
ERROR: total capital production equals zero
ERROR: total capital production equals zero
ERROR: total capital production equals zero
ERROR: total capital production equals zero
ERROR: total capital production equals zero
ERROR: total capital production equals zero
ERROR: total capital production equals zero
ERROR: total capital production equals zero
ERROR: total capital production equals zero
ERROR: total capital production equals zero
ERROR: total capital production equals zero
ERROR: total capital production equals zero
ERROR: total capital production equals zero
ERROR: total capital production equals zero
ERROR: total capital production equals zero
ERROR: total capital production equals zero
ERROR: total capital production equals zero
ERROR: total capital production equals zero
ERROR: total capital production equals zero
ERROR: total capital production equals zero
ERROR: total capital production equals zero
ERROR: total capital production equals zero
ERROR: total capital production equals zero
ERROR: total capital production equals zero
ERROR: total capital production equals zero
ERROR: total capital production equals zero
ERROR: total capital production equals zero
ERROR: total capital production equals zero
ERROR: total capital production equals zero
ERROR: total capital production equals zero
ERROR: total capital production equals zero
ERROR: total capital production equals zero
ERROR: total capital production equals zero
Firm Deleted - Small Market Share
ERROR: total capital production equals zero
ERROR: total capital production equals zero
ERROR: total capital production equals zero
ERROR: total capital production equals zero
ERROR: total capital production equals zero
ERROR: total capital production equals zero
ERROR: total capital production equals zero
ERROR: total capital production equals zero
ERROR: total capital production equals zero
ERROR: total capital production equals zero
ERROR: total capital production equals zero
ERROR: total capital production equals zero
ERROR: total capital production equals zero
ERROR: total capital production equals zero
ERROR: total capital production equals zero
ERROR: total capital production equals zero
ERROR: total capital production equals zero
ERROR: total capital production equals zero
ERROR: total capital production equals zero
ERROR: total capital production equals zero
ERROR: total capital production equals zero
ERROR: total capital production equals zero
ERROR: total capital production equals zero
ERROR: total capital production equals zero
ERROR: total capital production equals zero
ERROR: total capital production equals zero
ERROR: total capital production equals zero
ERROR: total capital production equals zero
ERROR: total capital production equals zero
ERROR: total capital production equals zero
ERROR: total capital production equals zero
ERROR: total capital production equals zero
ERROR: total capital production equals zero
ERROR: total capital production equals zero
ERROR: total capital production equals zero
ERROR: total capital production equals zero
ERROR: total capital production equals zero
ERROR: total capital production equals zero
ERROR: total capital production equals zero
ERROR: total capital production equals zero
ERROR: total capital production equals zero
ERROR: total capital production equals zero
ERROR: total capital production equals zero
ERROR: total capital production equals zero
ERROR: total capital production equals zero
ERROR: total capital production equals zero
ERROR: total capital production equals zero
ERROR: total capital production equals zero
ERROR: total capital production equals zero
ERROR: total capital production equals zero
ERROR: total capital production equals zero
ERROR: total capital production equals zero
ERROR: total capital production equals zero
ERROR: total capital production equals zero
ERROR: total capital production equals zero
ERROR: total capital production equals zero
ERROR: total capital production equals zero
ERROR: total capital production equals zero
ERROR: total capital production equals zero
ERROR: total capital production equals zero
ERROR: total capital production equals zero
ERROR: total capital production equals zero
ERROR: total capital production equals zero
ERROR: total capital production equals zero
ERROR: total capital production equals zero
ERROR: total capital production equals zero
ERROR: total capital production equals zero
ERROR: total capital production equals zero
ERROR: total capital production equals zero
ERROR: total capital production equals zero
ERROR: total capital production equals zero
ERROR: total capital production equals zero
ERROR: total capital production equals zero
ERROR: total capital production equals zero
ERROR: total capital production equals zero
ERROR: total capital production equals zero
ERROR: total capital production equals zero
ERROR: total capital production equals zero
ERROR: total capital production equals zero
ERROR: total capital production equals zero
ERROR: total capital production equals zero
ERROR: total capital production equals zero
ERROR: total capital production equals zero
ERROR: total capital production equals zero
ERROR: total capital production equals zero
ERROR: total capital production equals zero
ERROR: total capital production equals zero
ERROR: total capital production equals zero
ERROR: total capital production equals zero
ERROR: total capital production equals zero
ERROR: total capital production equals zero
ERROR: total capital production equals zero
ERROR: total capital production equals zero
ERROR: total capital production equals zero
ERROR: total capital production equals zero
ERROR: total capital production equals zero
ERROR: total capital production equals zero
ERROR: total capital production equals zero
ERROR: total capital production equals zero
ERROR: total capital production equals zero
ERROR: total capital production equals zero
ERROR: total capital production equals zero
ERROR: total capital production equals zero
ERROR: total capital production equals zero
ERROR: total capital production equals zero
ERROR: total capital production equals zero
ERROR: total capital production equals zero
ERROR: total capital production equals zero
ERROR: total capital production equals zero
ERROR: total capital production equals zero
ERROR: total capital production equals zero
ERROR: total capital production equals zero
ERROR: total capital production equals zero
ERROR: total capital production equals zero
ERROR: total capital production equals zero
Firm Deleted - Small Market Share
ERROR: total capital production equals zero
ERROR: total capital production equals zero
ERROR: total capital production equals zero
ERROR: total capital production equals zero
ERROR: total capital production equals zero
ERROR: total capital production equals zero
ERROR: total capital production equals zero
ERROR: total capital production equals zero
ERROR: total capital production equals zero
ERROR: total capital production equals zero
ERROR: total capital production equals zero
ERROR: total capital production equals zero
ERROR: total capital production equals zero
ERROR: total capital production equals zero
ERROR: total capital production equals zero
ERROR: total capital production equals zero
ERROR: total capital production equals zero
ERROR: total capital production equals zero
ERROR: total capital production equals zero
ERROR: total capital production equals zero
ERROR: total capital production equals zero
ERROR: total capital production equals zero
ERROR: total capital production equals zero
ERROR: total capital production equals zero
ERROR: total capital production equals zero
ERROR: total capital production equals zero
ERROR: total capital production equals zero
ERROR: total capital production equals zero
ERROR: total capital production equals zero
ERROR: total capital production equals zero
ERROR: total capital production equals zero
ERROR: total capital production equals zero
ERROR: total capital production equals zero
ERROR: total capital production equals zero
Simulation 1 of 20 finished at t = 600 (247.96 sec.)
Saving results in file C:\Lsd\Work\Artigo_Sintese_Esther_4\R\SA\Sim_37_721.res.gz... Done

Simulation 2 of 20 running...
ERROR: total capital production equals zero
ERROR: total capital production equals zero
Firm Deleted - Small Market Share
Firm Deleted - Small Market Share
ERROR: total capital production equals zero
ERROR: total capital production equals zero
ERROR: total capital production equals zero
Firm Deleted - Small Market Share
Firm Deleted - Small Market Share
ERROR: total capital production equals zero
Firm Deleted - Small Market Share
Firm Deleted - Small Market Share
ERROR: total capital production equals zero
Firm Deleted - Small Market Share
ERROR: total capital production equals zero
ERROR: total capital production equals zero
Firm Deleted - Small Market Share
Firm Deleted - Small Market Share
Firm Deleted - Small Market Share
Firm Deleted - Small Market Share
ERROR: total capital production equals zero
ERROR: total capital production equals zero
ERROR: total capital production equals zero
ERROR: total capital production equals zero
Firm Deleted - Small Market Share
ERROR: total capital production equals zero
ERROR: total capital production equals zero
ERROR: total capital production equals zero
ERROR: total capital production equals zero
ERROR: total capital production equals zero
ERROR: total capital production equals zero
Firm Deleted - Small Market Share
Firm Deleted - Small Market Share
ERROR: total capital production equals zero
ERROR: total capital production equals zero
Firm Deleted - Small Market Share
ERROR: total capital production equals zero
Firm Deleted - Small Market Share
Firm Deleted - Small Market Share
Firm Deleted - Small Market Share
Firm Deleted - Small Market Share
ERROR: total capital production equals zero
ERROR: total capital production equals zero
Firm Deleted - Small Market Share
ERROR: total capital production equals zero
ERROR: total capital production equals zero
ERROR: total capital production equals zero
ERROR: total capital production equals zero
ERROR: total capital production equals zero
ERROR: total capital production equals zero
ERROR: total capital production equals zero
ERROR: total capital production equals zero
ERROR: total capital production equals zero
ERROR: total capital production equals zero
ERROR: total capital production equals zero
Firm Deleted - Small Market Share
Firm Deleted - Small Market Share
Firm Deleted - Small Market Share
Firm Deleted - Small Market Share
Firm Deleted - Small Market Share
Firm Deleted - Small Market Share
Firm Deleted - Small Market Share
Firm Deleted - Small Market Share
Firm Deleted - Small Market Share
Firm Deleted - Small Market Share
ERROR: total capital production equals zero
ERROR: total capital production equals zero
ERROR: total capital production equals zero
ERROR: total capital production equals zero
ERROR: total capital production equals zero
ERROR: total capital production equals zero
ERROR: total capital production equals zero
ERROR: total capital production equals zero
ERROR: total capital production equals zero
ERROR: total capital production equals zero
ERROR: total capital production equals zero
ERROR: total capital production equals zero
ERROR: total capital production equals zero
ERROR: total capital production equals zero
ERROR: total capital production equals zero
ERROR: total capital production equals zero
ERROR: total capital production equals zero
ERROR: total capital production equals zero
ERROR: total capital production equals zero
ERROR: total capital production equals zero
ERROR: total capital production equals zero
ERROR: total capital production equals zero
ERROR: total capital production equals zero
ERROR: total capital production equals zero
ERROR: total capital production equals zero
ERROR: total capital production equals zero
ERROR: total capital production equals zero
ERROR: total capital production equals zero
ERROR: total capital production equals zero
ERROR: total capital production equals zero
ERROR: total capital production equals zero
ERROR: total capital production equals zero
ERROR: total capital production equals zero
ERROR: total capital production equals zero
ERROR: total capital production equals zero
ERROR: total capital production equals zero
ERROR: total capital production equals zero
ERROR: total capital production equals zero
Firm Deleted - Small Market Share
ERROR: total capital production equals zero
ERROR: total capital production equals zero
FATAL ERROR: System Signal received: SIGSEGV (Segmentation violation)
