
Processing configuration file C:\Lsd\Work\Artigo_Sintese_Esther_4\R\SA\Sim_39.lsd ...

Simulation 1 of 20 running...
Simulation 1 of 20 finished at t = 600 (231.29 sec.)
Saving results in file C:\Lsd\Work\Artigo_Sintese_Esther_4\R\SA\Sim_39_761.res.gz... Done

Simulation 2 of 20 running...
Simulation 2 of 20 finished at t = 600 (228.44 sec.)
Saving results in file C:\Lsd\Work\Artigo_Sintese_Esther_4\R\SA\Sim_39_762.res.gz... Done

Simulation 3 of 20 running...
Firm Deleted - Small Market Share
Simulation 3 of 20 finished at t = 600 (239.29 sec.)
Saving results in file C:\Lsd\Work\Artigo_Sintese_Esther_4\R\SA\Sim_39_763.res.gz... Done

Simulation 4 of 20 running...
Simulation 4 of 20 finished at t = 600 (206.61 sec.)
Saving results in file C:\Lsd\Work\Artigo_Sintese_Esther_4\R\SA\Sim_39_764.res.gz... Done

Simulation 5 of 20 running...
Simulation 5 of 20 finished at t = 600 (172.81 sec.)
Saving results in file C:\Lsd\Work\Artigo_Sintese_Esther_4\R\SA\Sim_39_765.res.gz... Done

Simulation 6 of 20 running...
Simulation 6 of 20 finished at t = 600 (193.37 sec.)
Saving results in file C:\Lsd\Work\Artigo_Sintese_Esther_4\R\SA\Sim_39_766.res.gz... Done

Simulation 7 of 20 running...
Simulation 7 of 20 finished at t = 600 (188.32 sec.)
Saving results in file C:\Lsd\Work\Artigo_Sintese_Esther_4\R\SA\Sim_39_767.res.gz... Done

Simulation 8 of 20 running...
Firm Deleted - all capital depreciated physically
Firm Deleted - Small Market Share
Simulation 8 of 20 finished at t = 600 (206.94 sec.)
Saving results in file C:\Lsd\Work\Artigo_Sintese_Esther_4\R\SA\Sim_39_768.res.gz... Done

Simulation 9 of 20 running...
Simulation 9 of 20 finished at t = 600 (134.44 sec.)
Saving results in file C:\Lsd\Work\Artigo_Sintese_Esther_4\R\SA\Sim_39_769.res.gz... Done

Simulation 10 of 20 running...
Simulation 10 of 20 finished at t = 600 (184.29 sec.)
Saving results in file C:\Lsd\Work\Artigo_Sintese_Esther_4\R\SA\Sim_39_770.res.gz... Done

Simulation 11 of 20 running...
Simulation 11 of 20 finished at t = 600 (233.61 sec.)
Saving results in file C:\Lsd\Work\Artigo_Sintese_Esther_4\R\SA\Sim_39_771.res.gz... Done

Simulation 12 of 20 running...
Simulation 12 of 20 finished at t = 600 (196.11 sec.)
Saving results in file C:\Lsd\Work\Artigo_Sintese_Esther_4\R\SA\Sim_39_772.res.gz... Done

Simulation 13 of 20 running...
Simulation 13 of 20 finished at t = 600 (263.70 sec.)
Saving results in file C:\Lsd\Work\Artigo_Sintese_Esther_4\R\SA\Sim_39_773.res.gz... Done

Simulation 14 of 20 running...
Simulation 14 of 20 finished at t = 600 (209.28 sec.)
Saving results in file C:\Lsd\Work\Artigo_Sintese_Esther_4\R\SA\Sim_39_774.res.gz... Done

Simulation 15 of 20 running...
Simulation 15 of 20 finished at t = 600 (203.89 sec.)
Saving results in file C:\Lsd\Work\Artigo_Sintese_Esther_4\R\SA\Sim_39_775.res.gz... Done

Simulation 16 of 20 running...
Simulation 16 of 20 finished at t = 600 (230.19 sec.)
Saving results in file C:\Lsd\Work\Artigo_Sintese_Esther_4\R\SA\Sim_39_776.res.gz... Done

Simulation 17 of 20 running...
Simulation 17 of 20 finished at t = 600 (194.15 sec.)
Saving results in file C:\Lsd\Work\Artigo_Sintese_Esther_4\R\SA\Sim_39_777.res.gz... Done

Simulation 18 of 20 running...
Simulation 18 of 20 finished at t = 600 (137.79 sec.)
Saving results in file C:\Lsd\Work\Artigo_Sintese_Esther_4\R\SA\Sim_39_778.res.gz... Done

Simulation 19 of 20 running...
Simulation 19 of 20 finished at t = 600 (116.05 sec.)
Saving results in file C:\Lsd\Work\Artigo_Sintese_Esther_4\R\SA\Sim_39_779.res.gz... Done

Simulation 20 of 20 running...
Simulation 20 of 20 finished at t = 600 (111.26 sec.)
Saving results in file C:\Lsd\Work\Artigo_Sintese_Esther_4\R\SA\Sim_39_780.res.gz... Done

Saving totals in file C:\Lsd\Work\Artigo_Sintese_Esther_4\R\SA\Sim_39_761_780.tot.gz... Done
